[1740937110584] INFO  (ext): SQLTools is starting
[1740937110586] INFO  (ext): initializing language client...
[1740937110587] INFO  (ext): Registering client for languages [{"scheme":"sqltools"},{"language":"sql","scheme":"untitled"},{"language":"sql","scheme":"file"},{"language":"sql","scheme":"sqltools"}]
    ns: "lc"
[1740937110591] INFO  (ext): loading plugins...
[1740937110591] INFO  (ext): registering Formatter Plugin.
    plugin: {
      "name": "Formatter Plugin"
    }
[1740937110592] INFO  (ext): registering Connection Manager Plugin.
    plugin: {
      "name": "Connection Manager Plugin"
    }
[1740937110592] INFO  (ext): registering CodeLens Plugin.
    plugin: {
      "name": "CodeLens Plugin",
      "registeredLanguages": []
    }
[1740937110593] INFO  (ext): registering Dependency Manager Plugin.
    plugin: {
      "name": "Dependency Manager Plugin",
      "installingDrivers": []
    }
[1740937110595] INFO  (ext): Connection explorer changed. Will be updated.
    ns: "conn-man:explorer"
[1740937110596] INFO  (ext): registering History Manager Plugin.
    plugin: {
      "name": "History Manager Plugin"
    }
[1740937110596] INFO  (ext): registering Bookmarks Manager Plugin.
    plugin: {
      "name": "Bookmarks Manager Plugin"
    }
[1740937110598] INFO  (ext): registering Authentication Provider Plugin.
    plugin: {
      "name": "Authentication Provider Plugin",
      "isRegistered": false
    }
[1740937110598] INFO  (ext): registering Object Drop-in Provider (plugin).
    plugin: {
      "type": "plugin",
      "name": "Object Drop-in Provider",
      "isRegistered": false
    }
[1740937110599] INFO  (ext): SQLTools activation completed. 14.461535 ms
[1740937110599] INFO  (ext): Formatter Plugin registered!
[1740937110599] INFO  (ext): CodeLens Plugin registered!
[1740937110599] INFO  (ext): Dependency Manager Plugin registered!
[1740937110599] INFO  (ext): Connection Manager Plugin registered!
[1740937110599] INFO  (ext): History Manager Plugin registered!
[1740937110599] INFO  (ext): Bookmarks Manager Plugin registered!
[1740937110600] INFO  (ext): Authentication Provider Plugin registered!
[1740937110600] INFO  (ext): Object Drop-in Provider (plugin) registered!
[1740937110760] INFO  (ls): SQLTools Server started!
===============================
Using node runtime?: no
ExecPath: /usr/lib/electron32/electron 
===============================
[1740937110768] INFO  (ext): LanguageClient ready
    ns: "lc"
[1740937110765] INFO  (ls): Initialized with node version:v20.18.1
