[2022-10-28T12:18:04.776Z] Log level: Info
[2022-10-28T12:18:04.778Z] [info] Validating found git in: git
[2022-10-28T12:18:04.794Z] [info] Using git 2.38.1 from git
[2022-10-28T12:18:04.810Z] > git rev-parse --show-toplevel [3ms]
[2022-10-28T12:18:04.823Z] > git rev-parse --git-dir --git-common-dir [2ms]
[2022-10-28T12:18:04.833Z] [info] Open repository: /home/matt
[2022-10-28T12:18:05.151Z] > git show --textconv :Scripts/docker-compose.yml [7ms]
[2022-10-28T12:18:05.153Z] > git ls-files --stage -- /home/matt/Scripts/docker-compose.yml [3ms]
[2022-10-28T12:18:05.362Z] > git check-ignore -v -z --stdin [2ms]
[2022-10-28T12:18:05.672Z] > git status -z -uall [827ms]
[2022-10-28T12:18:06.353Z] > git show --textconv :Scripts/Docker/docker-compose.yml [6ms]
[2022-10-28T12:18:06.353Z] > git ls-files --stage -- /home/matt/Scripts/Docker/docker-compose.yml [1ms]
[2022-10-28T12:18:06.608Z] > git check-ignore -v -z --stdin [1ms]
[2022-10-28T12:18:09.236Z] > git symbolic-ref --short HEAD [1ms]
[2022-10-28T12:18:09.247Z] > git for-each-ref --format=%(refname)%00%(upstream:short)%00%(objectname)%00%(upstream:track)%00%(upstream:remotename)%00%(upstream:remoteref) refs/heads/master refs/remotes/master [2ms]
[2022-10-28T12:18:09.265Z] > git remote --verbose [3ms]
[2022-10-28T12:18:09.265Z] > git for-each-ref --sort -committerdate --format %(refname) %(objectname) %(*objectname) [11ms]
[2022-10-28T12:18:10.372Z] > git config --get commit.template [18ms]
[2022-10-28T12:18:11.139Z] > git status -z -uall [756ms]
[2022-10-28T12:18:11.139Z] > git symbolic-ref --short HEAD [1ms]
[2022-10-28T12:18:11.147Z] > git for-each-ref --format=%(refname)%00%(upstream:short)%00%(objectname)%00%(upstream:track)%00%(upstream:remotename)%00%(upstream:remoteref) refs/heads/master refs/remotes/master [1ms]
[2022-10-28T12:18:11.158Z] > git for-each-ref --sort -committerdate --format %(refname) %(objectname) %(*objectname) [6ms]
[2022-10-28T12:18:11.158Z] > git remote --verbose [1ms]
[2022-10-28T12:18:12.369Z] > git config --get commit.template [1084ms]
[2022-10-28T12:18:17.388Z] > git show --textconv :Scripts/docker-compose.yml [13ms]
[2022-10-28T12:18:17.388Z] > git ls-files --stage -- /home/matt/Scripts/docker-compose.yml [1ms]
[2022-10-28T12:18:23.743Z] > git show --textconv :Scripts/Docker/docker-compose.yml [15ms]
[2022-10-28T12:18:23.744Z] > git ls-files --stage -- /home/matt/Scripts/Docker/docker-compose.yml [2ms]
