[1711400368995] INFO  (ext): SQLTools is starting
[1711400368998] INFO  (ext): initializing language client...
[1711400369000] INFO  (ext): Registering client for languages [{"scheme":"sqltools"},{"language":"sql","scheme":"untitled"},{"language":"sql","scheme":"file"},{"language":"sql","scheme":"sqltools"}]
    ns: "lc"
[1711400369006] INFO  (ext): loading plugins...
[1711400369006] INFO  (ext): registering Formatter Plugin.
    plugin: {
      "name": "Formatter Plugin"
    }
[1711400369007] INFO  (ext): registering Connection Manager Plugin.
    plugin: {
      "name": "Connection Manager Plugin"
    }
[1711400369007] INFO  (ext): registering CodeLens Plugin.
    plugin: {
      "name": "CodeLens Plugin",
      "registeredLanguages": []
    }
[1711400369008] INFO  (ext): registering Dependency Manager Plugin.
    plugin: {
      "name": "Dependency Manager Plugin",
      "installingDrivers": []
    }
[1711400369011] INFO  (ext): Connection explorer changed. Will be updated.
    ns: "conn-man:explorer"
[1711400369011] INFO  (ext): registering History Manager Plugin.
    plugin: {
      "name": "History Manager Plugin"
    }
[1711400369011] INFO  (ext): registering Bookmarks Manager Plugin.
    plugin: {
      "name": "Bookmarks Manager Plugin"
    }
[1711400369012] INFO  (ext): registering Authentication Provider Plugin.
    plugin: {
      "name": "Authentication Provider Plugin",
      "isRegistered": false
    }
[1711400369013] INFO  (ext): registering Object Drop-in Provider (plugin).
    plugin: {
      "type": "plugin",
      "name": "Object Drop-in Provider",
      "isRegistered": false
    }
[1711400369014] INFO  (ext): SQLTools activation completed. 18.389974 ms
[1711400369025] INFO  (ext): Formatter Plugin registered!
[1711400369026] INFO  (ext): CodeLens Plugin registered!
[1711400369026] INFO  (ext): Dependency Manager Plugin registered!
[1711400369026] INFO  (ext): Connection Manager Plugin registered!
[1711400369026] INFO  (ext): History Manager Plugin registered!
[1711400369026] INFO  (ext): Bookmarks Manager Plugin registered!
[1711400369026] INFO  (ext): Authentication Provider Plugin registered!
[1711400369026] INFO  (ext): Object Drop-in Provider (plugin) registered!
[1711400369336] INFO  (ls): SQLTools Server started!
===============================
Using node runtime?: no
ExecPath: /usr/lib/electron27/electron 
===============================
[1711400369346] INFO  (ext): LanguageClient ready
    ns: "lc"
[1711400369343] INFO  (ls): Initialized with node version:v18.17.1
[1711400370026] INFO  (ext): EXECUTING COMMAND => sqltools.refreshTree
[1711400370026] INFO  (ext): Connection explorer changed. Will be updated.
    ns: "conn-man:explorer"
[1711400371011] INFO  (ext): Connection explorer changed. Will be updated.
    ns: "conn-man:explorer"
