{"level":30,"time":"2025-09-03T20:52:20.712Z","msg":"[startup_config] Set Windows Application User Model ID (AUMID) {\"AUMID\":\"org.whispersystems.signal-desktop\"}"}
{"level":30,"time":"2025-09-03T20:52:20.732Z","msg":"[user_config] userData: /home/matt/.config/Signal"}
{"level":30,"time":"2025-09-03T20:52:20.733Z","msg":"[base_config] config/get: Successfully read user config file"}
{"level":30,"time":"2025-09-03T20:52:20.829Z","msg":"[base_config] config/get: Successfully read ephemeral config file"}
{"level":30,"time":"2025-09-03T20:52:20.897Z","msg":"[app/main] making app single instance"}
{"level":30,"time":"2025-09-03T20:52:21.254Z","msg":"[app/main] got fast localeOverride setting null"}
{"level":30,"time":"2025-09-03T20:52:21.255Z","msg":"[app/main] app.ready: hour cycle preference: UnknownPreference"}
{"level":30,"time":"2025-09-03T20:52:21.255Z","msg":"[app/main] app.ready: preferred system locales: [\"en-GB\",\"en\"]"}
{"level":30,"time":"2025-09-03T20:52:21.255Z","msg":"[app/main] locale: Supported locales: af-ZA, ar, az-AZ, bg-BG, bn-BD, bs-BA, ca, cs, da, de, el, en, es, et-EE, eu, fa-IR, fi, fr, ga-IE, gl-ES, gu-IN, he, hi-IN, hr-HR, hu, id, it, ja, ka-GE, kk-KZ, km-KH, kn-IN, ko, ky-KG, lt-LT, lv-LV, mk-MK, ml-IN, mr-IN, ms, my, nb, nl, pa-IN, pl, pt-BR, pt-PT, ro-RO, ru, sk-SK, sl-SI, sq-AL, sr, sv, sw, ta-IN, te-IN, th, tl-PH, tr, ug, uk-UA, ur, vi, yue, zh-CN, zh-HK, zh-Hant"}
{"level":30,"time":"2025-09-03T20:52:21.256Z","msg":"[app/main] locale: Preferred locales: en-GB, en"}
{"level":30,"time":"2025-09-03T20:52:21.256Z","msg":"[app/main] locale: Locale Override: null"}
{"level":30,"time":"2025-09-03T20:52:21.258Z","msg":"[app/main] locale: Matched locale: en"}
{"level":40,"time":"2025-09-03T20:52:21.293Z","msg":"[setupI18nMain] intl.onWarn [@formatjs/intl] \"defaultRichTextElements\" was specified but \"message\" was not pre-compiled. \nPlease consider using \"@formatjs/cli\" to pre-compile your messages for performance.\nFor more details see https://formatjs.github.io/docs/getting-started/message-distribution"}
{"level":30,"time":"2025-09-03T20:52:21.293Z","msg":"[app/main] locale: Text info direction for en: ltr"}
{"level":30,"time":"2025-09-03T20:52:21.294Z","msg":"[app/main] getSQLKey: using legacy key"}
{"level":30,"time":"2025-09-03T20:52:21.295Z","msg":"[SystemTraySettingCache] getSystemTraySetting got value DoNotUseSystemTray"}
{"level":30,"time":"2025-09-03T20:52:21.295Z","msg":"[SystemTraySettingCache] getSystemTraySetting returning DoNotUseSystemTray"}
{"level":30,"time":"2025-09-03T20:52:21.296Z","msg":"[app/main] app ready"}
{"level":30,"time":"2025-09-03T20:52:21.296Z","msg":"[app/main] starting version 7.66.0"}
{"level":30,"time":"2025-09-03T20:52:21.297Z","msg":"[app/main] media access status [object Undefined] [object Undefined] [object Undefined]"}
{"level":30,"time":"2025-09-03T20:52:21.298Z","msg":"[app/main] got fast theme-setting value dark"}
{"level":30,"time":"2025-09-03T20:52:21.308Z","msg":"[app/main] got fast spellcheck setting true"}
{"level":30,"time":"2025-09-03T20:52:21.309Z","msg":"[app/main] got fast theme-setting value dark"}
{"level":30,"time":"2025-09-03T20:52:21.309Z","msg":"[app/main] got fast spellcheck setting true"}
{"level":30,"time":"2025-09-03T20:52:21.309Z","msg":"[app/main] visibleOnAnyScreen(window): x=12, y=52, width=2536, height=1376"}
{"level":30,"time":"2025-09-03T20:52:21.310Z","msg":"[app/main] visibleOnAnyScreen(display #33): x=0, y=0, width=2560, height=1440"}
{"level":30,"time":"2025-09-03T20:52:21.310Z","msg":"[app/main] Initializing BrowserWindow config: {\"show\":false,\"width\":2536,\"height\":1376,\"minWidth\":300,\"minHeight\":200,\"autoHideMenuBar\":false,\"titleBarStyle\":\"default\",\"backgroundColor\":\"#121212\",\"webPreferences\":{\"devTools\":false,\"spellcheck\":true,\"enablePreferredSizeMode\":true,\"nodeIntegration\":false,\"nodeIntegrationInWorker\":false,\"sandbox\":false,\"contextIsolation\":true,\"preload\":\"[REDACTED]/preload.wrapper.js\",\"backgroundThrottling\":true},\"icon\":\"[REDACTED]/images/signal-logo-desktop-linux.png\",\"x\":12,\"y\":52}"}
{"level":30,"time":"2025-09-03T20:52:21.389Z","msg":"[spell_check] spellcheck: user locales: [\"en-GB\",\"en\"]"}
{"level":30,"time":"2025-09-03T20:52:21.389Z","msg":"[spell_check] spellcheck: available spellchecker languages: [\"af\",\"bg\",\"ca\",\"cs\",\"cy\",\"da\",\"de\",\"de-DE\",\"el\",\"en\",\"en-AU\",\"en-CA\",\"en-GB\",\"en-GB-oxendict\",\"en-US\",\"es\",\"es-419\",\"es-AR\",\"es-ES\",\"es-MX\",\"es-US\",\"et\",\"fa\",\"fo\",\"fr\",\"fr-FR\",\"he\",\"hi\",\"hr\",\"hu\",\"hy\",\"id\",\"it\",\"it-IT\",\"ko\",\"lt\",\"lv\",\"nb\",\"nl\",\"pl\",\"pt\",\"pt-BR\",\"pt-PT\",\"ro\",\"ru\",\"sh\",\"sk\",\"sl\",\"sq\",\"sr\",\"sv\",\"ta\",\"tg\",\"tr\",\"uk\",\"vi\"]"}
{"level":30,"time":"2025-09-03T20:52:21.390Z","msg":"[spell_check] spellcheck: setting languages to: [\"en-GB\",\"en\"]"}
{"level":30,"time":"2025-09-03T20:52:21.469Z","msg":"[app/main] MainSQL: updateSchema:\n  Current user_version: 1420;\n  Most recent db schema: 1420;\n  SQLite version: 3.49.1;\n  SQLCipher version: 4.7.0 community;\n  (deprecated) schema_version: 556;\n"}
{"level":30,"time":"2025-09-03T20:52:21.898Z","msg":"[app/main] Updating BrowserWindow config: {\"maximized\":false,\"autoHideMenuBar\":false,\"fullscreen\":false,\"width\":2536,\"height\":1376,\"x\":12,\"y\":52}"}
{"level":30,"time":"2025-09-03T20:52:21.899Z","msg":"[base_config] config/set: Saving ephemeral config to disk"}
{"level":30,"time":"2025-09-03T20:52:21.902Z","msg":"[base_config] config/set: Saved ephemeral config to disk"}
{"level":30,"time":"2025-09-03T20:52:21.999Z","msg":"[app/main] got fast theme-setting value dark"}
{"level":30,"time":"2025-09-03T20:52:22.751Z","msg":"[app/main] main window webContents did-finish-load"}
{"level":30,"time":"2025-09-03T20:52:22.752Z","msg":"[app/main] showing main window"}
{"level":30,"time":"2025-09-03T20:52:22.759Z","msg":"[SystemTrayService] System tray service: created"}
{"level":30,"time":"2025-09-03T20:52:22.759Z","msg":"[SystemTrayService] System tray service: updating main window. Previously, there was not a window, and now there is"}
{"level":30,"time":"2025-09-03T20:52:22.759Z","msg":"[SystemTrayService] System tray service: rendering no tray"}
{"level":30,"time":"2025-09-03T20:52:22.759Z","msg":"[app/main] Begin ensuring permissions"}
{"level":30,"time":"2025-09-03T20:52:22.761Z","msg":"[app/main] Ensuring file permissions for 4 files"}
{"level":30,"time":"2025-09-03T20:52:22.762Z","msg":"[app/main] Finish ensuring permissions in 3ms"}
{"level":30,"time":"2025-09-03T20:52:22.946Z","msg":"[PreventDisplaySleepService] Prevent display sleep service: allowing display sleep"}
{"level":30,"time":"2025-09-03T20:52:22.946Z","msg":"[app/main] Background throttling enabled because no call is active"}
{"level":40,"time":"2025-09-03T20:52:22.950Z","msg":"[OptionalResourceService] loaded emoji-index-en.json from disk"}
{"level":30,"time":"2025-09-03T20:52:23.264Z","msg":"[app/main] Updating BrowserWindow config: {\"maximized\":false,\"autoHideMenuBar\":false,\"fullscreen\":false,\"width\":1261,\"height\":681,\"x\":1287,\"y\":747}"}
{"level":30,"time":"2025-09-03T20:52:23.264Z","msg":"[base_config] config/set: Saving ephemeral config to disk"}
{"level":30,"time":"2025-09-03T20:52:23.266Z","msg":"[base_config] config/set: Saved ephemeral config to disk"}
{"level":30,"time":"2025-09-03T20:52:23.368Z","msg":"[app/main] MainSQL: commitDecryptResult: Removed 2 kyberPreKeys"}
{"level":30,"time":"2025-09-03T20:52:23.369Z","msg":"[app/main] MainSQL: commitDecryptResult: Removed 2 preKeys"}
{"level":30,"time":"2025-09-03T20:52:23.416Z","msg":"[app/main] MainSQL: commitDecryptResult: Removed 1 kyberPreKeys"}
{"level":30,"time":"2025-09-03T20:52:23.416Z","msg":"[app/main] MainSQL: commitDecryptResult: Removed 1 preKeys"}
{"level":50,"time":"2025-09-03T20:52:24.635Z","msg":"[app/main] Error starting update checks: Error: ENOENT: no such file or directory, watch '/usr/lib/signal-desktop/.signal-postinst'\n    at FSWatcher.<computed> (node:internal/fs/watchers:247:19)\n    at watch (node:fs:2550:36)\n    at initLinux ([REDACTED]/ts/updater/linux.js:93:28)\n    at Object.start ([REDACTED]/ts/updater/index.js:65:32)\n    at IpcMainImpl.readyForUpdates ([REDACTED]/app/main.js:842:19)\n    at Object.onceWrapper (node:events:633:26)\n    at IpcMainImpl.emit (node:events:518:28)\n    at Session.<anonymous> (node:electron/js2c/browser_init:2:106169)\n    at Session.emit (node:events:518:28)"}
{"level":30,"time":"2025-09-03T20:52:24.636Z","msg":"[app/main] App loaded - time: 3341"}
{"level":30,"time":"2025-09-03T20:52:24.636Z","msg":"[app/main] SQL init - time: 187"}
{"level":30,"time":"2025-09-03T20:52:24.636Z","msg":"[app/main] Preload Compile - time: 178"}
{"level":30,"time":"2025-09-03T20:52:24.636Z","msg":"[app/main] Preload - time: 575"}
{"level":30,"time":"2025-09-03T20:52:24.636Z","msg":"[app/main] WebSocket connect - time: 633"}
{"level":30,"time":"2025-09-03T20:52:24.636Z","msg":"[app/main] Processed count: 73"}
{"level":30,"time":"2025-09-03T20:52:24.636Z","msg":"[app/main] Messages per second: 34.[REDACTED]"}
{"level":30,"time":"2025-09-03T20:52:24.636Z","msg":"[app/main] Top 10 queries by cumulative duration (ms) over last 3156ms during 'App Load': removeSyncTaskById: cumulative 182.97 | average: 3.21 | max: 6.65 | count: 57 ||| saveSyncTasks: cumulative 163.77 | average: 3.81 | max: 6.53 | count: 43 ||| saveMessage: cumulative 143.44 | average: 4.78 | max: 6.73 | count: 30 ||| saveMessages: cumulative 68.59 | average: 7.62 | max: 25.02 | count: 9 ||| createOrUpdateItem: cumulative 53.88 | average: 3.37 | max: 7.16 | count: 16 ||| removeUnprocessed: cumulative 36.98 | average: 4.11 | max: 6.23 | count: 9 ||| getAllKyberPreKeys: cumulative 36.5 | average: 36.5 | max: 36.5 | count: 1 ||| getUnreadByConversationAndMarkRead: cumulative 35.89 | average: 5.98 | max: 12.03 | count: 6 ||| updateConversations: cumulative 26.67 | average: 4.44 | max: 5.38 | count: 6 ||| commitDecryptResult: cumulative 19.65 | average: 3.27 | max: 4.4 | count: 6; Total cumulative duration of all SQL queries during this epoch: 892.14ms"}
{"level":30,"time":"2025-09-03T20:52:28.108Z","msg":"[app/main] MainSQL: slow query getMessagesNeedingUpgrade duration=160ms"}
