[2022-10-28T12:11:57.695Z] Log level: Info
[2022-10-28T12:11:57.698Z] [info] Validating found git in: git
[2022-10-28T12:11:57.724Z] [info] Using git 2.38.1 from git
[2022-10-28T12:15:28.402Z] > git rev-parse --show-toplevel [4ms]
[2022-10-28T12:15:28.496Z] > git rev-parse --git-dir --git-common-dir [84ms]
[2022-10-28T12:15:28.503Z] [info] Open repository: /home/matt
[2022-10-28T12:15:28.825Z] > git show --textconv :Scripts/docker-compose.yml [5ms]
[2022-10-28T12:15:28.826Z] > git ls-files --stage -- /home/matt/Scripts/docker-compose.yml [1ms]
[2022-10-28T12:15:29.077Z] > git check-ignore -v -z --stdin [2ms]
[2022-10-28T12:15:31.408Z] > git status -z -uall [2895ms]
[2022-10-28T12:15:41.891Z] > git symbolic-ref --short HEAD [2ms]
[2022-10-28T12:15:41.902Z] > git for-each-ref --format=%(refname)%00%(upstream:short)%00%(objectname)%00%(upstream:track)%00%(upstream:remotename)%00%(upstream:remoteref) refs/heads/master refs/remotes/master [3ms]
[2022-10-28T12:15:41.918Z] > git remote --verbose [2ms]
[2022-10-28T12:15:41.918Z] > git for-each-ref --sort -committerdate --format %(refname) %(objectname) %(*objectname) [11ms]
[2022-10-28T12:15:42.992Z] > git config --get commit.template [9ms]
[2022-10-28T12:15:43.755Z] > git status -z -uall [754ms]
[2022-10-28T12:15:43.756Z] > git symbolic-ref --short HEAD [2ms]
[2022-10-28T12:15:43.768Z] > git for-each-ref --format=%(refname)%00%(upstream:short)%00%(objectname)%00%(upstream:track)%00%(upstream:remotename)%00%(upstream:remoteref) refs/heads/master refs/remotes/master [2ms]
[2022-10-28T12:15:43.782Z] > git for-each-ref --sort -committerdate --format %(refname) %(objectname) %(*objectname) [7ms]
[2022-10-28T12:15:43.782Z] > git remote --verbose [1ms]
[2022-10-28T12:15:43.912Z] > git config --get commit.template [1ms]
