[2022-10-28 13:18:03.876] [renderer1] [critical] Extension 'ms-python.python CANNOT USE these API proposals 'quickPickSortByLabel, testObserver'. You MUST start in extension development mode or use the --enable-proposed-api command line flag
[2022-10-28 13:18:03.876] [renderer1] [critical] Extension 'ms-toolsai.jupyter CANNOT USE these API proposals 'notebookControllerKind, notebookDeprecated, notebookMessaging, notebookMime, notebookCellExecutionState, portsAttributes, quickPickSortByLabel, notebookKernelSource, interactiveWindow, notebookControllerAffinityHidden'. You MUST start in extension development mode or use the --enable-proposed-api command line flag
[2022-10-28 13:18:03.986] [renderer1] [error] [ms-toolsai.jupyter]: notebook/kernelSource is a proposed menu identifier. It requires 'package.json#enabledApiProposals: ["notebookKernelSource"]' and is only available when running out of dev or with the following command line switch: --enable-proposed-api ms-toolsai.jupyter
[2022-10-28 13:18:14.594] [renderer1] [error] Error while registering log channel file:///home/matt/.config/Code%20-%20OSS/logs/20221028T131801/userDataSync.log Timed out while waiting for file to be created
[2022-10-28 13:18:23.518] [renderer1] [error] Unable to read file '/home/matt/Scripts/docker-compose.yml' (Error: Unable to resolve nonexistent file '/home/matt/Scripts/docker-compose.yml'): Error: Unable to read file '/home/matt/Scripts/docker-compose.yml' (Error: Unable to resolve nonexistent file '/home/matt/Scripts/docker-compose.yml')
    at u.doReadFileStream (vscode-file://vscode-app/usr/lib/code/out/vs/workbench/workbench.desktop.main.js:608:20129)
    at async v.doRead (vscode-file://vscode-app/usr/lib/code/out/vs/workbench/workbench.desktop.main.js:2781:42787)
    at async v.readStream (vscode-file://vscode-app/usr/lib/code/out/vs/workbench/workbench.desktop.main.js:2781:42462)
    at async Rr.resolveFromFile (vscode-file://vscode-app/usr/lib/code/out/vs/workbench/workbench.desktop.main.js:2770:68542)
    at async vscode-file://vscode-app/usr/lib/code/out/vs/workbench/workbench.desktop.main.js:2781:36966
[2022-10-28 13:23:58.853] [renderer1] [info] UNRESPONSIVE extension host: starting to profile NOW
[2022-10-28 13:25:36.764] [renderer1] [info] UNRESPONSIVE extension host: starting to profile NOW
[2022-10-28 13:26:42.766] [renderer1] [info] UNRESPONSIVE extension host: starting to profile NOW
[2022-10-28 13:27:29.762] [renderer1] [info] UNRESPONSIVE extension host: starting to profile NOW
[2022-10-28 13:28:30.077] [renderer1] [info] UNRESPONSIVE extension host: starting to profile NOW
[2022-10-28 13:29:35.143] [renderer1] [info] UNRESPONSIVE extension host: starting to profile NOW
[2022-10-28 13:30:27.759] [renderer1] [info] UNRESPONSIVE extension host: starting to profile NOW
[2022-10-28 13:31:27.774] [renderer1] [info] UNRESPONSIVE extension host: starting to profile NOW
[2022-10-28 13:32:28.761] [renderer1] [info] UNRESPONSIVE extension host: starting to profile NOW
[2022-10-28 13:33:30.326] [renderer1] [info] UNRESPONSIVE extension host: starting to profile NOW
[2022-10-28 13:34:44.763] [renderer1] [info] UNRESPONSIVE extension host: starting to profile NOW
[2022-10-28 13:35:42.727] [renderer1] [info] UNRESPONSIVE extension host: starting to profile NOW
[2022-10-28 13:36:55.562] [renderer1] [info] UNRESPONSIVE extension host: starting to profile NOW
[2022-10-28 13:37:40.600] [renderer1] [info] UNRESPONSIVE extension host: starting to profile NOW
[2022-10-28 13:38:35.656] [renderer1] [info] UNRESPONSIVE extension host: starting to profile NOW
[2022-10-28 13:39:35.690] [renderer1] [info] UNRESPONSIVE extension host: starting to profile NOW
[2022-10-28 13:40:35.778] [renderer1] [info] UNRESPONSIVE extension host: starting to profile NOW
[2022-10-28 13:41:28.781] [renderer1] [info] UNRESPONSIVE extension host: starting to profile NOW
[2022-10-28 13:42:27.764] [renderer1] [info] UNRESPONSIVE extension host: starting to profile NOW
[2022-10-28 13:43:29.758] [renderer1] [info] UNRESPONSIVE extension host: starting to profile NOW
[2022-10-28 13:44:31.722] [renderer1] [info] UNRESPONSIVE extension host: starting to profile NOW
[2022-10-28 13:45:31.756] [renderer1] [info] UNRESPONSIVE extension host: starting to profile NOW
[2022-10-28 13:46:32.721] [renderer1] [info] UNRESPONSIVE extension host: starting to profile NOW
[2022-10-28 13:47:28.747] [renderer1] [info] UNRESPONSIVE extension host: starting to profile NOW
[2022-10-28 13:48:29.759] [renderer1] [info] UNRESPONSIVE extension host: starting to profile NOW
[2022-10-28 13:49:36.263] [renderer1] [info] UNRESPONSIVE extension host: starting to profile NOW
[2022-10-28 13:50:28.716] [renderer1] [info] UNRESPONSIVE extension host: starting to profile NOW
[2022-10-28 13:51:31.375] [renderer1] [info] UNRESPONSIVE extension host: starting to profile NOW
[2022-10-28 13:52:32.761] [renderer1] [info] UNRESPONSIVE extension host: starting to profile NOW
[2022-10-28 13:53:43.716] [renderer1] [info] UNRESPONSIVE extension host: starting to profile NOW
[2022-10-28 13:54:27.776] [renderer1] [info] UNRESPONSIVE extension host: starting to profile NOW
[2022-10-28 13:55:31.763] [renderer1] [info] UNRESPONSIVE extension host: starting to profile NOW
[2022-10-28 13:56:37.766] [renderer1] [info] UNRESPONSIVE extension host: starting to profile NOW
[2022-10-28 13:57:34.770] [renderer1] [info] UNRESPONSIVE extension host: starting to profile NOW
[2022-10-28 13:58:31.714] [renderer1] [info] UNRESPONSIVE extension host: starting to profile NOW
[2022-10-28 13:59:28.763] [renderer1] [info] UNRESPONSIVE extension host: starting to profile NOW
[2022-10-28 14:00:31.900] [renderer1] [info] UNRESPONSIVE extension host: starting to profile NOW
[2022-10-28 14:01:43.759] [renderer1] [info] UNRESPONSIVE extension host: starting to profile NOW
[2022-10-28 14:02:28.749] [renderer1] [info] UNRESPONSIVE extension host: starting to profile NOW
[2022-10-28 14:03:33.720] [renderer1] [info] UNRESPONSIVE extension host: starting to profile NOW
[2022-10-28 14:04:42.134] [renderer1] [info] UNRESPONSIVE extension host: starting to profile NOW
[2022-10-28 14:05:39.769] [renderer1] [info] UNRESPONSIVE extension host: starting to profile NOW
[2022-10-28 14:06:28.781] [renderer1] [info] UNRESPONSIVE extension host: starting to profile NOW
[2022-10-28 14:07:28.730] [renderer1] [info] UNRESPONSIVE extension host: starting to profile NOW
[2022-10-28 14:08:27.722] [renderer1] [info] UNRESPONSIVE extension host: starting to profile NOW
[2022-10-28 14:09:29.768] [renderer1] [info] UNRESPONSIVE extension host: starting to profile NOW
[2022-10-28 14:10:37.766] [renderer1] [info] UNRESPONSIVE extension host: starting to profile NOW
[2022-10-28 14:11:39.755] [renderer1] [info] UNRESPONSIVE extension host: starting to profile NOW
[2022-10-28 14:12:41.762] [renderer1] [info] UNRESPONSIVE extension host: starting to profile NOW
[2022-10-28 14:13:43.740] [renderer1] [info] UNRESPONSIVE extension host: starting to profile NOW
[2022-10-28 14:14:35.722] [renderer1] [info] UNRESPONSIVE extension host: starting to profile NOW
[2022-10-28 14:15:27.770] [renderer1] [info] UNRESPONSIVE extension host: starting to profile NOW
[2022-10-28 14:16:28.725] [renderer1] [info] UNRESPONSIVE extension host: starting to profile NOW
[2022-10-28 14:17:29.769] [renderer1] [info] UNRESPONSIVE extension host: starting to profile NOW
[2022-10-28 14:18:28.723] [renderer1] [info] UNRESPONSIVE extension host: starting to profile NOW
[2022-10-28 14:19:27.737] [renderer1] [info] UNRESPONSIVE extension host: starting to profile NOW
[2022-10-28 14:20:44.753] [renderer1] [info] UNRESPONSIVE extension host: starting to profile NOW
[2022-10-28 14:21:59.733] [renderer1] [info] UNRESPONSIVE extension host: starting to profile NOW
[2022-10-28 14:22:59.766] [renderer1] [info] UNRESPONSIVE extension host: starting to profile NOW
[2022-10-28 14:23:44.768] [renderer1] [info] UNRESPONSIVE extension host: starting to profile NOW
[2022-10-28 14:24:27.755] [renderer1] [info] UNRESPONSIVE extension host: starting to profile NOW
[2022-10-28 14:25:38.761] [renderer1] [info] UNRESPONSIVE extension host: starting to profile NOW
[2022-10-28 14:26:27.725] [renderer1] [info] UNRESPONSIVE extension host: starting to profile NOW
[2022-10-28 14:27:29.747] [renderer1] [info] UNRESPONSIVE extension host: starting to profile NOW
[2022-10-28 14:28:45.765] [renderer1] [info] UNRESPONSIVE extension host: starting to profile NOW
[2022-10-28 14:29:45.767] [renderer1] [info] UNRESPONSIVE extension host: starting to profile NOW
[2022-10-28 14:30:44.764] [renderer1] [info] UNRESPONSIVE extension host: starting to profile NOW
[2022-10-28 14:31:43.722] [renderer1] [info] UNRESPONSIVE extension host: starting to profile NOW
[2022-10-28 14:33:12.677] [renderer1] [error] [File Watcher (universal)] restarting watcher after error: terminated by itself with code undefined, signal: SIGSEGV
[2022-10-28 14:33:14.757] [renderer1] [info] UNRESPONSIVE extension host: starting to profile NOW
[2022-10-28 14:33:28.762] [renderer1] [info] UNRESPONSIVE extension host: starting to profile NOW
[2022-10-28 14:34:29.764] [renderer1] [info] UNRESPONSIVE extension host: starting to profile NOW
[2022-10-28 14:35:27.724] [renderer1] [info] UNRESPONSIVE extension host: starting to profile NOW
[2022-10-28 14:36:30.718] [renderer1] [info] UNRESPONSIVE extension host: starting to profile NOW
[2022-10-28 14:37:35.758] [renderer1] [info] UNRESPONSIVE extension host: starting to profile NOW
[2022-10-28 14:38:37.768] [renderer1] [info] UNRESPONSIVE extension host: starting to profile NOW
[2022-10-28 14:39:39.765] [renderer1] [info] UNRESPONSIVE extension host: starting to profile NOW
[2022-10-28 14:40:28.762] [renderer1] [info] UNRESPONSIVE extension host: starting to profile NOW
[2022-10-28 14:41:43.767] [renderer1] [info] UNRESPONSIVE extension host: starting to profile NOW
[2022-10-28 14:42:46.765] [renderer1] [info] UNRESPONSIVE extension host: starting to profile NOW
[2022-10-28 14:43:28.736] [renderer1] [info] UNRESPONSIVE extension host: starting to profile NOW
[2022-10-28 14:44:30.761] [renderer1] [info] UNRESPONSIVE extension host: starting to profile NOW
[2022-10-28 14:45:28.761] [renderer1] [info] UNRESPONSIVE extension host: starting to profile NOW
[2022-10-28 14:46:45.766] [renderer1] [info] UNRESPONSIVE extension host: starting to profile NOW
[2022-10-28 14:47:45.755] [renderer1] [info] UNRESPONSIVE extension host: starting to profile NOW
[2022-10-28 14:48:57.760] [renderer1] [info] UNRESPONSIVE extension host: starting to profile NOW
[2022-10-28 14:50:00.763] [renderer1] [info] UNRESPONSIVE extension host: starting to profile NOW
[2022-10-28 14:50:42.763] [renderer1] [info] UNRESPONSIVE extension host: starting to profile NOW
[2022-10-28 14:52:00.766] [renderer1] [info] UNRESPONSIVE extension host: starting to profile NOW
[2022-10-28 14:53:08.758] [renderer1] [info] UNRESPONSIVE extension host: starting to profile NOW
[2022-10-28 14:53:30.739] [renderer1] [info] UNRESPONSIVE extension host: starting to profile NOW
[2022-10-28 14:54:30.724] [renderer1] [info] UNRESPONSIVE extension host: starting to profile NOW
[2022-10-28 14:55:30.761] [renderer1] [info] UNRESPONSIVE extension host: starting to profile NOW
[2022-10-28 14:56:45.763] [renderer1] [info] UNRESPONSIVE extension host: starting to profile NOW
[2022-10-28 14:58:01.765] [renderer1] [info] UNRESPONSIVE extension host: starting to profile NOW
[2022-10-28 14:58:57.765] [renderer1] [info] UNRESPONSIVE extension host: starting to profile NOW
[2022-10-28 15:00:00.767] [renderer1] [info] UNRESPONSIVE extension host: starting to profile NOW
[2022-10-28 15:01:16.760] [renderer1] [info] UNRESPONSIVE extension host: starting to profile NOW
[2022-10-28 15:01:46.722] [renderer1] [info] UNRESPONSIVE extension host: starting to profile NOW
[2022-10-28 15:02:28.719] [renderer1] [info] UNRESPONSIVE extension host: starting to profile NOW
[2022-10-28 15:03:00.999] [renderer1] [error] [File Watcher (parcel)] Unexpected error: basic_string::_M_create (EUNKNOWN) (path: /home/matt)
[2022-10-28 15:03:01.000] [renderer1] [error] [File Watcher (universal)] restarting watcher after error: basic_string::_M_create
[2022-10-28 15:03:35.316] [renderer1] [info] UNRESPONSIVE extension host: starting to profile NOW
[2022-10-28 15:04:31.763] [renderer1] [info] UNRESPONSIVE extension host: starting to profile NOW
[2022-10-28 15:05:34.736] [renderer1] [info] UNRESPONSIVE extension host: starting to profile NOW
[2022-10-28 17:49:11.349] [renderer1] [info] UNRESPONSIVE extension host: starting to profile NOW
[2022-10-28 17:49:44.126] [renderer1] [info] UNRESPONSIVE extension host: starting to profile NOW
[2022-10-28 17:50:26.326] [renderer1] [info] UNRESPONSIVE extension host: starting to profile NOW
[2022-10-28 17:51:27.350] [renderer1] [info] UNRESPONSIVE extension host: starting to profile NOW
[2022-10-28 17:52:29.324] [renderer1] [info] UNRESPONSIVE extension host: starting to profile NOW
[2022-10-28 17:53:30.363] [renderer1] [info] UNRESPONSIVE extension host: starting to profile NOW
[2022-10-28 17:54:36.353] [renderer1] [info] UNRESPONSIVE extension host: starting to profile NOW
[2022-10-28 17:55:37.298] [renderer1] [info] UNRESPONSIVE extension host: starting to profile NOW
[2022-10-28 17:56:37.325] [renderer1] [info] UNRESPONSIVE extension host: starting to profile NOW
[2022-10-28 17:57:31.355] [renderer1] [info] UNRESPONSIVE extension host: starting to profile NOW
[2022-10-28 17:59:09.458] [renderer1] [info] UNRESPONSIVE extension host: starting to profile NOW
[2022-10-28 17:59:54.538] [renderer1] [info] UNRESPONSIVE extension host: starting to profile NOW
[2022-10-28 18:00:56.317] [renderer1] [info] UNRESPONSIVE extension host: starting to profile NOW
[2022-10-28 18:01:59.325] [renderer1] [info] UNRESPONSIVE extension host: starting to profile NOW
[2022-10-28 18:02:36.314] [renderer1] [info] UNRESPONSIVE extension host: starting to profile NOW
[2022-10-28 18:03:36.311] [renderer1] [info] UNRESPONSIVE extension host: starting to profile NOW
[2022-10-28 18:04:31.305] [renderer1] [info] UNRESPONSIVE extension host: starting to profile NOW
[2022-10-28 18:05:54.747] [renderer1] [info] UNRESPONSIVE extension host: starting to profile NOW
[2022-10-28 18:07:06.321] [renderer1] [info] UNRESPONSIVE extension host: starting to profile NOW
[2022-10-28 18:07:44.328] [renderer1] [info] UNRESPONSIVE extension host: starting to profile NOW
[2022-10-28 18:08:27.318] [renderer1] [info] UNRESPONSIVE extension host: starting to profile NOW
[2022-10-28 18:09:59.316] [renderer1] [info] UNRESPONSIVE extension host: starting to profile NOW
[2022-10-28 18:10:56.328] [renderer1] [info] UNRESPONSIVE extension host: starting to profile NOW
[2022-10-28 18:11:36.316] [renderer1] [info] UNRESPONSIVE extension host: starting to profile NOW
[2022-10-28 18:12:36.335] [renderer1] [info] UNRESPONSIVE extension host: starting to profile NOW
[2022-10-28 18:13:55.129] [renderer1] [info] UNRESPONSIVE extension host: starting to profile NOW
[2022-10-28 18:14:45.301] [renderer1] [info] UNRESPONSIVE extension host: starting to profile NOW
[2022-10-28 18:15:29.321] [renderer1] [info] UNRESPONSIVE extension host: starting to profile NOW
[2022-10-28 18:17:07.349] [renderer1] [info] UNRESPONSIVE extension host: starting to profile NOW
[2022-10-28 18:17:44.310] [renderer1] [info] UNRESPONSIVE extension host: starting to profile NOW
[2022-10-28 18:19:15.334] [renderer1] [info] UNRESPONSIVE extension host: starting to profile NOW
[2022-10-28 18:19:37.307] [renderer1] [info] UNRESPONSIVE extension host: starting to profile NOW
[2022-10-28 18:20:40.349] [renderer1] [info] UNRESPONSIVE extension host: starting to profile NOW
[2022-10-28 18:21:40.394] [renderer1] [info] UNRESPONSIVE extension host: starting to profile NOW
[2022-10-28 18:22:45.864] [renderer1] [info] UNRESPONSIVE extension host: starting to profile NOW
[2022-10-28 18:23:30.976] [renderer1] [info] UNRESPONSIVE extension host: starting to profile NOW
[2022-10-28 18:24:28.829] [renderer1] [info] UNRESPONSIVE extension host: starting to profile NOW
[2022-10-28 18:25:56.872] [renderer1] [info] UNRESPONSIVE extension host: starting to profile NOW
[2022-10-28 18:27:22.596] [renderer1] [info] UNRESPONSIVE extension host: received responsive event and cancelling profiling session
[2022-10-28 18:27:22.899] [renderer1] [info] UNRESPONSIVE extension host: starting to profile NOW
[2022-10-28 18:27:31.171] [renderer1] [info] UNRESPONSIVE extension host: starting to profile NOW
[2022-10-28 18:28:51.826] [renderer1] [info] UNRESPONSIVE extension host: starting to profile NOW
[2022-10-28 18:29:29.859] [renderer1] [info] UNRESPONSIVE extension host: starting to profile NOW
[2022-10-28 18:30:37.841] [renderer1] [info] UNRESPONSIVE extension host: starting to profile NOW
[2022-10-28 18:31:27.841] [renderer1] [info] UNRESPONSIVE extension host: starting to profile NOW
[2022-10-28 18:32:31.372] [renderer1] [info] UNRESPONSIVE extension host: starting to profile NOW
[2022-10-28 18:33:31.421] [renderer1] [info] UNRESPONSIVE extension host: starting to profile NOW
[2022-10-28 18:34:31.464] [renderer1] [info] UNRESPONSIVE extension host: starting to profile NOW
[2022-10-28 18:35:26.801] [renderer1] [info] UNRESPONSIVE extension host: starting to profile NOW
[2022-10-28 18:36:27.807] [renderer1] [info] UNRESPONSIVE extension host: starting to profile NOW
[2022-10-28 18:37:29.808] [renderer1] [info] UNRESPONSIVE extension host: starting to profile NOW
[2022-10-28 18:38:28.826] [renderer1] [info] UNRESPONSIVE extension host: starting to profile NOW
[2022-10-28 18:39:39.857] [renderer1] [info] UNRESPONSIVE extension host: starting to profile NOW
[2022-10-28 18:40:53.858] [renderer1] [info] UNRESPONSIVE extension host: starting to profile NOW
[2022-10-28 18:41:53.858] [renderer1] [info] UNRESPONSIVE extension host: starting to profile NOW
[2022-10-28 18:42:31.858] [renderer1] [info] UNRESPONSIVE extension host: starting to profile NOW
[2022-10-28 18:44:08.860] [renderer1] [info] UNRESPONSIVE extension host: starting to profile NOW
[2022-10-28 18:44:27.860] [renderer1] [info] UNRESPONSIVE extension host: starting to profile NOW
[2022-10-28 18:45:34.851] [renderer1] [info] UNRESPONSIVE extension host: starting to profile NOW
[2022-10-28 18:46:32.138] [renderer1] [info] UNRESPONSIVE extension host: starting to profile NOW
[2022-10-28 18:47:38.849] [renderer1] [info] UNRESPONSIVE extension host: starting to profile NOW
[2022-10-28 18:48:38.806] [renderer1] [info] UNRESPONSIVE extension host: starting to profile NOW
[2022-10-28 18:49:34.847] [renderer1] [info] UNRESPONSIVE extension host: starting to profile NOW
[2022-10-28 18:50:27.847] [renderer1] [info] UNRESPONSIVE extension host: starting to profile NOW
[2022-10-28 18:51:27.852] [renderer1] [info] UNRESPONSIVE extension host: starting to profile NOW
[2022-10-28 18:52:27.847] [renderer1] [info] UNRESPONSIVE extension host: starting to profile NOW
[2022-10-28 18:53:59.850] [renderer1] [info] UNRESPONSIVE extension host: starting to profile NOW
[2022-10-28 18:54:27.851] [renderer1] [info] UNRESPONSIVE extension host: starting to profile NOW
[2022-10-28 19:58:24.336] [renderer1] [info] UNRESPONSIVE extension host: starting to profile NOW
[2022-10-28 19:59:34.336] [renderer1] [info] UNRESPONSIVE extension host: starting to profile NOW
[2022-10-28 20:00:05.342] [renderer1] [info] UNRESPONSIVE extension host: starting to profile NOW
[2022-10-28 20:01:50.306] [renderer1] [info] UNRESPONSIVE extension host: received responsive event and cancelling profiling session
[2022-10-28 20:01:50.390] [renderer1] [info] UNRESPONSIVE extension host: starting to profile NOW
[2022-10-28 20:01:55.341] [renderer1] [info] UNRESPONSIVE extension host: starting to profile NOW
[2022-10-28 20:03:05.369] [renderer1] [info] UNRESPONSIVE extension host: starting to profile NOW
[2022-10-28 20:04:05.428] [renderer1] [info] UNRESPONSIVE extension host: starting to profile NOW
[2022-10-28 20:04:55.343] [renderer1] [info] UNRESPONSIVE extension host: starting to profile NOW
[2022-10-28 20:06:17.343] [renderer1] [info] UNRESPONSIVE extension host: starting to profile NOW
[2022-10-28 20:06:55.346] [renderer1] [info] UNRESPONSIVE extension host: starting to profile NOW
[2022-10-28 20:07:55.339] [renderer1] [info] UNRESPONSIVE extension host: starting to profile NOW
[2022-10-28 20:08:55.338] [renderer1] [info] UNRESPONSIVE extension host: starting to profile NOW
[2022-10-28 20:10:41.338] [renderer1] [info] UNRESPONSIVE extension host: starting to profile NOW
[2022-10-28 20:10:55.771] [renderer1] [info] UNRESPONSIVE extension host: starting to profile NOW
[2022-10-28 20:11:54.342] [renderer1] [info] UNRESPONSIVE extension host: starting to profile NOW
[2022-10-28 20:12:55.305] [renderer1] [info] UNRESPONSIVE extension host: starting to profile NOW
[2022-10-28 20:14:00.341] [renderer1] [info] UNRESPONSIVE extension host: starting to profile NOW
[2022-10-28 20:14:55.312] [renderer1] [info] UNRESPONSIVE extension host: starting to profile NOW
[2022-10-28 20:15:59.337] [renderer1] [info] UNRESPONSIVE extension host: starting to profile NOW
[2022-10-28 20:16:55.338] [renderer1] [info] UNRESPONSIVE extension host: starting to profile NOW
[2022-10-28 20:17:36.743] [renderer1] [error] [File Watcher (universal)] restarting watcher after error: terminated by itself with code undefined, signal: SIGTRAP
[2022-10-28 20:18:00.348] [renderer1] [info] UNRESPONSIVE extension host: starting to profile NOW
[2022-10-28 20:18:58.341] [renderer1] [info] UNRESPONSIVE extension host: starting to profile NOW
[2022-10-28 20:19:56.293] [renderer1] [info] UNRESPONSIVE extension host: starting to profile NOW
[2022-10-28 20:21:05.345] [renderer1] [info] UNRESPONSIVE extension host: starting to profile NOW
[2022-10-28 20:21:54.315] [renderer1] [info] UNRESPONSIVE extension host: starting to profile NOW
[2022-10-28 20:22:55.308] [renderer1] [info] UNRESPONSIVE extension host: starting to profile NOW
[2022-10-28 20:23:57.301] [renderer1] [info] UNRESPONSIVE extension host: starting to profile NOW
[2022-10-28 20:24:55.320] [renderer1] [info] UNRESPONSIVE extension host: starting to profile NOW
[2022-10-28 20:25:57.343] [renderer1] [info] UNRESPONSIVE extension host: starting to profile NOW
[2022-10-28 20:26:55.346] [renderer1] [info] UNRESPONSIVE extension host: starting to profile NOW
[2022-10-28 20:27:57.306] [renderer1] [info] UNRESPONSIVE extension host: starting to profile NOW
[2022-10-28 20:28:56.574] [renderer1] [info] UNRESPONSIVE extension host: starting to profile NOW
[2022-10-28 20:30:05.320] [renderer1] [info] UNRESPONSIVE extension host: starting to profile NOW
[2022-10-28 20:30:55.337] [renderer1] [info] UNRESPONSIVE extension host: starting to profile NOW
[2022-10-28 20:32:04.308] [renderer1] [info] UNRESPONSIVE extension host: starting to profile NOW
[2022-10-28 20:32:56.747] [renderer1] [info] UNRESPONSIVE extension host: starting to profile NOW
[2022-10-28 20:34:05.322] [renderer1] [info] UNRESPONSIVE extension host: starting to profile NOW
[2022-10-28 20:34:55.332] [renderer1] [info] UNRESPONSIVE extension host: starting to profile NOW
[2022-10-28 20:36:05.345] [renderer1] [info] UNRESPONSIVE extension host: starting to profile NOW
[2022-10-28 20:36:55.337] [renderer1] [info] UNRESPONSIVE extension host: starting to profile NOW
[2022-10-28 20:38:05.304] [renderer1] [info] UNRESPONSIVE extension host: starting to profile NOW
[2022-10-28 20:38:55.338] [renderer1] [info] UNRESPONSIVE extension host: starting to profile NOW
[2022-10-28 20:39:55.308] [renderer1] [info] UNRESPONSIVE extension host: starting to profile NOW
[2022-10-28 20:40:54.352] [renderer1] [info] UNRESPONSIVE extension host: starting to profile NOW
[2022-10-28 20:42:07.198] [renderer1] [info] UNRESPONSIVE extension host: starting to profile NOW
[2022-10-28 20:42:57.324] [renderer1] [info] UNRESPONSIVE extension host: starting to profile NOW
[2022-10-28 20:44:05.342] [renderer1] [info] UNRESPONSIVE extension host: starting to profile NOW
[2022-10-28 20:44:57.316] [renderer1] [info] UNRESPONSIVE extension host: starting to profile NOW
[2022-10-28 20:46:05.312] [renderer1] [info] UNRESPONSIVE extension host: starting to profile NOW
[2022-10-28 20:46:57.344] [renderer1] [info] UNRESPONSIVE extension host: starting to profile NOW
[2022-10-28 20:47:58.345] [renderer1] [info] UNRESPONSIVE extension host: starting to profile NOW
[2022-10-28 20:48:57.508] [renderer1] [info] UNRESPONSIVE extension host: starting to profile NOW
[2022-10-28 20:50:07.320] [renderer1] [info] UNRESPONSIVE extension host: starting to profile NOW
[2022-10-28 20:50:57.331] [renderer1] [info] UNRESPONSIVE extension host: starting to profile NOW
[2022-10-28 20:52:05.321] [renderer1] [info] UNRESPONSIVE extension host: starting to profile NOW
[2022-10-28 20:52:57.340] [renderer1] [info] UNRESPONSIVE extension host: starting to profile NOW
[2022-10-28 20:53:58.308] [renderer1] [info] UNRESPONSIVE extension host: starting to profile NOW
[2022-10-28 20:54:57.319] [renderer1] [info] UNRESPONSIVE extension host: starting to profile NOW
[2022-10-28 20:55:59.341] [renderer1] [info] UNRESPONSIVE extension host: starting to profile NOW
[2022-10-28 20:57:02.847] [renderer1] [info] UNRESPONSIVE extension host: starting to profile NOW
[2022-10-28 20:58:06.308] [renderer1] [info] UNRESPONSIVE extension host: starting to profile NOW
[2022-10-28 20:58:57.325] [renderer1] [info] UNRESPONSIVE extension host: starting to profile NOW
[2022-10-28 21:00:06.307] [renderer1] [info] UNRESPONSIVE extension host: starting to profile NOW
[2022-10-28 21:00:57.327] [renderer1] [info] UNRESPONSIVE extension host: starting to profile NOW
[2022-10-28 21:02:06.341] [renderer1] [info] UNRESPONSIVE extension host: starting to profile NOW
[2022-10-28 21:02:57.338] [renderer1] [info] UNRESPONSIVE extension host: starting to profile NOW
[2022-10-28 21:04:06.337] [renderer1] [info] UNRESPONSIVE extension host: starting to profile NOW
[2022-10-28 21:04:57.332] [renderer1] [info] UNRESPONSIVE extension host: starting to profile NOW
[2022-10-28 21:05:58.344] [renderer1] [info] UNRESPONSIVE extension host: starting to profile NOW
[2022-10-28 21:06:57.336] [renderer1] [info] UNRESPONSIVE extension host: starting to profile NOW
[2022-10-28 21:07:57.330] [renderer1] [info] UNRESPONSIVE extension host: starting to profile NOW
[2022-10-28 21:08:57.318] [renderer1] [info] UNRESPONSIVE extension host: starting to profile NOW
[2022-10-28 21:09:57.342] [renderer1] [info] UNRESPONSIVE extension host: starting to profile NOW
[2022-10-28 21:10:57.336] [renderer1] [info] UNRESPONSIVE extension host: starting to profile NOW
[2022-10-28 21:12:03.310] [renderer1] [info] UNRESPONSIVE extension host: starting to profile NOW
[2022-10-28 21:12:58.329] [renderer1] [info] UNRESPONSIVE extension host: starting to profile NOW
[2022-10-28 21:13:55.333] [renderer1] [info] UNRESPONSIVE extension host: starting to profile NOW
[2022-10-28 21:14:56.304] [renderer1] [info] UNRESPONSIVE extension host: starting to profile NOW
[2022-10-28 21:15:55.307] [renderer1] [info] UNRESPONSIVE extension host: starting to profile NOW
[2022-10-28 21:16:58.807] [renderer1] [info] UNRESPONSIVE extension host: starting to profile NOW
[2022-10-28 21:17:41.780] [renderer1] [error] [File Watcher (universal)] restarting watcher after error: terminated by itself with code undefined, signal: SIGSEGV
[2022-10-28 21:18:05.319] [renderer1] [info] UNRESPONSIVE extension host: starting to profile NOW
[2022-10-28 21:18:57.332] [renderer1] [info] UNRESPONSIVE extension host: starting to profile NOW
[2022-10-28 21:20:06.335] [renderer1] [info] UNRESPONSIVE extension host: starting to profile NOW
[2022-10-28 21:20:57.342] [renderer1] [info] UNRESPONSIVE extension host: starting to profile NOW
[2022-10-28 21:22:06.325] [renderer1] [info] UNRESPONSIVE extension host: starting to profile NOW
[2022-10-28 21:22:57.328] [renderer1] [info] UNRESPONSIVE extension host: starting to profile NOW
[2022-10-28 21:23:55.357] [renderer1] [info] UNRESPONSIVE extension host: starting to profile NOW
[2022-10-28 21:24:57.354] [renderer1] [info] UNRESPONSIVE extension host: starting to profile NOW
[2022-10-28 21:26:03.351] [renderer1] [info] UNRESPONSIVE extension host: starting to profile NOW
[2022-10-28 21:26:57.335] [renderer1] [info] UNRESPONSIVE extension host: starting to profile NOW
[2022-10-28 21:28:06.347] [renderer1] [info] UNRESPONSIVE extension host: starting to profile NOW
[2022-10-28 21:28:57.319] [renderer1] [info] UNRESPONSIVE extension host: starting to profile NOW
[2022-10-28 21:30:06.321] [renderer1] [info] UNRESPONSIVE extension host: starting to profile NOW
[2022-10-28 21:30:57.315] [renderer1] [info] UNRESPONSIVE extension host: starting to profile NOW
[2022-10-28 21:32:06.362] [renderer1] [info] UNRESPONSIVE extension host: starting to profile NOW
[2022-10-28 21:32:58.367] [renderer1] [info] UNRESPONSIVE extension host: starting to profile NOW
[2022-10-28 21:34:04.556] [renderer1] [info] UNRESPONSIVE extension host: starting to profile NOW
[2022-10-28 21:34:57.327] [renderer1] [info] UNRESPONSIVE extension host: starting to profile NOW
[2022-10-28 21:36:04.360] [renderer1] [info] UNRESPONSIVE extension host: starting to profile NOW
[2022-10-28 21:36:54.340] [renderer1] [info] UNRESPONSIVE extension host: starting to profile NOW
[2022-10-28 21:37:58.358] [renderer1] [info] UNRESPONSIVE extension host: starting to profile NOW
[2022-10-28 21:38:54.364] [renderer1] [info] UNRESPONSIVE extension host: starting to profile NOW
[2022-10-28 21:39:56.341] [renderer1] [info] UNRESPONSIVE extension host: starting to profile NOW
[2022-10-28 21:40:57.326] [renderer1] [info] UNRESPONSIVE extension host: starting to profile NOW
[2022-10-28 21:42:04.975] [renderer1] [info] UNRESPONSIVE extension host: starting to profile NOW
[2022-10-28 21:42:57.328] [renderer1] [info] UNRESPONSIVE extension host: starting to profile NOW
[2022-10-28 21:44:06.335] [renderer1] [info] UNRESPONSIVE extension host: starting to profile NOW
[2022-10-28 21:44:56.348] [renderer1] [info] UNRESPONSIVE extension host: starting to profile NOW
[2022-10-28 21:45:55.337] [renderer1] [info] UNRESPONSIVE extension host: starting to profile NOW
[2022-10-28 21:46:57.337] [renderer1] [info] UNRESPONSIVE extension host: starting to profile NOW
[2022-10-28 21:48:03.329] [renderer1] [info] UNRESPONSIVE extension host: starting to profile NOW
[2022-10-28 21:48:57.329] [renderer1] [info] UNRESPONSIVE extension host: starting to profile NOW
[2022-10-28 21:50:05.347] [renderer1] [info] UNRESPONSIVE extension host: starting to profile NOW
[2022-10-28 21:50:57.351] [renderer1] [info] UNRESPONSIVE extension host: starting to profile NOW
[2022-10-28 21:52:04.346] [renderer1] [info] UNRESPONSIVE extension host: starting to profile NOW
[2022-10-28 21:52:57.319] [renderer1] [info] UNRESPONSIVE extension host: starting to profile NOW
[2022-10-28 21:54:07.333] [renderer1] [info] UNRESPONSIVE extension host: starting to profile NOW
[2022-10-28 21:54:57.330] [renderer1] [info] UNRESPONSIVE extension host: starting to profile NOW
[2022-10-28 21:56:07.325] [renderer1] [info] UNRESPONSIVE extension host: starting to profile NOW
[2022-10-28 21:56:57.312] [renderer1] [info] UNRESPONSIVE extension host: starting to profile NOW
[2022-10-28 21:58:07.347] [renderer1] [info] UNRESPONSIVE extension host: starting to profile NOW
[2022-10-28 21:58:57.320] [renderer1] [info] UNRESPONSIVE extension host: starting to profile NOW
[2022-10-28 21:59:58.335] [renderer1] [info] UNRESPONSIVE extension host: starting to profile NOW
[2022-10-28 22:01:22.385] [renderer1] [info] UNRESPONSIVE extension host: starting to profile NOW
[2022-10-28 22:01:57.377] [renderer1] [info] UNRESPONSIVE extension host: starting to profile NOW
[2022-10-28 22:02:56.055] [renderer1] [info] UNRESPONSIVE extension host: starting to profile NOW
[2022-10-28 22:04:09.406] [renderer1] [info] UNRESPONSIVE extension host: starting to profile NOW
[2022-10-28 22:04:55.411] [renderer1] [info] UNRESPONSIVE extension host: starting to profile NOW
[2022-10-28 22:06:01.171] [renderer1] [info] UNRESPONSIVE extension host: starting to profile NOW
[2022-10-28 22:07:09.365] [renderer1] [info] UNRESPONSIVE extension host: starting to profile NOW
[2022-10-28 22:08:25.385] [renderer1] [info] UNRESPONSIVE extension host: starting to profile NOW
[2022-10-28 22:09:11.236] [renderer1] [info] UNRESPONSIVE extension host: starting to profile NOW
[2022-10-28 22:09:56.349] [renderer1] [info] UNRESPONSIVE extension host: starting to profile NOW
[2022-10-28 22:11:23.391] [renderer1] [info] UNRESPONSIVE extension host: starting to profile NOW
[2022-10-28 22:11:56.382] [renderer1] [info] UNRESPONSIVE extension host: starting to profile NOW
[2022-10-28 22:13:24.332] [renderer1] [info] UNRESPONSIVE extension host: starting to profile NOW
[2022-10-28 22:14:12.345] [renderer1] [info] UNRESPONSIVE extension host: starting to profile NOW
[2022-10-28 22:15:04.388] [renderer1] [info] UNRESPONSIVE extension host: starting to profile NOW
[2022-10-28 22:16:01.543] [renderer1] [info] UNRESPONSIVE extension host: starting to profile NOW
[2022-10-28 22:16:56.545] [renderer1] [info] UNRESPONSIVE extension host: starting to profile NOW
[2022-10-28 22:17:56.388] [renderer1] [info] UNRESPONSIVE extension host: starting to profile NOW
[2022-10-28 22:18:56.665] [renderer1] [info] UNRESPONSIVE extension host: starting to profile NOW
[2022-10-28 22:20:03.361] [renderer1] [info] UNRESPONSIVE extension host: starting to profile NOW
[2022-10-28 22:20:55.360] [renderer1] [info] UNRESPONSIVE extension host: starting to profile NOW
[2022-10-28 22:21:55.379] [renderer1] [info] UNRESPONSIVE extension host: starting to profile NOW
[2022-10-28 22:23:01.400] [renderer1] [info] UNRESPONSIVE extension host: starting to profile NOW
[2022-10-28 22:24:11.830] [renderer1] [info] UNRESPONSIVE extension host: starting to profile NOW
[2022-10-28 22:24:54.423] [renderer1] [info] UNRESPONSIVE extension host: starting to profile NOW
[2022-10-28 22:25:54.411] [renderer1] [info] UNRESPONSIVE extension host: starting to profile NOW
[2022-10-28 22:27:09.430] [renderer1] [info] UNRESPONSIVE extension host: starting to profile NOW
[2022-10-28 22:27:55.427] [renderer1] [info] UNRESPONSIVE extension host: starting to profile NOW
[2022-10-28 22:29:02.175] [renderer1] [info] UNRESPONSIVE extension host: starting to profile NOW
[2022-10-28 22:29:56.399] [renderer1] [info] UNRESPONSIVE extension host: starting to profile NOW
[2022-10-28 22:30:55.435] [renderer1] [info] UNRESPONSIVE extension host: starting to profile NOW
[2022-10-28 22:32:02.404] [renderer1] [info] UNRESPONSIVE extension host: starting to profile NOW
[2022-10-28 22:33:24.461] [renderer1] [info] UNRESPONSIVE extension host: starting to profile NOW
[2022-10-28 22:33:55.433] [renderer1] [info] UNRESPONSIVE extension host: starting to profile NOW
[2022-10-28 22:34:57.345] [renderer1] [info] UNRESPONSIVE extension host: starting to profile NOW
[2022-10-28 22:35:55.405] [renderer1] [info] UNRESPONSIVE extension host: starting to profile NOW
[2022-10-28 22:36:55.419] [renderer1] [info] UNRESPONSIVE extension host: starting to profile NOW
[2022-10-28 22:38:24.426] [renderer1] [info] UNRESPONSIVE extension host: starting to profile NOW
[2022-10-28 22:38:57.541] [renderer1] [info] UNRESPONSIVE extension host: starting to profile NOW
[2022-10-28 22:39:55.417] [renderer1] [info] UNRESPONSIVE extension host: starting to profile NOW
[2022-10-28 22:40:59.432] [renderer1] [info] UNRESPONSIVE extension host: starting to profile NOW
[2022-10-28 22:41:55.418] [renderer1] [info] UNRESPONSIVE extension host: starting to profile NOW
[2022-10-28 22:42:55.443] [renderer1] [info] UNRESPONSIVE extension host: starting to profile NOW
[2022-10-28 22:43:55.444] [renderer1] [info] UNRESPONSIVE extension host: starting to profile NOW
[2022-10-28 22:45:02.780] [renderer1] [info] UNRESPONSIVE extension host: starting to profile NOW
[2022-10-28 22:45:55.467] [renderer1] [info] UNRESPONSIVE extension host: starting to profile NOW
[2022-10-28 22:47:11.453] [renderer1] [info] UNRESPONSIVE extension host: starting to profile NOW
[2022-10-28 22:48:24.414] [renderer1] [info] UNRESPONSIVE extension host: starting to profile NOW
[2022-10-28 22:49:01.401] [renderer1] [info] UNRESPONSIVE extension host: starting to profile NOW
[2022-10-28 22:50:04.443] [renderer1] [info] UNRESPONSIVE extension host: starting to profile NOW
[2022-10-28 22:50:56.410] [renderer1] [info] UNRESPONSIVE extension host: starting to profile NOW
[2022-10-28 22:51:55.434] [renderer1] [info] UNRESPONSIVE extension host: starting to profile NOW
[2022-10-28 22:52:55.439] [renderer1] [info] UNRESPONSIVE extension host: starting to profile NOW
[2022-10-28 22:54:10.445] [renderer1] [info] UNRESPONSIVE extension host: starting to profile NOW
[2022-10-28 22:55:10.442] [renderer1] [info] UNRESPONSIVE extension host: starting to profile NOW
[2022-10-28 22:55:55.443] [renderer1] [info] UNRESPONSIVE extension host: starting to profile NOW
[2022-10-28 22:56:55.448] [renderer1] [info] UNRESPONSIVE extension host: starting to profile NOW
[2022-10-28 22:58:10.434] [renderer1] [info] UNRESPONSIVE extension host: starting to profile NOW
[2022-10-28 22:59:08.439] [renderer1] [info] UNRESPONSIVE extension host: starting to profile NOW
[2022-10-28 23:00:25.437] [renderer1] [info] UNRESPONSIVE extension host: starting to profile NOW
[2022-10-28 23:01:08.397] [renderer1] [info] UNRESPONSIVE extension host: starting to profile NOW
[2022-10-28 23:01:56.428] [renderer1] [info] UNRESPONSIVE extension host: starting to profile NOW
[2022-10-28 23:02:55.434] [renderer1] [info] UNRESPONSIVE extension host: starting to profile NOW
[2022-10-28 23:03:55.438] [renderer1] [info] UNRESPONSIVE extension host: starting to profile NOW
[2022-10-28 23:04:55.446] [renderer1] [info] UNRESPONSIVE extension host: starting to profile NOW
[2022-10-28 23:05:57.434] [renderer1] [info] UNRESPONSIVE extension host: starting to profile NOW
[2022-10-28 23:32:56.712] [renderer1] [info] UNRESPONSIVE extension host: starting to profile NOW
[2022-10-28 23:33:56.730] [renderer1] [info] UNRESPONSIVE extension host: starting to profile NOW
[2022-10-28 23:35:02.737] [renderer1] [info] UNRESPONSIVE extension host: starting to profile NOW
