[1740937224656] INFO  (ext): SQLTools is starting
[1740937224658] INFO  (ext): initializing language client...
[1740937224659] INFO  (ext): Registering client for languages [{"scheme":"sqltools"},{"language":"sql","scheme":"untitled"},{"language":"sql","scheme":"file"},{"language":"sql","scheme":"sqltools"}]
    ns: "lc"
[1740937224663] INFO  (ext): loading plugins...
[1740937224663] INFO  (ext): registering Formatter Plugin.
    plugin: {
      "name": "Formatter Plugin"
    }
[1740937224664] INFO  (ext): registering Connection Manager Plugin.
    plugin: {
      "name": "Connection Manager Plugin"
    }
[1740937224664] INFO  (ext): registering CodeLens Plugin.
    plugin: {
      "name": "CodeLens Plugin",
      "registeredLanguages": []
    }
[1740937224665] INFO  (ext): registering Dependency Manager Plugin.
    plugin: {
      "name": "Dependency Manager Plugin",
      "installingDrivers": []
    }
[1740937224667] INFO  (ext): Connection explorer changed. Will be updated.
    ns: "conn-man:explorer"
[1740937224668] INFO  (ext): registering History Manager Plugin.
    plugin: {
      "name": "History Manager Plugin"
    }
[1740937224668] INFO  (ext): registering Bookmarks Manager Plugin.
    plugin: {
      "name": "Bookmarks Manager Plugin"
    }
[1740937224669] INFO  (ext): registering Authentication Provider Plugin.
    plugin: {
      "name": "Authentication Provider Plugin",
      "isRegistered": false
    }
[1740937224669] INFO  (ext): registering Object Drop-in Provider (plugin).
    plugin: {
      "type": "plugin",
      "name": "Object Drop-in Provider",
      "isRegistered": false
    }
[1740937224670] INFO  (ext): SQLTools activation completed. 13.63674 ms
[1740937224670] INFO  (ext): Formatter Plugin registered!
[1740937224670] INFO  (ext): CodeLens Plugin registered!
[1740937224670] INFO  (ext): Dependency Manager Plugin registered!
[1740937224670] INFO  (ext): Connection Manager Plugin registered!
[1740937224670] INFO  (ext): History Manager Plugin registered!
[1740937224670] INFO  (ext): Bookmarks Manager Plugin registered!
[1740937224670] INFO  (ext): Authentication Provider Plugin registered!
[1740937224670] INFO  (ext): Object Drop-in Provider (plugin) registered!
[1740937224813] INFO  (ls): SQLTools Server started!
===============================
Using node runtime?: no
ExecPath: /usr/lib/electron32/electron 
===============================
[1740937224830] INFO  (ext): LanguageClient ready
    ns: "lc"
[1740937224828] INFO  (ls): Initialized with node version:v20.18.1
[1740937225671] INFO  (ext): EXECUTING COMMAND => sqltools.refreshTree
[1740937225671] INFO  (ext): Connection explorer changed. Will be updated.
    ns: "conn-man:explorer"
[1740937226667] INFO  (ext): Connection explorer changed. Will be updated.
    ns: "conn-man:explorer"
