[2024-06-13 21:12:15.136] [info]  [AppEvents] App started
[2024-06-13 21:12:15.417] [info]  [PluginHandler] Loaded plugins: []
[2024-06-13 21:12:16.711] [info]  [AppEvents] App ready
[2024-06-13 21:12:16.712] [info]  [Cider] Application is Ready. Creating Window.
[2024-06-13 21:12:16.712] [info]  aa
[2024-06-13 21:12:17.486] [info]  [Cider] Creating Window.
[2024-06-13 21:12:17.498] [info]  Setting up handlers for local files
[2024-06-13 21:12:17.502] [info]  [Connect] Auth URL: https://connect.cidercollective.dev/callback/discord?app=cider&appPort=9000
[2024-06-13 21:12:17.682] [info]  WebSocketServer started on port: 26369
[2024-06-13 21:12:17.740] [info]  [Cider][Widevine] Status: {
  oimompecagnajdejgnnjijobebaeigek: {
    status: 'updated',
    title: 'Widevine Content Decryption Module',
    version: '4.10.2710.0'
  }
}
[2024-06-13 21:12:17.793] [info]  {
  auxAttributes: {
    amdSwitchable: false,
    canSupportThreadedTextureMailbox: false,
    glImplementationParts: '(gl=none,angle=none)',
    glResetNotificationStrategy: 0,
    inProcessGpu: true,
    initializationTime: 0,
    isAsan: false,
    isClangCoverage: false,
    jpegDecodeAcceleratorSupported: false,
    optimus: false,
    passthroughCmdDecoder: false,
    sandboxed: false,
    subpixelFontRendering: true,
    targetCpuBits: 64,
    visibilityCallbackCallCount: 0
  },
  gpuDevice: [
    {
      active: true,
      cudaComputeCapabilityMajor: 0,
      deviceId: 7944,
      driverVendor: 'Nvidia',
      driverVersion: '555.42.02',
      gpuPreference: 0,
      vendorId: 4318
    }
  ]
}
[2024-06-13 21:12:17.795] [info]  From here can you check for real changes, the initial scan has been completed.
[2024-06-13 21:12:17.795] [info]  Cider client port: 9000
[2024-06-13 21:12:17.799] [info]  Cider remote port: 6942
[2024-06-13 21:12:17.801] [info]  remote broadcasted
[2024-06-13 21:13:57.459] [info]  cookies {
  'music.ampwebplay.itspod': '49',
  'music.ampwebplay.pltvcid': 'b1ca902476a24126bda642d4e6abe022049',
  'music.ampwebplay.pldfltcid': 'd643aeed61b849ceb59e31d4ba1bcdc2049',
  'music.ampwebplay.itua': 'GB',
  'music.ampwebplay.media-user-token': 'AsVHnpZX/5VBOekHZbq7FkTC1lGxH6NNwboHo8/PET2E6dmErVf8EIAT2gQ5q/2uzfVGsUsVKUPDMFjnBh8mUUszNUa+ScWJZ/3IrQInQMrnQJO3QZHWRX4Vm4ciukZ49HNQkNIO47+0aVzTtcrvygsmja5SeOcZO+P87NwBRHWDGqEXN9tsxdwtBQS/YVmrYmm+b54O6wLJWbBRzSqhdukPkJ5bTGCcoZksO83hrL/zpJJegw==',
  'music.ampwebplay.dslang': 'GB-EN'
}
[2024-06-13 21:14:09.515] [warn]  Cider exited.
[2024-06-19 20:31:38.098] [info]  [AppEvents] App started
[2024-06-19 20:31:38.348] [info]  [PluginHandler] Loaded plugins: []
[2024-06-19 20:31:39.398] [info]  [AppEvents] App ready
[2024-06-19 20:31:39.399] [info]  [Cider] Application is Ready. Creating Window.
[2024-06-19 20:31:39.399] [info]  aa
[2024-06-19 20:31:39.400] [info]  [Cider] Creating Window.
[2024-06-19 20:31:39.413] [info]  Setting up handlers for local files
[2024-06-19 20:31:39.417] [info]  [Connect] Auth URL: https://connect.cidercollective.dev/callback/discord?app=cider&appPort=9000
[2024-06-19 20:31:39.554] [info]  WebSocketServer started on port: 26369
[2024-06-19 20:31:39.594] [info]  [Cider][Widevine] Status: {
  oimompecagnajdejgnnjijobebaeigek: {
    status: 'new',
    title: 'Widevine Content Decryption Module',
    version: '4.10.2710.0'
  }
}
[2024-06-19 20:31:39.645] [info]  {
  auxAttributes: {
    amdSwitchable: false,
    canSupportThreadedTextureMailbox: false,
    glImplementationParts: '(gl=none,angle=none)',
    glResetNotificationStrategy: 0,
    inProcessGpu: true,
    initializationTime: 0,
    isAsan: false,
    isClangCoverage: false,
    jpegDecodeAcceleratorSupported: false,
    optimus: false,
    passthroughCmdDecoder: false,
    sandboxed: false,
    subpixelFontRendering: true,
    targetCpuBits: 64,
    visibilityCallbackCallCount: 0
  },
  gpuDevice: [
    {
      active: true,
      cudaComputeCapabilityMajor: 0,
      deviceId: 7944,
      gpuPreference: 0,
      vendorId: 4318
    }
  ]
}
[2024-06-19 20:31:39.646] [info]  From here can you check for real changes, the initial scan has been completed.
[2024-06-19 20:31:39.647] [info]  Cider client port: 9000
[2024-06-19 20:31:39.651] [info]  Cider remote port: 6942
[2024-06-19 20:31:39.655] [info]  remote broadcasted
[2024-06-19 20:33:33.923] [error] (node:4605) [node-fetch#buffer] DeprecationWarning: Please use 'response.arrayBuffer()' instead of 'response.buffer()'
(Use `cider --trace-deprecation ...` to show where the warning was created)
[2024-06-19 20:35:24.105] [warn]  Cider exited.
[2024-06-19 20:35:32.758] [info]  [AppEvents] App started
[2024-06-19 20:35:32.952] [info]  [PluginHandler] Loaded plugins: []
[2024-06-19 20:35:33.904] [info]  [AppEvents] App ready
[2024-06-19 20:35:33.906] [info]  [Cider] Application is Ready. Creating Window.
[2024-06-19 20:35:33.906] [info]  aa
[2024-06-19 20:35:33.907] [info]  [Cider] Creating Window.
[2024-06-19 20:35:33.917] [info]  Setting up handlers for local files
[2024-06-19 20:35:33.931] [info]  [Connect] Auth URL: https://connect.cidercollective.dev/callback/discord?app=cider&appPort=9000
[2024-06-19 20:35:34.040] [info]  WebSocketServer started on port: 26369
[2024-06-19 20:35:34.081] [info]  [Cider][Widevine] Status: {
  oimompecagnajdejgnnjijobebaeigek: {
    status: 'new',
    title: 'Widevine Content Decryption Module',
    version: '4.10.2710.0'
  }
}
[2024-06-19 20:35:34.130] [info]  {
  auxAttributes: {
    amdSwitchable: false,
    canSupportThreadedTextureMailbox: false,
    glImplementationParts: '(gl=none,angle=none)',
    glResetNotificationStrategy: 0,
    inProcessGpu: true,
    initializationTime: 0,
    isAsan: false,
    isClangCoverage: false,
    jpegDecodeAcceleratorSupported: false,
    optimus: false,
    passthroughCmdDecoder: false,
    sandboxed: false,
    subpixelFontRendering: true,
    targetCpuBits: 64,
    visibilityCallbackCallCount: 0
  },
  gpuDevice: [
    {
      active: true,
      cudaComputeCapabilityMajor: 0,
      deviceId: 7944,
      gpuPreference: 0,
      vendorId: 4318
    }
  ]
}
[2024-06-19 20:35:34.132] [info]  From here can you check for real changes, the initial scan has been completed.
[2024-06-19 20:35:34.132] [info]  Cider client port: 9000
[2024-06-19 20:35:34.136] [info]  Cider remote port: 6942
[2024-06-19 20:35:34.139] [info]  remote broadcasted
[2024-06-19 20:35:51.616] [error] (node:6211) [node-fetch#buffer] DeprecationWarning: Please use 'response.arrayBuffer()' instead of 'response.buffer()'
(Use `cider --trace-deprecation ...` to show where the warning was created)
[2024-06-19 22:03:45.682] [warn]  Cider exited.
