2024-11-26 21:50:17.495 [info] Extension host with pid 120024 started
2024-11-26 21:50:17.575 [info] ExtensionService#_doActivateExtension vscode.git-base, startup: true, activationEvent: '*', root cause: vscode.git
2024-11-26 21:50:17.583 [info] ExtensionService#_doActivateExtension mtxr.sqltools, startup: true, activationEvent: '*'
2024-11-26 21:50:17.731 [info] ExtensionService#_doActivateExtension vscode.git, startup: true, activationEvent: '*'
2024-11-26 21:50:17.837 [info] ExtensionService#_doActivateExtension vscode.github, startup: true, activationEvent: '*'
2024-11-26 21:50:17.962 [info] Eager extensions activated
2024-11-26 21:50:18.005 [info] ExtensionService#_doActivateExtension vscode.debug-auto-launch, startup: false, activationEvent: 'onStartupFinished'
2024-11-26 21:50:18.017 [info] ExtensionService#_doActivateExtension vscode.merge-conflict, startup: false, activationEvent: 'onStartupFinished'
2024-11-26 21:50:18.047 [info] ExtensionService#_doActivateExtension ecmel.vscode-html-css, startup: false, activationEvent: 'onStartupFinished'
2024-11-26 21:50:18.051 [info] ExtensionService#_doActivateExtension formulahendry.code-runner, startup: false, activationEvent: 'onStartupFinished'
2024-11-26 21:50:25.009 [info] ExtensionService#_doActivateExtension vscode.emmet, startup: false, activationEvent: 'onLanguage'
2024-11-26 21:50:29.475 [info] Extension host terminating: renderer closed the MessagePort
2024-11-26 21:50:29.485 [info] Extension host with pid 120024 exiting with code 0
2024-11-26 21:50:30.129 [info] Extension host with pid 120082 started
2024-11-26 21:50:30.143 [info] ExtensionService#_doActivateExtension ecmel.vscode-html-css, startup: false, activationEvent: 'onCommand:vscode-html-css.validate'
2024-11-26 21:50:30.148 [info] ExtensionService#_doActivateExtension mtxr.sqltools, startup: false, activationEvent: 'onCommand:sqltools.refreshTree'
2024-11-26 21:50:30.208 [info] ExtensionService#_doActivateExtension vscode.emmet, startup: false, activationEvent: 'onLanguage'
2024-11-26 21:50:30.302 [info] ExtensionService#_doActivateExtension vscode.git-base, startup: true, activationEvent: '*', root cause: vscode.git
2024-11-26 21:50:30.309 [info] ExtensionService#_doActivateExtension vscode.git, startup: true, activationEvent: '*'
2024-11-26 21:50:30.400 [info] ExtensionService#_doActivateExtension vscode.github, startup: true, activationEvent: '*'
2024-11-26 21:50:30.494 [info] Eager extensions activated
2024-11-26 21:50:30.510 [info] ExtensionService#_doActivateExtension vscode.debug-auto-launch, startup: false, activationEvent: 'onStartupFinished'
2024-11-26 21:50:30.513 [info] ExtensionService#_doActivateExtension vscode.merge-conflict, startup: false, activationEvent: 'onStartupFinished'
2024-11-26 21:50:30.541 [info] ExtensionService#_doActivateExtension formulahendry.code-runner, startup: false, activationEvent: 'onStartupFinished'
2024-11-26 21:52:10.974 [info] ExtensionService#_doActivateExtension ms-vscode.powershell, startup: false, activationEvent: 'onWalkthrough:PowerShell'
2024-11-26 21:55:28.968 [info] Extension host terminating: renderer closed the MessagePort
2024-11-26 21:55:28.982 [info] Extension host with pid 120082 exiting with code 0
2024-11-26 21:55:30.309 [info] Extension host with pid 122114 started
2024-11-26 21:55:30.309 [info] Skipping acquiring lock for /home/matt/.config/Code - OSS/User/workspaceStorage/41fc3fb895de26c691e7d9f7b0b015cd.
2024-11-26 21:55:30.337 [info] ExtensionService#_doActivateExtension vscode.git-base, startup: true, activationEvent: '*'
2024-11-26 21:55:30.349 [info] ExtensionService#_doActivateExtension vscode.github, startup: true, activationEvent: '*'
2024-11-26 21:55:30.389 [info] Eager extensions activated
2024-11-26 21:55:30.498 [info] ExtensionService#_doActivateExtension vscode.debug-auto-launch, startup: false, activationEvent: 'onStartupFinished'
2024-11-26 21:55:30.501 [info] ExtensionService#_doActivateExtension vscode.merge-conflict, startup: false, activationEvent: 'onStartupFinished'
2024-11-26 21:55:32.508 [info] ExtensionService#_doActivateExtension vscode.git, startup: false, activationEvent: 'api', root cause: vscode.github
2024-11-26 21:55:32.609 [info] ExtensionService#_doActivateExtension ecmel.vscode-html-css, startup: false, activationEvent: 'onStartupFinished'
2024-11-26 21:55:32.614 [info] ExtensionService#_doActivateExtension formulahendry.code-runner, startup: false, activationEvent: 'onStartupFinished'
2024-11-26 21:55:32.633 [info] ExtensionService#_doActivateExtension mtxr.sqltools, startup: false, activationEvent: '*'
2024-11-26 21:55:33.737 [info] ExtensionService#_doActivateExtension vscode.emmet, startup: false, activationEvent: 'onLanguage'
2024-11-26 21:57:21.457 [info] Extension host terminating: renderer closed the MessagePort
2024-11-26 21:57:21.469 [info] Extension host with pid 122114 exiting with code 0
