[2024-Oct-02 19:45:38.457 +01:00][15922:15922][info ] Logging initialized
[2024-Oct-03 20:21:53.550 +01:00][ 1455: 1455][info ] Logging initialized
[2024-Oct-06 12:58:34.555 +01:00][ 6319: 6319][info ] Logging initialized
[2024-Oct-08 20:25:55.466 +01:00][ 2052: 2052][info ] Logging initialized
[2024-Oct-09 17:40:30.505 +01:00][ 7794: 7794][info ] Logging initialized
[2024-Oct-15 18:11:35.507 +01:00][ 2823: 2823][info ] Logging initialized
[2024-Oct-16 18:10:17.256 +01:00][ 1856: 1856][info ] Logging initialized
[2024-Oct-17 19:25:34.779 +01:00][ 3312: 3312][info ] Logging initialized
[2024-Oct-18 18:32:26.824 +01:00][ 2351: 2351][info ] Logging initialized
[2024-Oct-19 23:28:02.974 +01:00][ 3321: 3321][info ] Logging initialized
[2024-Oct-19 23:29:19.069 +01:00][ 4574: 4574][info ] Logging initialized
[2024-Oct-19 23:30:59.847 +01:00][ 2004: 2004][info ] Logging initialized
[2024-Oct-23 20:08:17.999 +01:00][20292:20292][info ] Logging initialized
[2024-Oct-25 18:25:41.542 +01:00][ 1973: 1973][info ] Logging initialized
[2024-Oct-27 13:01:11.357 +00:00][ 2846: 2846][info ] Logging initialized
[2024-Oct-29 19:59:32.332 +00:00][ 3180: 3180][info ] Logging initialized
[2024-Oct-30 18:51:41.243 +00:00][ 4357: 4357][info ] Logging initialized
[2024-Nov-01 21:31:35.326 +00:00][ 3880: 3880][info ] Logging initialized
[2024-Nov-02 19:47:09.623 +00:00][ 4279: 4279][info ] Logging initialized
[2024-Nov-04 21:50:12.678 +00:00][ 2157: 2157][info ] Logging initialized
[2024-Nov-07 19:00:24.492 +00:00][ 8677: 8677][info ] Logging initialized
[2024-Nov-11 21:51:41.538 +00:00][25412:25412][info ] Logging initialized
[2024-Nov-13 19:34:25.719 +00:00][ 2179: 2179][info ] Logging initialized
[2024-Nov-14 12:39:54.047 +00:00][ 3784: 3784][info ] Logging initialized
[2024-Nov-14 20:25:13.428 +00:00][ 1701: 1701][info ] Logging initialized
[2024-Nov-15 20:50:37.712 +00:00][10052:10052][info ] Logging initialized
[2024-Nov-16 18:28:31.754 +00:00][ 2081: 2081][info ] Logging initialized
[2024-Nov-16 18:33:57.318 +00:00][ 4413: 4413][info ] Logging initialized
[2024-Nov-17 21:26:35.069 +00:00][75901:75901][info ] Logging initialized
[2024-Nov-20 19:48:31.203 +00:00][ 5378: 5378][info ] Logging initialized
[2024-Nov-21 17:23:52.661 +00:00][ 1942: 1942][info ] Logging initialized
[2024-Nov-22 20:05:10.142 +00:00][29052:29052][info ] Logging initialized
[2024-Nov-23 19:02:57.291 +00:00][12734:12734][info ] Logging initialized
[2024-Nov-23 19:55:38.507 +00:00][17763:17763][info ] Logging initialized
[2024-Nov-23 19:56:16.482 +00:00][18098:18098][info ] Logging initialized
[2024-Nov-24 21:18:53.407 +00:00][22969:22969][info ] Logging initialized
[2024-Nov-26 21:34:07.291 +00:00][115260:115260][info ] Logging initialized
[2024-Nov-27 20:10:22.260 +00:00][ 1781: 1781][info ] Logging initialized
[2024-Nov-27 20:16:56.612 +00:00][ 5789: 5789][info ] Logging initialized
[2024-Nov-28 17:47:57.080 +00:00][ 1911: 1911][info ] Logging initialized
[2024-Nov-29 21:50:28.754 +00:00][ 1894: 1894][info ] Logging initialized
[2024-Dec-02 20:38:54.095 +00:00][ 1554: 1554][info ] Logging initialized
[2024-Dec-03 19:20:29.502 +00:00][ 1770: 1770][info ] Logging initialized
[2024-Dec-04 19:54:47.377 +00:00][ 4837: 4837][info ] Logging initialized
[2024-Dec-05 20:29:43.601 +00:00][10612:10612][info ] Logging initialized
[2024-Dec-06 20:26:30.587 +00:00][ 1770: 1770][info ] Logging initialized
[2024-Dec-07 17:45:54.692 +00:00][ 1928: 1928][info ] Logging initialized
[2024-Dec-08 14:03:58.140 +00:00][10236:10236][info ] Logging initialized
[2024-Dec-09 19:45:28.986 +00:00][ 4246: 4246][info ] Logging initialized
[2024-Dec-10 19:54:20.908 +00:00][ 2370: 2370][info ] Logging initialized
[2024-Dec-11 20:24:30.218 +00:00][ 1872: 1872][info ] Logging initialized
[2024-Dec-12 18:09:14.539 +00:00][ 1885: 1885][info ] Logging initialized
[2024-Dec-12 21:47:20.754 +00:00][76969:76969][info ] Logging initialized
[2024-Dec-13 19:12:30.137 +00:00][ 2641: 2641][info ] Logging initialized
[2024-Dec-13 21:59:28.500 +00:00][27033:27033][info ] Logging initialized
[2024-Dec-14 19:31:38.567 +00:00][ 1999: 1999][info ] Logging initialized
[2024-Dec-14 21:51:45.044 +00:00][16094:16094][info ] Logging initialized
[2024-Dec-15 15:49:11.649 +00:00][ 2272: 2272][info ] Logging initialized
[2024-Dec-15 18:33:48.788 +00:00][ 1777: 1777][info ] Logging initialized
[2024-Dec-16 19:56:17.039 +00:00][ 2010: 2010][info ] Logging initialized
[2024-Dec-17 21:02:46.456 +00:00][ 2347: 2347][info ] Logging initialized
[2024-Dec-18 18:33:29.493 +00:00][ 3832: 3832][info ] Logging initialized
[2024-Dec-19 17:18:42.911 +00:00][ 5178: 5178][info ] Logging initialized
[2024-Dec-21 19:43:39.520 +00:00][ 1887: 1887][info ] Logging initialized
[2024-Dec-22 11:22:02.744 +00:00][ 4186: 4186][info ] Logging initialized
[2024-Dec-23 15:41:40.554 +00:00][43219:43219][info ] Logging initialized
[2024-Dec-24 00:06:19.265 +00:00][116258:116258][info ] Logging initialized
[2024-Dec-24 18:56:33.692 +00:00][ 2322: 2322][info ] Logging initialized
[2024-Dec-26 14:35:35.841 +00:00][ 8426: 8426][info ] Logging initialized
[2024-Dec-26 16:07:09.042 +00:00][ 1970: 1970][info ] Logging initialized
