    OpenRGB v0.9
    Commit:  from 
    Launched: 20241120_220156
====================================================================================================

1023  |Info:    Saving detector settings
1024  |Info:    ------------------------------------------------------
1024  |Info:    |               Start device detection               |
1024  |Info:    ------------------------------------------------------
1024  |Info:    Initializing HID interfaces: Success
1031  |Info:    ------------------------------------------------------
1031  |Info:    |             Detecting I2C interfaces               |
1031  |Info:    ------------------------------------------------------
1031  |Info:    Registering I2C interface: /dev/i2c-3 Device 10DE:1F08 Subsystem: 10DE:12FB
1031  |Info:    Registering I2C interface: /dev/i2c-1 Device 10DE:1F08 Subsystem: 10DE:12FB
1031  |Info:    Registering I2C interface: /dev/i2c-6 Device 10DE:1F08 Subsystem: 10DE:12FB
1031  |Info:    Registering I2C interface: /dev/i2c-4 Device 10DE:1F08 Subsystem: 10DE:12FB
1031  |Info:    Registering I2C interface: /dev/i2c-2 Device 10DE:1F08 Subsystem: 10DE:12FB
1031  |Info:    Registering I2C interface: /dev/i2c-0 Device 10DE:1F08 Subsystem: 10DE:12FB
1032  |Info:    Registering I2C interface: /dev/i2c-7 Device 10DE:1ADB Subsystem: 10DE:12FB
1032  |Info:    Registering I2C interface: /dev/i2c-5 Device 10DE:1F08 Subsystem: 10DE:12FB
1032  |Info:    ------------------------------------------------------
1032  |Info:    |               Detecting I2C devices                |
1032  |Info:    ------------------------------------------------------
1036  |Info:    ------------------------------------------------------
1036  |Info:    |               Detecting I2C PCI devices            |
1036  |Info:    ------------------------------------------------------
1036  |Info:    ------------------------------------------------------
1036  |Info:    |               Detecting HID devices                |
1036  |Info:    ------------------------------------------------------
1036  |Info:    ------------------------------------------------------
1036  |Info:    |            Detecting libusb HID devices            |
1036  |Info:    ------------------------------------------------------
1045  |Info:    ------------------------------------------------------
1045  |Info:    |              Detecting other devices               |
1045  |Info:    ------------------------------------------------------
1057  |Info:    ------------------------------------------------------
1057  |Info:    |                Detection completed                 |
1057  |Info:    ------------------------------------------------------
