2024-11-26 21:50:21.226 [info] Getting Manifest... dracula-theme.theme-dracula
2024-11-26 21:50:21.227 [info] Getting Manifest... ecmel.vscode-html-css
2024-11-26 21:50:21.229 [info] Getting Manifest... evzen-wybitul.magic-racket
2024-11-26 21:50:21.230 [info] Getting Manifest... formulahendry.code-runner
2024-11-26 21:50:21.231 [info] Getting Manifest... golang.go
2024-11-26 21:50:21.231 [info] Getting Manifest... ms-azuretools.vscode-docker
2024-11-26 21:50:21.232 [info] Getting Manifest... ms-python.debugpy
2024-11-26 21:50:21.233 [info] Getting Manifest... ms-python.python
2024-11-26 21:50:21.234 [info] Getting Manifest... ms-toolsai.jupyter
2024-11-26 21:50:21.235 [info] Getting Manifest... ms-toolsai.jupyter-renderers
2024-11-26 21:50:21.235 [info] Getting Manifest... mtxr.sqltools
2024-11-26 21:50:21.236 [info] Getting Manifest... redhat.vscode-yaml
2024-11-26 21:50:21.237 [info] Getting Manifest... svelte.svelte-vscode
2024-11-26 21:50:21.655 [info] Installing extension: redhat.vscode-yaml {"productVersion":{"version":"1.95.1","date":"2024-11-01T17:20:55.708Z"},"pinned":false,"operation":3,"isApplicationScoped":false,"profileLocation":{"$mid":1,"external":"vscode-userdata:/home/matt/.vscode-oss/extensions/extensions.json","path":"/home/matt/.vscode-oss/extensions/extensions.json","scheme":"vscode-userdata"},"installOnlyNewlyAddedFromExtensionPack":true}
2024-11-26 21:50:21.658 [info] Installing extension: ecmel.vscode-html-css {"productVersion":{"version":"1.95.1","date":"2024-11-01T17:20:55.708Z"},"pinned":false,"operation":3,"isApplicationScoped":false,"profileLocation":{"$mid":1,"external":"vscode-userdata:/home/matt/.vscode-oss/extensions/extensions.json","path":"/home/matt/.vscode-oss/extensions/extensions.json","scheme":"vscode-userdata"},"installOnlyNewlyAddedFromExtensionPack":true}
2024-11-26 21:50:21.665 [info] Installing extension: ms-toolsai.jupyter-renderers {"productVersion":{"version":"1.95.1","date":"2024-11-01T17:20:55.708Z"},"pinned":false,"operation":3,"isApplicationScoped":false,"profileLocation":{"$mid":1,"external":"vscode-userdata:/home/matt/.vscode-oss/extensions/extensions.json","path":"/home/matt/.vscode-oss/extensions/extensions.json","scheme":"vscode-userdata"},"installOnlyNewlyAddedFromExtensionPack":true}
2024-11-26 21:50:21.665 [info] Installing extension: formulahendry.code-runner {"productVersion":{"version":"1.95.1","date":"2024-11-01T17:20:55.708Z"},"pinned":false,"operation":3,"isApplicationScoped":false,"profileLocation":{"$mid":1,"external":"vscode-userdata:/home/matt/.vscode-oss/extensions/extensions.json","path":"/home/matt/.vscode-oss/extensions/extensions.json","scheme":"vscode-userdata"},"installOnlyNewlyAddedFromExtensionPack":true}
2024-11-26 21:50:21.686 [info] Installing extension: svelte.svelte-vscode {"productVersion":{"version":"1.95.1","date":"2024-11-01T17:20:55.708Z"},"pinned":false,"operation":3,"isApplicationScoped":false,"profileLocation":{"$mid":1,"external":"vscode-userdata:/home/matt/.vscode-oss/extensions/extensions.json","path":"/home/matt/.vscode-oss/extensions/extensions.json","scheme":"vscode-userdata"},"installOnlyNewlyAddedFromExtensionPack":true}
2024-11-26 21:50:21.689 [info] Installing extension: dracula-theme.theme-dracula {"productVersion":{"version":"1.95.1","date":"2024-11-01T17:20:55.708Z"},"pinned":false,"operation":3,"isApplicationScoped":false,"profileLocation":{"$mid":1,"external":"vscode-userdata:/home/matt/.vscode-oss/extensions/extensions.json","path":"/home/matt/.vscode-oss/extensions/extensions.json","scheme":"vscode-userdata"},"installOnlyNewlyAddedFromExtensionPack":true}
2024-11-26 21:50:21.718 [info] Installing extension: evzen-wybitul.magic-racket {"productVersion":{"version":"1.95.1","date":"2024-11-01T17:20:55.708Z"},"pinned":false,"operation":3,"isApplicationScoped":false,"profileLocation":{"$mid":1,"external":"vscode-userdata:/home/matt/.vscode-oss/extensions/extensions.json","path":"/home/matt/.vscode-oss/extensions/extensions.json","scheme":"vscode-userdata"},"installOnlyNewlyAddedFromExtensionPack":true}
2024-11-26 21:50:21.744 [info] Installing extension: mtxr.sqltools {"productVersion":{"version":"1.95.1","date":"2024-11-01T17:20:55.708Z"},"pinned":false,"operation":3,"isApplicationScoped":false,"profileLocation":{"$mid":1,"external":"vscode-userdata:/home/matt/.vscode-oss/extensions/extensions.json","path":"/home/matt/.vscode-oss/extensions/extensions.json","scheme":"vscode-userdata"},"installOnlyNewlyAddedFromExtensionPack":true}
2024-11-26 21:50:21.745 [info] Installing extension: ms-azuretools.vscode-docker {"productVersion":{"version":"1.95.1","date":"2024-11-01T17:20:55.708Z"},"pinned":false,"operation":3,"isApplicationScoped":false,"profileLocation":{"$mid":1,"external":"vscode-userdata:/home/matt/.vscode-oss/extensions/extensions.json","path":"/home/matt/.vscode-oss/extensions/extensions.json","scheme":"vscode-userdata"},"installOnlyNewlyAddedFromExtensionPack":true}
2024-11-26 21:50:21.746 [info] Installing extension: golang.go {"productVersion":{"version":"1.95.1","date":"2024-11-01T17:20:55.708Z"},"pinned":false,"operation":3,"isApplicationScoped":false,"profileLocation":{"$mid":1,"external":"vscode-userdata:/home/matt/.vscode-oss/extensions/extensions.json","path":"/home/matt/.vscode-oss/extensions/extensions.json","scheme":"vscode-userdata"},"installOnlyNewlyAddedFromExtensionPack":true}
2024-11-26 21:50:21.757 [info] Installing extension: ms-python.python {"productVersion":{"version":"1.95.1","date":"2024-11-01T17:20:55.708Z"},"pinned":false,"operation":3,"isApplicationScoped":false,"profileLocation":{"$mid":1,"external":"vscode-userdata:/home/matt/.vscode-oss/extensions/extensions.json","path":"/home/matt/.vscode-oss/extensions/extensions.json","scheme":"vscode-userdata"},"installOnlyNewlyAddedFromExtensionPack":true}
2024-11-26 21:50:21.758 [info] Installing extension: ms-python.debugpy {"productVersion":{"version":"1.95.1","date":"2024-11-01T17:20:55.708Z"},"pinned":false,"operation":3,"isApplicationScoped":false,"profileLocation":{"$mid":1,"external":"vscode-userdata:/home/matt/.vscode-oss/extensions/extensions.json","path":"/home/matt/.vscode-oss/extensions/extensions.json","scheme":"vscode-userdata"},"installOnlyNewlyAddedFromExtensionPack":true}
2024-11-26 21:50:21.761 [info] Installing extension: ms-toolsai.jupyter {"productVersion":{"version":"1.95.1","date":"2024-11-01T17:20:55.708Z"},"pinned":false,"operation":3,"isApplicationScoped":false,"profileLocation":{"$mid":1,"external":"vscode-userdata:/home/matt/.vscode-oss/extensions/extensions.json","path":"/home/matt/.vscode-oss/extensions/extensions.json","scheme":"vscode-userdata"},"installOnlyNewlyAddedFromExtensionPack":true}
2024-11-26 21:50:21.992 [info] Getting Manifest... ms-python.python
2024-11-26 21:50:22.613 [error] Could not load vsce-sign module Cannot find package '@vscode/vsce-sign' imported from /usr/lib/code/out/vs/code/electron-utility/sharedProcess/sharedProcessMain.js
2024-11-26 21:50:22.613 [info] Extension signature verification is not done: ecmel.vscode-html-css
2024-11-26 21:50:22.649 [info] Extracted extension to file:///home/matt/.vscode-oss/extensions/ecmel.vscode-html-css-2.0.11-universal: ecmel.vscode-html-css
2024-11-26 21:50:22.655 [error] Could not load vsce-sign module Cannot find package '@vscode/vsce-sign' imported from /usr/lib/code/out/vs/code/electron-utility/sharedProcess/sharedProcessMain.js
2024-11-26 21:50:22.655 [info] Extension signature verification is not done: dracula-theme.theme-dracula
2024-11-26 21:50:22.658 [info] Renamed to /home/matt/.vscode-oss/extensions/ecmel.vscode-html-css-2.0.11-universal
2024-11-26 21:50:22.670 [error] Could not load vsce-sign module Cannot find package '@vscode/vsce-sign' imported from /usr/lib/code/out/vs/code/electron-utility/sharedProcess/sharedProcessMain.js
2024-11-26 21:50:22.671 [info] Extension signature verification is not done: formulahendry.code-runner
2024-11-26 21:50:22.684 [error] Could not load vsce-sign module Cannot find package '@vscode/vsce-sign' imported from /usr/lib/code/out/vs/code/electron-utility/sharedProcess/sharedProcessMain.js
2024-11-26 21:50:22.685 [info] Extension signature verification is not done: redhat.vscode-yaml
2024-11-26 21:50:22.698 [info] Marked extension as uninstalled ecmel.vscode-html-css-2.0.9-universal
2024-11-26 21:50:22.718 [info] Extension installed successfully: ecmel.vscode-html-css vscode-userdata:/home/matt/.vscode-oss/extensions/extensions.json
2024-11-26 21:50:22.720 [error] Could not load vsce-sign module Cannot find package '@vscode/vsce-sign' imported from /usr/lib/code/out/vs/code/electron-utility/sharedProcess/sharedProcessMain.js
2024-11-26 21:50:22.720 [info] Extension signature verification is not done: golang.go
2024-11-26 21:50:22.723 [error] Could not load vsce-sign module Cannot find package '@vscode/vsce-sign' imported from /usr/lib/code/out/vs/code/electron-utility/sharedProcess/sharedProcessMain.js
2024-11-26 21:50:22.723 [info] Extension signature verification is not done: mtxr.sqltools
2024-11-26 21:50:22.737 [error] Could not load vsce-sign module Cannot find package '@vscode/vsce-sign' imported from /usr/lib/code/out/vs/code/electron-utility/sharedProcess/sharedProcessMain.js
2024-11-26 21:50:22.737 [info] Extension signature verification is not done: evzen-wybitul.magic-racket
2024-11-26 21:50:22.751 [error] [uncaught exception in sharedProcess]: Error: ENOENT: no such file or directory, stat '/home/matt/.vscode-oss/extensions/extensions.json.vsctmp': EntryNotFound (FileSystemError): Error: ENOENT: no such file or directory, stat '/home/matt/.vscode-oss/extensions/extensions.json.vsctmp'
    at hm.create (file:///usr/lib/code/out/vs/code/electron-utility/sharedProcess/sharedProcessMain.js:35:39254)
    at Es (file:///usr/lib/code/out/vs/code/electron-utility/sharedProcess/sharedProcessMain.js:35:39361)
    at Fr.ib (file:///usr/lib/code/out/vs/code/electron-utility/sharedProcess/sharedProcessMain.js:71:22677)
    at Fr.stat (file:///usr/lib/code/out/vs/code/electron-utility/sharedProcess/sharedProcessMain.js:71:16010)
    at async Zl.stat (file:///usr/lib/code/out/vs/code/electron-utility/sharedProcess/sharedProcessMain.js:70:84491)
    at async Jl.yb (file:///usr/lib/code/out/vs/code/electron-utility/sharedProcess/sharedProcessMain.js:70:66605)
2024-11-26 21:50:22.756 [error] Could not load vsce-sign module Cannot find package '@vscode/vsce-sign' imported from /usr/lib/code/out/vs/code/electron-utility/sharedProcess/sharedProcessMain.js
2024-11-26 21:50:22.756 [info] Extension signature verification is not done: ms-azuretools.vscode-docker
2024-11-26 21:50:22.801 [info] Extracted extension to file:///home/matt/.vscode-oss/extensions/dracula-theme.theme-dracula-2.25.1-universal: dracula-theme.theme-dracula
2024-11-26 21:50:22.818 [info] Renamed to /home/matt/.vscode-oss/extensions/dracula-theme.theme-dracula-2.25.1-universal
2024-11-26 21:50:22.827 [error] Could not load vsce-sign module Cannot find package '@vscode/vsce-sign' imported from /usr/lib/code/out/vs/code/electron-utility/sharedProcess/sharedProcessMain.js
2024-11-26 21:50:22.827 [info] Extension signature verification is not done: svelte.svelte-vscode
2024-11-26 21:50:22.857 [info] Marked extension as uninstalled dracula-theme.theme-dracula-2.24.2-universal
2024-11-26 21:50:22.900 [info] Extension installed successfully: dracula-theme.theme-dracula vscode-userdata:/home/matt/.vscode-oss/extensions/extensions.json
2024-11-26 21:50:23.065 [info] Extracted extension to file:///home/matt/.vscode-oss/extensions/evzen-wybitul.magic-racket-0.6.7-universal: evzen-wybitul.magic-racket
2024-11-26 21:50:23.074 [info] Renamed to /home/matt/.vscode-oss/extensions/evzen-wybitul.magic-racket-0.6.7-universal
2024-11-26 21:50:23.139 [info] Marked extension as uninstalled evzen-wybitul.magic-racket-0.6.6-universal
2024-11-26 21:50:23.142 [error] Could not load vsce-sign module Cannot find package '@vscode/vsce-sign' imported from /usr/lib/code/out/vs/code/electron-utility/sharedProcess/sharedProcessMain.js
2024-11-26 21:50:23.142 [info] Extension signature verification is not done: ms-toolsai.jupyter-renderers
2024-11-26 21:50:23.144 [info] Extension installed successfully: evzen-wybitul.magic-racket vscode-userdata:/home/matt/.vscode-oss/extensions/extensions.json
2024-11-26 21:50:23.148 [error] Could not load vsce-sign module Cannot find package '@vscode/vsce-sign' imported from /usr/lib/code/out/vs/code/electron-utility/sharedProcess/sharedProcessMain.js
2024-11-26 21:50:23.148 [info] Extension signature verification is not done: ms-python.python
2024-11-26 21:50:23.165 [info] Extracted extension to file:///home/matt/.vscode-oss/extensions/golang.go-0.42.1-universal: golang.go
2024-11-26 21:50:23.171 [error] [uncaught exception in sharedProcess]: Error: ENOENT: no such file or directory, stat '/home/matt/.vscode-oss/extensions/extensions.json.vsctmp': EntryNotFound (FileSystemError): Error: ENOENT: no such file or directory, stat '/home/matt/.vscode-oss/extensions/extensions.json.vsctmp'
    at hm.create (file:///usr/lib/code/out/vs/code/electron-utility/sharedProcess/sharedProcessMain.js:35:39254)
    at Es (file:///usr/lib/code/out/vs/code/electron-utility/sharedProcess/sharedProcessMain.js:35:39361)
    at Fr.ib (file:///usr/lib/code/out/vs/code/electron-utility/sharedProcess/sharedProcessMain.js:71:22677)
    at Fr.stat (file:///usr/lib/code/out/vs/code/electron-utility/sharedProcess/sharedProcessMain.js:71:16010)
    at async Zl.stat (file:///usr/lib/code/out/vs/code/electron-utility/sharedProcess/sharedProcessMain.js:70:84491)
    at async Jl.yb (file:///usr/lib/code/out/vs/code/electron-utility/sharedProcess/sharedProcessMain.js:70:66605)
2024-11-26 21:50:23.177 [info] Renamed to /home/matt/.vscode-oss/extensions/golang.go-0.42.1-universal
2024-11-26 21:50:23.215 [error] Could not load vsce-sign module Cannot find package '@vscode/vsce-sign' imported from /usr/lib/code/out/vs/code/electron-utility/sharedProcess/sharedProcessMain.js
2024-11-26 21:50:23.216 [info] Extension signature verification is not done: ms-python.debugpy
2024-11-26 21:50:23.219 [info] Marked extension as uninstalled golang.go-0.41.2-universal
2024-11-26 21:50:23.223 [info] Extension installed successfully: golang.go vscode-userdata:/home/matt/.vscode-oss/extensions/extensions.json
2024-11-26 21:50:23.234 [info] Extracted extension to file:///home/matt/.vscode-oss/extensions/redhat.vscode-yaml-1.15.0-universal: redhat.vscode-yaml
2024-11-26 21:50:23.245 [info] Renamed to /home/matt/.vscode-oss/extensions/redhat.vscode-yaml-1.15.0-universal
2024-11-26 21:50:23.290 [info] Marked extension as uninstalled redhat.vscode-yaml-1.14.0-universal
2024-11-26 21:50:23.301 [info] Extension installed successfully: redhat.vscode-yaml vscode-userdata:/home/matt/.vscode-oss/extensions/extensions.json
2024-11-26 21:50:23.355 [info] Extracted extension to file:///home/matt/.vscode-oss/extensions/mtxr.sqltools-0.28.3-universal: mtxr.sqltools
2024-11-26 21:50:23.366 [info] Renamed to /home/matt/.vscode-oss/extensions/mtxr.sqltools-0.28.3-universal
2024-11-26 21:50:23.403 [error] Could not load vsce-sign module Cannot find package '@vscode/vsce-sign' imported from /usr/lib/code/out/vs/code/electron-utility/sharedProcess/sharedProcessMain.js
2024-11-26 21:50:23.406 [info] Extension signature verification is not done: ms-toolsai.jupyter
2024-11-26 21:50:23.408 [info] Marked extension as uninstalled mtxr.sqltools-0.28.1-universal
2024-11-26 21:50:23.408 [info] Extension installed successfully: mtxr.sqltools vscode-userdata:/home/matt/.vscode-oss/extensions/extensions.json
2024-11-26 21:50:23.415 [info] Extracted extension to file:///home/matt/.vscode-oss/extensions/ms-azuretools.vscode-docker-1.29.3-universal: ms-azuretools.vscode-docker
2024-11-26 21:50:23.430 [info] Renamed to /home/matt/.vscode-oss/extensions/ms-azuretools.vscode-docker-1.29.3-universal
2024-11-26 21:50:23.479 [info] Marked extension as uninstalled ms-azuretools.vscode-docker-1.29.0-universal
2024-11-26 21:50:23.483 [info] Extension installed successfully: ms-azuretools.vscode-docker vscode-userdata:/home/matt/.vscode-oss/extensions/extensions.json
2024-11-26 21:50:23.583 [info] Extracted extension to file:///home/matt/.vscode-oss/extensions/formulahendry.code-runner-0.12.2-universal: formulahendry.code-runner
2024-11-26 21:50:23.592 [info] Renamed to /home/matt/.vscode-oss/extensions/formulahendry.code-runner-0.12.2-universal
2024-11-26 21:50:23.615 [info] Marked extension as uninstalled formulahendry.code-runner-0.12.1-universal
2024-11-26 21:50:23.624 [info] Extension installed successfully: formulahendry.code-runner vscode-userdata:/home/matt/.vscode-oss/extensions/extensions.json
2024-11-26 21:50:23.676 [error] [uncaught exception in sharedProcess]: Error: ENOENT: no such file or directory, stat '/home/matt/.vscode-oss/extensions/extensions.json.vsctmp': EntryNotFound (FileSystemError): Error: ENOENT: no such file or directory, stat '/home/matt/.vscode-oss/extensions/extensions.json.vsctmp'
    at hm.create (file:///usr/lib/code/out/vs/code/electron-utility/sharedProcess/sharedProcessMain.js:35:39254)
    at Es (file:///usr/lib/code/out/vs/code/electron-utility/sharedProcess/sharedProcessMain.js:35:39361)
    at Fr.ib (file:///usr/lib/code/out/vs/code/electron-utility/sharedProcess/sharedProcessMain.js:71:22677)
    at Fr.stat (file:///usr/lib/code/out/vs/code/electron-utility/sharedProcess/sharedProcessMain.js:71:16010)
    at async Zl.stat (file:///usr/lib/code/out/vs/code/electron-utility/sharedProcess/sharedProcessMain.js:70:84491)
    at async Jl.yb (file:///usr/lib/code/out/vs/code/electron-utility/sharedProcess/sharedProcessMain.js:70:66605)
2024-11-26 21:50:24.062 [info] Extracted extension to file:///home/matt/.vscode-oss/extensions/ms-toolsai.jupyter-renderers-1.0.21-universal: ms-toolsai.jupyter-renderers
2024-11-26 21:50:24.077 [info] Renamed to /home/matt/.vscode-oss/extensions/ms-toolsai.jupyter-renderers-1.0.21-universal
2024-11-26 21:50:24.100 [info] Marked extension as uninstalled ms-toolsai.jupyter-renderers-1.0.17-universal
2024-11-26 21:50:24.110 [info] Extension installed successfully: ms-toolsai.jupyter-renderers vscode-userdata:/home/matt/.vscode-oss/extensions/extensions.json
2024-11-26 21:50:24.162 [error] [uncaught exception in sharedProcess]: Error: ENOENT: no such file or directory, stat '/home/matt/.vscode-oss/extensions/extensions.json.vsctmp': EntryNotFound (FileSystemError): Error: ENOENT: no such file or directory, stat '/home/matt/.vscode-oss/extensions/extensions.json.vsctmp'
    at hm.create (file:///usr/lib/code/out/vs/code/electron-utility/sharedProcess/sharedProcessMain.js:35:39254)
    at Es (file:///usr/lib/code/out/vs/code/electron-utility/sharedProcess/sharedProcessMain.js:35:39361)
    at Fr.ib (file:///usr/lib/code/out/vs/code/electron-utility/sharedProcess/sharedProcessMain.js:71:22677)
    at Fr.stat (file:///usr/lib/code/out/vs/code/electron-utility/sharedProcess/sharedProcessMain.js:71:16010)
    at async Zl.stat (file:///usr/lib/code/out/vs/code/electron-utility/sharedProcess/sharedProcessMain.js:70:84491)
    at async Jl.yb (file:///usr/lib/code/out/vs/code/electron-utility/sharedProcess/sharedProcessMain.js:70:66605)
2024-11-26 21:50:24.616 [info] Extracted extension to file:///home/matt/.vscode-oss/extensions/ms-toolsai.jupyter-2024.10.0-universal: ms-toolsai.jupyter
2024-11-26 21:50:24.628 [info] Renamed to /home/matt/.vscode-oss/extensions/ms-toolsai.jupyter-2024.10.0-universal
2024-11-26 21:50:24.669 [info] Marked extension as uninstalled ms-toolsai.jupyter-2023.9.100-universal
2024-11-26 21:50:24.673 [info] Extension installed successfully: ms-toolsai.jupyter vscode-userdata:/home/matt/.vscode-oss/extensions/extensions.json
2024-11-26 21:50:24.721 [error] [uncaught exception in sharedProcess]: Error: ENOENT: no such file or directory, stat '/home/matt/.vscode-oss/extensions/extensions.json.vsctmp': EntryNotFound (FileSystemError): Error: ENOENT: no such file or directory, stat '/home/matt/.vscode-oss/extensions/extensions.json.vsctmp'
    at hm.create (file:///usr/lib/code/out/vs/code/electron-utility/sharedProcess/sharedProcessMain.js:35:39254)
    at Es (file:///usr/lib/code/out/vs/code/electron-utility/sharedProcess/sharedProcessMain.js:35:39361)
    at Fr.ib (file:///usr/lib/code/out/vs/code/electron-utility/sharedProcess/sharedProcessMain.js:71:22677)
    at Fr.stat (file:///usr/lib/code/out/vs/code/electron-utility/sharedProcess/sharedProcessMain.js:71:16010)
    at async Zl.stat (file:///usr/lib/code/out/vs/code/electron-utility/sharedProcess/sharedProcessMain.js:70:84491)
    at async Jl.yb (file:///usr/lib/code/out/vs/code/electron-utility/sharedProcess/sharedProcessMain.js:70:66605)
2024-11-26 21:50:24.725 [info] Extracted extension to file:///home/matt/.vscode-oss/extensions/ms-python.debugpy-2024.12.0-linux-x64: ms-python.debugpy
2024-11-26 21:50:24.730 [info] Renamed to /home/matt/.vscode-oss/extensions/ms-python.debugpy-2024.12.0-linux-x64
2024-11-26 21:50:24.745 [info] Marked extension as uninstalled ms-python.debugpy-2024.2.0-linux-x64
2024-11-26 21:50:24.756 [info] Extension installed successfully: ms-python.debugpy vscode-userdata:/home/matt/.vscode-oss/extensions/extensions.json
2024-11-26 21:50:26.340 [info] Extracted extension to file:///home/matt/.vscode-oss/extensions/ms-python.python-2024.20.0-universal: ms-python.python
2024-11-26 21:50:26.352 [info] Renamed to /home/matt/.vscode-oss/extensions/ms-python.python-2024.20.0-universal
2024-11-26 21:50:26.388 [info] Marked extension as uninstalled ms-python.python-2024.2.1-universal
2024-11-26 21:50:26.399 [info] Extension installed successfully: ms-python.python vscode-userdata:/home/matt/.vscode-oss/extensions/extensions.json
2024-11-26 21:50:26.440 [error] [uncaught exception in sharedProcess]: Error: ENOENT: no such file or directory, stat '/home/matt/.vscode-oss/extensions/extensions.json.vsctmp': EntryNotFound (FileSystemError): Error: ENOENT: no such file or directory, stat '/home/matt/.vscode-oss/extensions/extensions.json.vsctmp'
    at hm.create (file:///usr/lib/code/out/vs/code/electron-utility/sharedProcess/sharedProcessMain.js:35:39254)
    at Es (file:///usr/lib/code/out/vs/code/electron-utility/sharedProcess/sharedProcessMain.js:35:39361)
    at Fr.ib (file:///usr/lib/code/out/vs/code/electron-utility/sharedProcess/sharedProcessMain.js:71:22677)
    at Fr.stat (file:///usr/lib/code/out/vs/code/electron-utility/sharedProcess/sharedProcessMain.js:71:16010)
    at async Zl.stat (file:///usr/lib/code/out/vs/code/electron-utility/sharedProcess/sharedProcessMain.js:70:84491)
    at async Jl.yb (file:///usr/lib/code/out/vs/code/electron-utility/sharedProcess/sharedProcessMain.js:70:66605)
2024-11-26 21:50:27.289 [info] Extracted extension to file:///home/matt/.vscode-oss/extensions/svelte.svelte-vscode-109.3.2-universal: svelte.svelte-vscode
2024-11-26 21:50:27.300 [info] Renamed to /home/matt/.vscode-oss/extensions/svelte.svelte-vscode-109.3.2-universal
2024-11-26 21:50:27.320 [info] Marked extension as uninstalled svelte.svelte-vscode-108.3.3-universal
2024-11-26 21:50:27.352 [info] Extension installed successfully: svelte.svelte-vscode vscode-userdata:/home/matt/.vscode-oss/extensions/extensions.json
2024-11-26 21:50:27.385 [error] [uncaught exception in sharedProcess]: Error: ENOENT: no such file or directory, stat '/home/matt/.vscode-oss/extensions/extensions.json.vsctmp': EntryNotFound (FileSystemError): Error: ENOENT: no such file or directory, stat '/home/matt/.vscode-oss/extensions/extensions.json.vsctmp'
    at hm.create (file:///usr/lib/code/out/vs/code/electron-utility/sharedProcess/sharedProcessMain.js:35:39254)
    at Es (file:///usr/lib/code/out/vs/code/electron-utility/sharedProcess/sharedProcessMain.js:35:39361)
    at Fr.ib (file:///usr/lib/code/out/vs/code/electron-utility/sharedProcess/sharedProcessMain.js:71:22677)
    at Fr.stat (file:///usr/lib/code/out/vs/code/electron-utility/sharedProcess/sharedProcessMain.js:71:16010)
    at async Zl.stat (file:///usr/lib/code/out/vs/code/electron-utility/sharedProcess/sharedProcessMain.js:70:84491)
    at async Jl.yb (file:///usr/lib/code/out/vs/code/electron-utility/sharedProcess/sharedProcessMain.js:70:66605)
2024-11-26 21:52:06.568 [info] Getting Manifest... ms-vscode.powershell
2024-11-26 21:52:06.906 [info] Installing extension: ms-vscode.powershell {"isMachineScoped":false,"installPreReleaseVersion":false,"pinned":false,"profileLocation":{"$mid":1,"external":"vscode-userdata:/home/matt/.vscode-oss/extensions/extensions.json","path":"/home/matt/.vscode-oss/extensions/extensions.json","scheme":"vscode-userdata"},"installOnlyNewlyAddedFromExtensionPack":true,"isApplicationScoped":false,"productVersion":{"version":"1.95.1","date":"2024-11-01T17:20:55.708Z"}}
2024-11-26 21:52:07.961 [error] Could not load vsce-sign module Cannot find package '@vscode/vsce-sign' imported from /usr/lib/code/out/vs/code/electron-utility/sharedProcess/sharedProcessMain.js
2024-11-26 21:52:07.962 [info] Extension signature verification is not done: ms-vscode.powershell
2024-11-26 21:52:10.650 [info] Extracted extension to file:///home/matt/.vscode-oss/extensions/ms-vscode.powershell-2024.4.0-universal: ms-vscode.powershell
2024-11-26 21:52:10.657 [info] Renamed to /home/matt/.vscode-oss/extensions/ms-vscode.powershell-2024.4.0-universal
2024-11-26 21:52:10.696 [info] Extension installed successfully: ms-vscode.powershell vscode-userdata:/home/matt/.vscode-oss/extensions/extensions.json
2024-11-26 21:52:10.747 [error] [uncaught exception in sharedProcess]: Error: ENOENT: no such file or directory, stat '/home/matt/.vscode-oss/extensions/extensions.json.vsctmp': EntryNotFound (FileSystemError): Error: ENOENT: no such file or directory, stat '/home/matt/.vscode-oss/extensions/extensions.json.vsctmp'
    at hm.create (file:///usr/lib/code/out/vs/code/electron-utility/sharedProcess/sharedProcessMain.js:35:39254)
    at Es (file:///usr/lib/code/out/vs/code/electron-utility/sharedProcess/sharedProcessMain.js:35:39361)
    at Fr.ib (file:///usr/lib/code/out/vs/code/electron-utility/sharedProcess/sharedProcessMain.js:71:22677)
    at Fr.stat (file:///usr/lib/code/out/vs/code/electron-utility/sharedProcess/sharedProcessMain.js:71:16010)
    at async Zl.stat (file:///usr/lib/code/out/vs/code/electron-utility/sharedProcess/sharedProcessMain.js:70:84491)
    at async Jl.yb (file:///usr/lib/code/out/vs/code/electron-utility/sharedProcess/sharedProcessMain.js:70:66605)
