2025-05-03 19:48:21.078 [info] Started local extension host with pid 7721.
2025-05-03 19:48:21.538 [error] Extension 'ms-python.debugpy CANNOT USE these API proposals 'portsAttributes, debugVisualization, contribViewsWelcome'. You MUST start in extension development mode or use the --enable-proposed-api command line flag
2025-05-03 19:48:21.539 [error] Extension 'ms-python.python CANNOT USE these API proposals 'contribEditorContentMenu, quickPickSortByLabel, testObserver, quickPickItemTooltip, terminalDataWriteEvent, terminalExecuteCommandEvent, codeActionAI, notebookReplDocument, notebookVariableProvider'. You MUST start in extension development mode or use the --enable-proposed-api command line flag
2025-05-03 19:48:21.539 [error] Extension 'ms-toolsai.jupyter CANNOT USE these API proposals 'notebookDeprecated, notebookMessaging, notebookMime, contribNotebookStaticPreloads, portsAttributes, quickPickSortByLabel, notebookKernelSource, interactiveWindow, quickPickItemTooltip, notebookExecution, notebookCellExecution, notebookVariableProvider, notebookReplDocument'. You MUST start in extension development mode or use the --enable-proposed-api command line flag
2025-05-03 19:48:21.539 [error] Extension 'ms-toolsai.jupyter-renderers CANNOT USE these API proposals 'contribNotebookStaticPreloads'. You MUST start in extension development mode or use the --enable-proposed-api command line flag
2025-05-03 19:48:21.578 [error] [ms-python.python]: editor/content is a proposed menu identifier. It requires 'package.json#enabledApiProposals: ["contribEditorContentMenu"]' and is only available when running out of dev or with the following command line switch: --enable-proposed-api ms-python.python
2025-05-03 19:48:21.972 [error] [eventyret.bootstrap-4-cdn-snippet]: Unknown language in `contributes.bootstrap-4-cdn-snippet.language`. Provided value: jinja-html
2025-05-03 19:48:21.972 [error] [eventyret.bootstrap-4-cdn-snippet]: Unknown language in `contributes.bootstrap-4-cdn-snippet.language`. Provided value: jinja-html
2025-05-03 19:48:21.972 [error] [eventyret.bootstrap-4-cdn-snippet]: Unknown language in `contributes.bootstrap-4-cdn-snippet.language`. Provided value: jinja-html
2025-05-03 19:48:21.972 [error] [eventyret.bootstrap-4-cdn-snippet]: Unknown language in `contributes.bootstrap-4-cdn-snippet.language`. Provided value: jinja-html
2025-05-03 19:48:21.973 [error] [eventyret.bootstrap-4-cdn-snippet]: Unknown language in `contributes.bootstrap-4-cdn-snippet.language`. Provided value: jinja-html
2025-05-03 19:48:21.973 [error] [eventyret.bootstrap-4-cdn-snippet]: Unknown language in `contributes.bootstrap-4-cdn-snippet.language`. Provided value: django-html
2025-05-03 19:48:21.973 [error] [eventyret.bootstrap-4-cdn-snippet]: Unknown language in `contributes.bootstrap-4-cdn-snippet.language`. Provided value: django-html
2025-05-03 19:48:21.973 [error] [eventyret.bootstrap-4-cdn-snippet]: Unknown language in `contributes.bootstrap-4-cdn-snippet.language`. Provided value: django-html
2025-05-03 19:48:21.973 [error] [eventyret.bootstrap-4-cdn-snippet]: Unknown language in `contributes.bootstrap-4-cdn-snippet.language`. Provided value: django-html
2025-05-03 19:48:21.973 [error] [eventyret.bootstrap-4-cdn-snippet]: Unknown language in `contributes.bootstrap-4-cdn-snippet.language`. Provided value: django-html
2025-05-03 19:48:23.921 [info] [perf] Render performance baseline is 18ms
2025-05-03 19:48:24.235 [info] Auto updating outdated extensions. golang.go, ms-azuretools.vscode-docker, ms-python.debugpy, ms-python.python, ms-toolsai.jupyter, redhat.vscode-yaml, svelte.svelte-vscode
2025-05-03 19:48:25.236 [info] Auto updating extension golang.go
2025-05-03 19:48:25.236 [info] Auto updating extension ms-azuretools.vscode-docker
2025-05-03 19:48:25.236 [info] Auto updating extension ms-python.debugpy
2025-05-03 19:48:25.237 [info] Auto updating extension ms-python.python
2025-05-03 19:48:25.237 [info] Auto updating extension ms-toolsai.jupyter
2025-05-03 19:48:25.237 [info] Auto updating extension redhat.vscode-yaml
2025-05-03 19:48:25.237 [info] Auto updating extension svelte.svelte-vscode
2025-05-03 19:48:27.725 [error] [ms-python.python]: editor/content is a proposed menu identifier. It requires 'package.json#enabledApiProposals: ["contribEditorContentMenu"]' and is only available when running out of dev or with the following command line switch: --enable-proposed-api ms-python.python
