2024-03-25 20:55:17.439 [info] Started local extension host with pid 5401.
2024-03-25 20:55:17.936 [error] Extension 'ms-python.python CANNOT USE these API proposals 'quickPickSortByLabel, testObserver'. You MUST start in extension development mode or use the --enable-proposed-api command line flag
2024-03-25 20:55:17.937 [error] Extension 'ms-toolsai.jupyter' wants API proposal 'notebookControllerKind' but that proposal DOES NOT EXIST. Likely, the proposal has been finalized (check 'vscode.d.ts') or was abandoned.
2024-03-25 20:55:17.937 [error] Extension 'ms-toolsai.jupyter CANNOT USE these API proposals 'notebookDeprecated, notebookMessaging, notebookMime, notebookCellExecutionState, portsAttributes, quickPickSortByLabel, notebookKernelSource, interactiveWindow, notebookControllerAffinityHidden, quickPickItemTooltip'. You MUST start in extension development mode or use the --enable-proposed-api command line flag
2024-03-25 20:55:17.937 [error] Extension 'ms-toolsai.jupyter-renderers CANNOT USE these API proposals 'contribNotebookStaticPreloads'. You MUST start in extension development mode or use the --enable-proposed-api command line flag
2024-03-25 20:55:18.000 [error] [ms-toolsai.jupyter]: notebook/kernelSource is a proposed menu identifier. It requires 'package.json#enabledApiProposals: ["notebookKernelSource"]' and is only available when running out of dev or with the following command line switch: --enable-proposed-api ms-toolsai.jupyter
2024-03-25 20:55:20.965 [info] [perf] Render performance baseline is 45ms
2024-03-25 20:55:27.575 [error] Extension 'ms-python.debugpy CANNOT USE these API proposals 'portsAttributes'. You MUST start in extension development mode or use the --enable-proposed-api command line flag
2024-03-25 20:55:27.589 [error] [ms-toolsai.jupyter]: notebook/kernelSource is a proposed menu identifier. It requires 'package.json#enabledApiProposals: ["notebookKernelSource"]' and is only available when running out of dev or with the following command line switch: --enable-proposed-api ms-toolsai.jupyter
2024-03-25 20:55:32.703 [info] Started local extension host with pid 5662.
2024-03-25 20:55:32.877 [error] Extension 'ms-python.debugpy CANNOT USE these API proposals 'portsAttributes'. You MUST start in extension development mode or use the --enable-proposed-api command line flag
2024-03-25 20:55:32.877 [error] Extension 'ms-python.python CANNOT USE these API proposals 'contribEditorContentMenu, quickPickSortByLabel, testObserver, quickPickItemTooltip, terminalDataWriteEvent, terminalExecuteCommandEvent'. You MUST start in extension development mode or use the --enable-proposed-api command line flag
2024-03-25 20:55:32.877 [error] Extension 'ms-toolsai.jupyter CANNOT USE these API proposals 'notebookDeprecated, notebookMessaging, notebookMime, notebookCellExecutionState, contribNotebookStaticPreloads, portsAttributes, quickPickSortByLabel, notebookKernelSource, interactiveWindow, notebookControllerAffinityHidden, quickPickItemTooltip, notebookExecution'. You MUST start in extension development mode or use the --enable-proposed-api command line flag
2024-03-25 20:55:32.877 [error] Extension 'ms-toolsai.jupyter-renderers CANNOT USE these API proposals 'contribNotebookStaticPreloads'. You MUST start in extension development mode or use the --enable-proposed-api command line flag
2024-03-25 20:55:32.927 [error] [ms-python.python]: editor/content is a proposed menu identifier. It requires 'package.json#enabledApiProposals: ["contribEditorContentMenu"]' and is only available when running out of dev or with the following command line switch: --enable-proposed-api ms-python.python
2024-03-25 20:55:35.461 [info] [perf] Render performance baseline is 37ms
2024-03-25 20:56:30.824 [error] [ms-python.python]: editor/content is a proposed menu identifier. It requires 'package.json#enabledApiProposals: ["contribEditorContentMenu"]' and is only available when running out of dev or with the following command line switch: --enable-proposed-api ms-python.python
2024-03-25 20:57:25.567 [error] [ms-python.python]: editor/content is a proposed menu identifier. It requires 'package.json#enabledApiProposals: ["contribEditorContentMenu"]' and is only available when running out of dev or with the following command line switch: --enable-proposed-api ms-python.python
2024-03-25 20:57:55.558 [error] [ms-python.python]: editor/content is a proposed menu identifier. It requires 'package.json#enabledApiProposals: ["contribEditorContentMenu"]' and is only available when running out of dev or with the following command line switch: --enable-proposed-api ms-python.python
2024-03-25 20:58:20.896 [error] [eventyret.bootstrap-4-cdn-snippet]: Unknown language in `contributes.bootstrap-4-cdn-snippet.language`. Provided value: jinja-html
2024-03-25 20:58:20.896 [error] [eventyret.bootstrap-4-cdn-snippet]: Unknown language in `contributes.bootstrap-4-cdn-snippet.language`. Provided value: jinja-html
2024-03-25 20:58:20.896 [error] [eventyret.bootstrap-4-cdn-snippet]: Unknown language in `contributes.bootstrap-4-cdn-snippet.language`. Provided value: jinja-html
2024-03-25 20:58:20.897 [error] [eventyret.bootstrap-4-cdn-snippet]: Unknown language in `contributes.bootstrap-4-cdn-snippet.language`. Provided value: jinja-html
2024-03-25 20:58:20.897 [error] [eventyret.bootstrap-4-cdn-snippet]: Unknown language in `contributes.bootstrap-4-cdn-snippet.language`. Provided value: jinja-html
2024-03-25 20:58:20.897 [error] [eventyret.bootstrap-4-cdn-snippet]: Unknown language in `contributes.bootstrap-4-cdn-snippet.language`. Provided value: django-html
2024-03-25 20:58:20.897 [error] [eventyret.bootstrap-4-cdn-snippet]: Unknown language in `contributes.bootstrap-4-cdn-snippet.language`. Provided value: django-html
2024-03-25 20:58:20.897 [error] [eventyret.bootstrap-4-cdn-snippet]: Unknown language in `contributes.bootstrap-4-cdn-snippet.language`. Provided value: django-html
2024-03-25 20:58:20.898 [error] [eventyret.bootstrap-4-cdn-snippet]: Unknown language in `contributes.bootstrap-4-cdn-snippet.language`. Provided value: django-html
2024-03-25 20:58:20.898 [error] [eventyret.bootstrap-4-cdn-snippet]: Unknown language in `contributes.bootstrap-4-cdn-snippet.language`. Provided value: django-html
2024-03-25 20:58:27.557 [error] [ms-python.python]: editor/content is a proposed menu identifier. It requires 'package.json#enabledApiProposals: ["contribEditorContentMenu"]' and is only available when running out of dev or with the following command line switch: --enable-proposed-api ms-python.python
2024-03-25 20:59:28.804 [error] [ms-python.python]: editor/content is a proposed menu identifier. It requires 'package.json#enabledApiProposals: ["contribEditorContentMenu"]' and is only available when running out of dev or with the following command line switch: --enable-proposed-api ms-python.python
