2024-03-25 20:55:17.383 [info] Added views:workbench.panel.markers.view in workbench.panel.markers
2024-03-25 20:55:17.383 [info] Added views:workbench.panel.output in workbench.panel.output
2024-03-25 20:55:17.383 [info] Added views:terminal in terminal
2024-03-25 20:55:17.383 [info] Added views:outline in workbench.view.explorer
2024-03-25 20:55:17.383 [info] Added views:workbench.scm in workbench.view.scm
2024-03-25 20:55:17.383 [info] Added views:workbench.view.search in workbench.view.search
2024-03-25 20:55:17.383 [info] Added views:timeline in workbench.view.explorer
2024-03-25 20:55:17.383 [info] Added views:workbench.explorer.emptyView in workbench.view.explorer
2024-03-25 20:55:18.049 [info] Added views:dockerContainers,dockerImages,dockerRegistries,dockerNetworks,dockerVolumes,vscode-docker.views.dockerContexts,vscode-docker.views.help in workbench.view.extension.dockerView
2024-03-25 20:55:18.176 [info] Added views:workbench.debug.variablesView,workbench.debug.watchExpressionsView,workbench.debug.callStackView,workbench.debug.breakPointsView in workbench.view.debug
2024-03-25 20:55:18.198 [info] Added views:workbench.panel.repl.view in workbench.panel.repl
2024-03-25 20:55:18.200 [info] Removed views:workbench.debug.breakPointsView,workbench.debug.callStackView,workbench.debug.watchExpressionsView,workbench.debug.variablesView from workbench.view.debug
2024-03-25 20:55:18.200 [info] Added views:workbench.debug.welcome in workbench.view.debug
2024-03-25 20:55:18.328 [info] Added views:~remote.forwardedPorts in ~remote.forwardedPortsContainer
2024-03-25 20:55:29.348 [info] Added views:workbench.views.extensions.installed,workbench.views.extensions.popular,extensions.recommendedList in workbench.view.extensions
2024-03-25 20:55:29.350 [info] Removed views:workbench.views.extensions.popular from workbench.view.extensions
2024-03-25 20:55:32.609 [info] Added views:workbench.panel.markers.view in workbench.panel.markers
2024-03-25 20:55:32.609 [info] Added views:workbench.panel.output in workbench.panel.output
2024-03-25 20:55:32.609 [info] Added views:terminal in terminal
2024-03-25 20:55:32.609 [info] Added views:outline in workbench.view.explorer
2024-03-25 20:55:32.609 [info] Added views:workbench.scm in workbench.view.scm
2024-03-25 20:55:32.609 [info] Added views:workbench.view.search in workbench.view.search
2024-03-25 20:55:32.609 [info] Added views:timeline in workbench.view.explorer
2024-03-25 20:55:32.609 [info] Added views:workbench.explorer.emptyView in workbench.view.explorer
2024-03-25 20:55:32.964 [info] Added views:dockerContainers,dockerImages,dockerRegistries,dockerNetworks,dockerVolumes,vscode-docker.views.dockerContexts,vscode-docker.views.help in workbench.view.extension.dockerView
2024-03-25 20:55:33.085 [info] Added views:workbench.debug.welcome in workbench.view.debug
2024-03-25 20:55:33.342 [info] Added views:workbench.panel.repl.view in workbench.panel.repl
2024-03-25 20:55:33.371 [info] Added views:~remote.forwardedPorts in ~remote.forwardedPortsContainer
2024-03-25 20:55:33.422 [info] Added views:workbench.views.extensions.installed,extensions.recommendedList in workbench.view.extensions
2024-03-25 20:55:39.516 [info] Removed views:extensions.recommendedList,workbench.views.extensions.installed from workbench.view.extensions
2024-03-25 20:55:39.535 [info] Added views:workbench.views.extensions.marketplace in workbench.view.extensions
2024-03-25 20:59:28.828 [info] Added views:sqltoolsViewConnectionExplorer,sqltoolsViewBookmarksExplorer,sqltoolsViewHistoryExplorer in workbench.view.extension.sqltoolsActivityBarContainer
2024-03-25 20:59:28.830 [info] Added views:sqltoolsViewConsoleMessages in workbench.view.extension.sqltoolsPanelContainer
2024-03-25 21:01:44.126 [info] Removed views:workbench.views.extensions.marketplace from workbench.view.extensions
2024-03-25 21:01:44.139 [info] Added views:workbench.views.extensions.otherRecommendations in workbench.view.extensions
2024-03-25 21:01:51.630 [info] Removed views:workbench.views.extensions.otherRecommendations from workbench.view.extensions
2024-03-25 21:01:51.650 [info] Added views:workbench.views.extensions.marketplace in workbench.view.extensions
2024-03-25 21:04:03.130 [info] Removed views:workbench.views.extensions.marketplace from workbench.view.extensions
2024-03-25 21:04:03.147 [info] Added views:workbench.views.extensions.installed,extensions.recommendedList in workbench.view.extensions
