12/17/2024, 9:02:39 PM GMT 0: 

----------------------------------------------
12/17/2024, 9:02:39 PM GMT 1: Discord starting: {"releaseChannel":"stable","version":"0.0.78"}, modulepath: /home/matt/.config/discord/0.0.78/modules
12/17/2024, 9:02:39 PM GMT 2: ✅ webContents.created web1 ""
12/17/2024, 9:02:39 PM GMT 3: ✅ window.created win1 "discord"
12/17/2024, 9:02:39 PM GMT 4: ✅ webContents.did-finish-load web1
12/17/2024, 9:02:45 PM GMT 5: ✅ webContents.created web2 ""
12/17/2024, 9:02:45 PM GMT 6: ✅ window.created win2 "Discord"
12/17/2024, 9:02:47 PM GMT 7: ✅ webContents.did-finish-load web2
12/17/2024, 9:02:48 PM GMT 8: window.close win1
12/17/2024, 9:02:48 PM GMT 9: webContents.destroyed web1
12/17/2024, 9:02:48 PM GMT 10: window.closed win1
12/17/2024, 11:29:27 PM GMT 11: window.close win2
12/18/2024, 6:33:27 PM GMT 0: 

----------------------------------------------
12/18/2024, 6:33:27 PM GMT 1: Discord starting: {"releaseChannel":"stable","version":"0.0.78"}, modulepath: /home/matt/.config/discord/0.0.78/modules
12/18/2024, 6:33:27 PM GMT 2: ✅ webContents.created web1 ""
12/18/2024, 6:33:27 PM GMT 3: ✅ window.created win1 "discord"
12/18/2024, 6:33:27 PM GMT 4: ✅ webContents.did-finish-load web1
12/18/2024, 6:33:27 PM GMT 5: ✅ webContents.created web2 ""
12/18/2024, 6:33:27 PM GMT 6: ✅ window.created win2 "Discord"
12/18/2024, 6:33:31 PM GMT 7: ✅ webContents.did-finish-load web2
12/18/2024, 6:33:32 PM GMT 8: window.close win1
12/18/2024, 6:33:32 PM GMT 9: webContents.destroyed web1
12/18/2024, 6:33:32 PM GMT 10: window.closed win1
12/18/2024, 8:14:20 PM GMT 11: window.close win2
12/18/2024, 9:37:57 PM GMT 12: before-quit
12/19/2024, 5:18:40 PM GMT 0: 

----------------------------------------------
12/19/2024, 5:18:40 PM GMT 1: Discord starting: {"releaseChannel":"stable","version":"0.0.78"}, modulepath: /home/matt/.config/discord/0.0.78/modules
12/19/2024, 5:18:40 PM GMT 2: ✅ webContents.created web1 ""
12/19/2024, 5:18:40 PM GMT 3: ✅ window.created win1 "discord"
12/19/2024, 5:18:40 PM GMT 4: ✅ webContents.did-finish-load web1
12/19/2024, 5:18:41 PM GMT 5: ✅ webContents.created web2 ""
12/19/2024, 5:18:41 PM GMT 6: ✅ window.created win2 "Discord"
12/19/2024, 5:18:45 PM GMT 7: ✅ webContents.did-finish-load web2
12/19/2024, 5:18:45 PM GMT 8: window.close win1
12/19/2024, 5:18:45 PM GMT 9: webContents.destroyed web1
12/19/2024, 5:18:45 PM GMT 10: window.closed win1
12/19/2024, 9:17:11 PM GMT 11: before-quit
12/19/2024, 9:17:11 PM GMT 12: window.close win2
12/21/2024, 7:43:37 PM GMT 0: 

----------------------------------------------
12/21/2024, 7:43:37 PM GMT 1: Discord starting: {"releaseChannel":"stable","version":"0.0.78"}, modulepath: /home/matt/.config/discord/0.0.78/modules
12/21/2024, 7:43:37 PM GMT 2: ✅ webContents.created web1 ""
12/21/2024, 7:43:37 PM GMT 3: ✅ window.created win1 "discord"
12/21/2024, 7:43:37 PM GMT 4: ✅ webContents.did-finish-load web1
12/21/2024, 7:43:38 PM GMT 5: ✅ webContents.created web2 ""
12/21/2024, 7:43:38 PM GMT 6: ✅ window.created win2 "Discord"
12/21/2024, 7:43:41 PM GMT 7: ✅ webContents.did-finish-load web2
12/21/2024, 7:43:41 PM GMT 8: window.close win1
12/21/2024, 7:43:41 PM GMT 9: webContents.destroyed web1
12/21/2024, 7:43:41 PM GMT 10: window.closed win1
12/22/2024, 1:53:10 AM GMT 11: before-quit
12/22/2024, 11:22:00 AM GMT 0: 

----------------------------------------------
12/22/2024, 11:22:00 AM GMT 1: Discord starting: {"releaseChannel":"stable","version":"0.0.78"}, modulepath: /home/matt/.config/discord/0.0.78/modules
12/22/2024, 11:22:00 AM GMT 2: ✅ webContents.created web1 ""
12/22/2024, 11:22:00 AM GMT 3: ✅ window.created win1 "discord"
12/22/2024, 11:22:00 AM GMT 4: ✅ webContents.did-finish-load web1
12/22/2024, 11:22:01 AM GMT 5: ✅ webContents.created web2 ""
12/22/2024, 11:22:01 AM GMT 6: ✅ window.created win2 "Discord"
12/22/2024, 11:22:04 AM GMT 7: ✅ webContents.did-finish-load web2
12/22/2024, 11:22:04 AM GMT 8: window.close win1
12/22/2024, 11:22:05 AM GMT 9: webContents.destroyed web1
12/22/2024, 11:22:05 AM GMT 10: window.closed win1
12/22/2024, 11:56:28 PM GMT 11: window.close win2
12/23/2024, 1:24:39 AM GMT 12: before-quit
12/23/2024, 3:41:38 PM GMT 0: 

----------------------------------------------
12/23/2024, 3:41:38 PM GMT 1: Discord starting: {"releaseChannel":"stable","version":"0.0.78"}, modulepath: /home/matt/.config/discord/0.0.78/modules
12/23/2024, 3:41:38 PM GMT 2: ✅ webContents.created web1 ""
12/23/2024, 3:41:38 PM GMT 3: ✅ window.created win1 "discord"
12/23/2024, 3:41:39 PM GMT 4: ✅ webContents.did-finish-load web1
12/23/2024, 3:41:39 PM GMT 5: ✅ webContents.created web2 ""
12/23/2024, 3:41:39 PM GMT 6: ✅ window.created win2 "Discord"
12/23/2024, 3:41:42 PM GMT 7: ✅ webContents.did-finish-load web2
12/23/2024, 3:41:42 PM GMT 8: window.close win1
12/23/2024, 3:41:42 PM GMT 9: webContents.destroyed web1
12/23/2024, 3:41:42 PM GMT 10: window.closed win1
12/23/2024, 10:35:35 PM GMT 11: window.close win2
12/24/2024, 12:06:17 AM GMT 0: 

----------------------------------------------
12/24/2024, 12:06:17 AM GMT 1: Discord starting: {"releaseChannel":"stable","version":"0.0.78"}, modulepath: /home/matt/.config/discord/0.0.78/modules
12/24/2024, 12:06:17 AM GMT 2: ✅ webContents.created web1 ""
12/24/2024, 12:06:17 AM GMT 3: ✅ window.created win1 "discord"
12/24/2024, 12:06:17 AM GMT 4: ✅ webContents.did-finish-load web1
12/24/2024, 12:06:18 AM GMT 5: ✅ webContents.created web2 ""
12/24/2024, 12:06:18 AM GMT 6: ✅ window.created win2 "Discord"
12/24/2024, 12:06:21 AM GMT 7: ✅ webContents.did-finish-load web2
12/24/2024, 12:06:21 AM GMT 8: window.close win1
12/24/2024, 12:06:21 AM GMT 9: webContents.destroyed web1
12/24/2024, 12:06:21 AM GMT 10: window.closed win1
12/24/2024, 12:09:57 AM GMT 11: window.close win2
12/24/2024, 6:56:31 PM GMT 0: 

----------------------------------------------
12/24/2024, 6:56:31 PM GMT 1: Discord starting: {"releaseChannel":"stable","version":"0.0.78"}, modulepath: /home/matt/.config/discord/0.0.78/modules
12/24/2024, 6:56:31 PM GMT 2: ✅ webContents.created web1 ""
12/24/2024, 6:56:31 PM GMT 3: ✅ window.created win1 "discord"
12/24/2024, 6:56:32 PM GMT 4: ✅ webContents.did-finish-load web1
12/24/2024, 6:56:32 PM GMT 5: ✅ webContents.created web2 ""
12/24/2024, 6:56:32 PM GMT 6: ✅ window.created win2 "Discord"
12/24/2024, 6:56:35 PM GMT 7: ✅ webContents.did-finish-load web2
12/24/2024, 6:56:35 PM GMT 8: window.close win1
12/24/2024, 6:56:35 PM GMT 9: webContents.destroyed web1
12/24/2024, 6:56:35 PM GMT 10: window.closed win1
12/24/2024, 9:28:31 PM GMT 11: window.close win2
12/24/2024, 9:28:40 PM GMT 12: before-quit
12/26/2024, 2:35:33 PM GMT 0: 

----------------------------------------------
12/26/2024, 2:35:33 PM GMT 1: Discord starting: {"releaseChannel":"stable","version":"0.0.78"}, modulepath: /home/matt/.config/discord/0.0.78/modules
12/26/2024, 2:35:33 PM GMT 2: ✅ webContents.created web1 ""
12/26/2024, 2:35:33 PM GMT 3: ✅ window.created win1 "discord"
12/26/2024, 2:35:34 PM GMT 4: ✅ webContents.did-finish-load web1
12/26/2024, 2:35:34 PM GMT 5: ✅ webContents.created web2 ""
12/26/2024, 2:35:34 PM GMT 6: ✅ window.created win2 "Discord"
12/26/2024, 2:35:37 PM GMT 7: ✅ webContents.did-finish-load web2
12/26/2024, 2:35:37 PM GMT 8: window.close win1
12/26/2024, 2:35:37 PM GMT 9: webContents.destroyed web1
12/26/2024, 2:35:37 PM GMT 10: window.closed win1
12/26/2024, 3:38:57 PM GMT 11: window.close win2
12/26/2024, 3:38:59 PM GMT 0: 

----------------------------------------------
12/26/2024, 3:38:59 PM GMT 1: Discord starting: {"releaseChannel":"stable","version":"0.0.78"}, modulepath: /home/matt/.config/discord/0.0.78/modules
12/26/2024, 4:05:27 PM GMT 12: before-quit
12/26/2024, 4:07:06 PM GMT 0: 

----------------------------------------------
12/26/2024, 4:07:06 PM GMT 1: Discord starting: {"releaseChannel":"stable","version":"0.0.78"}, modulepath: /home/matt/.config/discord/0.0.78/modules
12/26/2024, 4:07:06 PM GMT 2: ✅ webContents.created web1 ""
12/26/2024, 4:07:06 PM GMT 3: ✅ window.created win1 "discord"
12/26/2024, 4:07:07 PM GMT 4: ✅ webContents.did-finish-load web1
12/26/2024, 4:07:07 PM GMT 5: ✅ webContents.created web2 ""
12/26/2024, 4:07:07 PM GMT 6: ✅ window.created win2 "Discord"
12/26/2024, 4:07:11 PM GMT 7: ✅ webContents.did-finish-load web2
12/26/2024, 4:07:11 PM GMT 8: window.close win1
12/26/2024, 4:07:11 PM GMT 9: webContents.destroyed web1
12/26/2024, 4:07:11 PM GMT 10: window.closed win1
12/26/2024, 5:37:29 PM GMT 11: window.close win2
12/26/2024, 5:37:38 PM GMT 12: before-quit
