2024-11-26 21:50:16.796 [info] Started local extension host with pid 120024.
2024-11-26 21:50:17.120 [error] Extension 'ms-python.debugpy CANNOT USE these API proposals 'portsAttributes'. You MUST start in extension development mode or use the --enable-proposed-api command line flag
2024-11-26 21:50:17.120 [error] Extension 'ms-python.python CANNOT USE these API proposals 'contribEditorContentMenu, quickPickSortByLabel, testObserver, quickPickItemTooltip, terminalDataWriteEvent, terminalExecuteCommandEvent'. You MUST start in extension development mode or use the --enable-proposed-api command line flag
2024-11-26 21:50:17.121 [error] Extension 'ms-toolsai.jupyter CANNOT USE these API proposals 'notebookDeprecated, notebookMessaging, notebookMime, notebookCellExecutionState, contribNotebookStaticPreloads, portsAttributes, quickPickSortByLabel, notebookKernelSource, interactiveWindow, notebookControllerAffinityHidden, quickPickItemTooltip, notebookExecution'. You MUST start in extension development mode or use the --enable-proposed-api command line flag
2024-11-26 21:50:17.121 [error] Extension 'ms-toolsai.jupyter-renderers CANNOT USE these API proposals 'contribNotebookStaticPreloads'. You MUST start in extension development mode or use the --enable-proposed-api command line flag
2024-11-26 21:50:17.164 [error] [ms-python.python]: editor/content is a proposed menu identifier. It requires 'package.json#enabledApiProposals: ["contribEditorContentMenu"]' and is only available when running out of dev or with the following command line switch: --enable-proposed-api ms-python.python
2024-11-26 21:50:17.822 [error] [eventyret.bootstrap-4-cdn-snippet]: Unknown language in `contributes.bootstrap-4-cdn-snippet.language`. Provided value: jinja-html
2024-11-26 21:50:17.823 [error] [eventyret.bootstrap-4-cdn-snippet]: Unknown language in `contributes.bootstrap-4-cdn-snippet.language`. Provided value: jinja-html
2024-11-26 21:50:17.824 [error] [eventyret.bootstrap-4-cdn-snippet]: Unknown language in `contributes.bootstrap-4-cdn-snippet.language`. Provided value: jinja-html
2024-11-26 21:50:17.824 [error] [eventyret.bootstrap-4-cdn-snippet]: Unknown language in `contributes.bootstrap-4-cdn-snippet.language`. Provided value: jinja-html
2024-11-26 21:50:17.824 [error] [eventyret.bootstrap-4-cdn-snippet]: Unknown language in `contributes.bootstrap-4-cdn-snippet.language`. Provided value: jinja-html
2024-11-26 21:50:17.824 [error] [eventyret.bootstrap-4-cdn-snippet]: Unknown language in `contributes.bootstrap-4-cdn-snippet.language`. Provided value: django-html
2024-11-26 21:50:17.825 [error] [eventyret.bootstrap-4-cdn-snippet]: Unknown language in `contributes.bootstrap-4-cdn-snippet.language`. Provided value: django-html
2024-11-26 21:50:17.825 [error] [eventyret.bootstrap-4-cdn-snippet]: Unknown language in `contributes.bootstrap-4-cdn-snippet.language`. Provided value: django-html
2024-11-26 21:50:17.825 [error] [eventyret.bootstrap-4-cdn-snippet]: Unknown language in `contributes.bootstrap-4-cdn-snippet.language`. Provided value: django-html
2024-11-26 21:50:17.825 [error] [eventyret.bootstrap-4-cdn-snippet]: Unknown language in `contributes.bootstrap-4-cdn-snippet.language`. Provided value: django-html
2024-11-26 21:50:19.988 [info] [perf] Render performance baseline is 35ms
2024-11-26 21:50:29.487 [error] Extension 'ms-python.debugpy CANNOT USE these API proposals 'portsAttributes, contribIssueReporter, debugVisualization, contribViewsWelcome'. You MUST start in extension development mode or use the --enable-proposed-api command line flag
2024-11-26 21:50:29.487 [error] Extension 'ms-python.python CANNOT USE these API proposals 'contribEditorContentMenu, quickPickSortByLabel, testObserver, quickPickItemTooltip, terminalDataWriteEvent, terminalExecuteCommandEvent, codeActionAI, notebookReplDocument, notebookVariableProvider'. You MUST start in extension development mode or use the --enable-proposed-api command line flag
2024-11-26 21:50:29.487 [error] Extension 'ms-toolsai.jupyter CANNOT USE these API proposals 'notebookDeprecated, notebookMessaging, notebookMime, contribNotebookStaticPreloads, portsAttributes, quickPickSortByLabel, notebookKernelSource, interactiveWindow, quickPickItemTooltip, notebookExecution, notebookCellExecution, notebookVariableProvider, notebookReplDocument'. You MUST start in extension development mode or use the --enable-proposed-api command line flag
2024-11-26 21:50:29.488 [error] Extension 'ms-toolsai.jupyter-renderers CANNOT USE these API proposals 'contribNotebookStaticPreloads'. You MUST start in extension development mode or use the --enable-proposed-api command line flag
2024-11-26 21:50:29.489 [error] [eventyret.bootstrap-4-cdn-snippet]: Unknown language in `contributes.bootstrap-4-cdn-snippet.language`. Provided value: jinja-html
2024-11-26 21:50:29.490 [error] [eventyret.bootstrap-4-cdn-snippet]: Unknown language in `contributes.bootstrap-4-cdn-snippet.language`. Provided value: jinja-html
2024-11-26 21:50:29.490 [error] [eventyret.bootstrap-4-cdn-snippet]: Unknown language in `contributes.bootstrap-4-cdn-snippet.language`. Provided value: jinja-html
2024-11-26 21:50:29.490 [error] [eventyret.bootstrap-4-cdn-snippet]: Unknown language in `contributes.bootstrap-4-cdn-snippet.language`. Provided value: jinja-html
2024-11-26 21:50:29.490 [error] [eventyret.bootstrap-4-cdn-snippet]: Unknown language in `contributes.bootstrap-4-cdn-snippet.language`. Provided value: jinja-html
2024-11-26 21:50:29.491 [error] [eventyret.bootstrap-4-cdn-snippet]: Unknown language in `contributes.bootstrap-4-cdn-snippet.language`. Provided value: django-html
2024-11-26 21:50:29.491 [error] [eventyret.bootstrap-4-cdn-snippet]: Unknown language in `contributes.bootstrap-4-cdn-snippet.language`. Provided value: django-html
2024-11-26 21:50:29.491 [error] [eventyret.bootstrap-4-cdn-snippet]: Unknown language in `contributes.bootstrap-4-cdn-snippet.language`. Provided value: django-html
2024-11-26 21:50:29.491 [error] [eventyret.bootstrap-4-cdn-snippet]: Unknown language in `contributes.bootstrap-4-cdn-snippet.language`. Provided value: django-html
2024-11-26 21:50:29.491 [error] [eventyret.bootstrap-4-cdn-snippet]: Unknown language in `contributes.bootstrap-4-cdn-snippet.language`. Provided value: django-html
2024-11-26 21:50:29.497 [error] [ms-python.debugpy]: issue/reporter is a proposed menu identifier. It requires 'package.json#enabledApiProposals: ["contribIssueReporter"]' and is only available when running out of dev or with the following command line switch: --enable-proposed-api ms-python.debugpy
2024-11-26 21:50:29.498 [error] [ms-python.python]: issue/reporter is a proposed menu identifier. It requires 'package.json#enabledApiProposals: ["contribIssueReporter"]' and is only available when running out of dev or with the following command line switch: --enable-proposed-api ms-python.python
2024-11-26 21:50:29.498 [error] [ms-python.python]: editor/content is a proposed menu identifier. It requires 'package.json#enabledApiProposals: ["contribEditorContentMenu"]' and is only available when running out of dev or with the following command line switch: --enable-proposed-api ms-python.python
2024-11-26 21:50:29.557 [info] Started local extension host with pid 120082.
2024-11-26 21:52:10.714 [error] [eventyret.bootstrap-4-cdn-snippet]: Unknown language in `contributes.bootstrap-4-cdn-snippet.language`. Provided value: jinja-html
2024-11-26 21:52:10.716 [error] [eventyret.bootstrap-4-cdn-snippet]: Unknown language in `contributes.bootstrap-4-cdn-snippet.language`. Provided value: jinja-html
2024-11-26 21:52:10.716 [error] [eventyret.bootstrap-4-cdn-snippet]: Unknown language in `contributes.bootstrap-4-cdn-snippet.language`. Provided value: jinja-html
2024-11-26 21:52:10.716 [error] [eventyret.bootstrap-4-cdn-snippet]: Unknown language in `contributes.bootstrap-4-cdn-snippet.language`. Provided value: jinja-html
2024-11-26 21:52:10.717 [error] [eventyret.bootstrap-4-cdn-snippet]: Unknown language in `contributes.bootstrap-4-cdn-snippet.language`. Provided value: jinja-html
2024-11-26 21:52:10.717 [error] [eventyret.bootstrap-4-cdn-snippet]: Unknown language in `contributes.bootstrap-4-cdn-snippet.language`. Provided value: django-html
2024-11-26 21:52:10.718 [error] [eventyret.bootstrap-4-cdn-snippet]: Unknown language in `contributes.bootstrap-4-cdn-snippet.language`. Provided value: django-html
2024-11-26 21:52:10.718 [error] [eventyret.bootstrap-4-cdn-snippet]: Unknown language in `contributes.bootstrap-4-cdn-snippet.language`. Provided value: django-html
2024-11-26 21:52:10.719 [error] [eventyret.bootstrap-4-cdn-snippet]: Unknown language in `contributes.bootstrap-4-cdn-snippet.language`. Provided value: django-html
2024-11-26 21:52:10.719 [error] [eventyret.bootstrap-4-cdn-snippet]: Unknown language in `contributes.bootstrap-4-cdn-snippet.language`. Provided value: django-html
2024-11-26 21:52:10.726 [error] [ms-python.debugpy]: issue/reporter is a proposed menu identifier. It requires 'package.json#enabledApiProposals: ["contribIssueReporter"]' and is only available when running out of dev or with the following command line switch: --enable-proposed-api ms-python.debugpy
2024-11-26 21:52:10.726 [error] [ms-python.python]: issue/reporter is a proposed menu identifier. It requires 'package.json#enabledApiProposals: ["contribIssueReporter"]' and is only available when running out of dev or with the following command line switch: --enable-proposed-api ms-python.python
2024-11-26 21:52:10.726 [error] [ms-python.python]: editor/content is a proposed menu identifier. It requires 'package.json#enabledApiProposals: ["contribEditorContentMenu"]' and is only available when running out of dev or with the following command line switch: --enable-proposed-api ms-python.python
2024-11-26 21:55:29.691 [info] Started local extension host with pid 122114.
2024-11-26 21:55:29.991 [error] Extension 'ms-python.debugpy CANNOT USE these API proposals 'portsAttributes, contribIssueReporter, debugVisualization, contribViewsWelcome'. You MUST start in extension development mode or use the --enable-proposed-api command line flag
2024-11-26 21:55:29.991 [error] Extension 'ms-python.python CANNOT USE these API proposals 'contribEditorContentMenu, quickPickSortByLabel, testObserver, quickPickItemTooltip, terminalDataWriteEvent, terminalExecuteCommandEvent, codeActionAI, notebookReplDocument, notebookVariableProvider'. You MUST start in extension development mode or use the --enable-proposed-api command line flag
2024-11-26 21:55:29.992 [error] Extension 'ms-toolsai.jupyter CANNOT USE these API proposals 'notebookDeprecated, notebookMessaging, notebookMime, contribNotebookStaticPreloads, portsAttributes, quickPickSortByLabel, notebookKernelSource, interactiveWindow, quickPickItemTooltip, notebookExecution, notebookCellExecution, notebookVariableProvider, notebookReplDocument'. You MUST start in extension development mode or use the --enable-proposed-api command line flag
2024-11-26 21:55:29.992 [error] Extension 'ms-toolsai.jupyter-renderers CANNOT USE these API proposals 'contribNotebookStaticPreloads'. You MUST start in extension development mode or use the --enable-proposed-api command line flag
2024-11-26 21:55:30.014 [error] [ms-python.python]: issue/reporter is a proposed menu identifier. It requires 'package.json#enabledApiProposals: ["contribIssueReporter"]' and is only available when running out of dev or with the following command line switch: --enable-proposed-api ms-python.python
2024-11-26 21:55:30.014 [error] [ms-python.python]: editor/content is a proposed menu identifier. It requires 'package.json#enabledApiProposals: ["contribEditorContentMenu"]' and is only available when running out of dev or with the following command line switch: --enable-proposed-api ms-python.python
2024-11-26 21:55:30.346 [error] [eventyret.bootstrap-4-cdn-snippet]: Unknown language in `contributes.bootstrap-4-cdn-snippet.language`. Provided value: jinja-html
2024-11-26 21:55:30.347 [error] [eventyret.bootstrap-4-cdn-snippet]: Unknown language in `contributes.bootstrap-4-cdn-snippet.language`. Provided value: jinja-html
2024-11-26 21:55:30.347 [error] [eventyret.bootstrap-4-cdn-snippet]: Unknown language in `contributes.bootstrap-4-cdn-snippet.language`. Provided value: jinja-html
2024-11-26 21:55:30.347 [error] [eventyret.bootstrap-4-cdn-snippet]: Unknown language in `contributes.bootstrap-4-cdn-snippet.language`. Provided value: jinja-html
2024-11-26 21:55:30.348 [error] [eventyret.bootstrap-4-cdn-snippet]: Unknown language in `contributes.bootstrap-4-cdn-snippet.language`. Provided value: jinja-html
2024-11-26 21:55:30.348 [error] [eventyret.bootstrap-4-cdn-snippet]: Unknown language in `contributes.bootstrap-4-cdn-snippet.language`. Provided value: django-html
2024-11-26 21:55:30.348 [error] [eventyret.bootstrap-4-cdn-snippet]: Unknown language in `contributes.bootstrap-4-cdn-snippet.language`. Provided value: django-html
2024-11-26 21:55:30.348 [error] [eventyret.bootstrap-4-cdn-snippet]: Unknown language in `contributes.bootstrap-4-cdn-snippet.language`. Provided value: django-html
2024-11-26 21:55:30.349 [error] [eventyret.bootstrap-4-cdn-snippet]: Unknown language in `contributes.bootstrap-4-cdn-snippet.language`. Provided value: django-html
2024-11-26 21:55:30.349 [error] [eventyret.bootstrap-4-cdn-snippet]: Unknown language in `contributes.bootstrap-4-cdn-snippet.language`. Provided value: django-html
2024-11-26 21:55:32.417 [error] Extension 'ms-python.debugpy CANNOT USE these API proposals 'portsAttributes, contribIssueReporter, debugVisualization, contribViewsWelcome'. You MUST start in extension development mode or use the --enable-proposed-api command line flag
2024-11-26 21:55:32.417 [error] Extension 'ms-toolsai.jupyter-renderers CANNOT USE these API proposals 'contribNotebookStaticPreloads'. You MUST start in extension development mode or use the --enable-proposed-api command line flag
2024-11-26 21:55:32.421 [error] [eventyret.bootstrap-4-cdn-snippet]: Unknown language in `contributes.bootstrap-4-cdn-snippet.language`. Provided value: jinja-html
2024-11-26 21:55:32.421 [error] [eventyret.bootstrap-4-cdn-snippet]: Unknown language in `contributes.bootstrap-4-cdn-snippet.language`. Provided value: jinja-html
2024-11-26 21:55:32.421 [error] [eventyret.bootstrap-4-cdn-snippet]: Unknown language in `contributes.bootstrap-4-cdn-snippet.language`. Provided value: jinja-html
2024-11-26 21:55:32.422 [error] [eventyret.bootstrap-4-cdn-snippet]: Unknown language in `contributes.bootstrap-4-cdn-snippet.language`. Provided value: jinja-html
2024-11-26 21:55:32.422 [error] [eventyret.bootstrap-4-cdn-snippet]: Unknown language in `contributes.bootstrap-4-cdn-snippet.language`. Provided value: jinja-html
2024-11-26 21:55:32.423 [error] [eventyret.bootstrap-4-cdn-snippet]: Unknown language in `contributes.bootstrap-4-cdn-snippet.language`. Provided value: django-html
2024-11-26 21:55:32.423 [error] [eventyret.bootstrap-4-cdn-snippet]: Unknown language in `contributes.bootstrap-4-cdn-snippet.language`. Provided value: django-html
2024-11-26 21:55:32.423 [error] [eventyret.bootstrap-4-cdn-snippet]: Unknown language in `contributes.bootstrap-4-cdn-snippet.language`. Provided value: django-html
2024-11-26 21:55:32.424 [error] [eventyret.bootstrap-4-cdn-snippet]: Unknown language in `contributes.bootstrap-4-cdn-snippet.language`. Provided value: django-html
2024-11-26 21:55:32.424 [error] [eventyret.bootstrap-4-cdn-snippet]: Unknown language in `contributes.bootstrap-4-cdn-snippet.language`. Provided value: django-html
2024-11-26 21:55:32.430 [error] [ms-python.debugpy]: issue/reporter is a proposed menu identifier. It requires 'package.json#enabledApiProposals: ["contribIssueReporter"]' and is only available when running out of dev or with the following command line switch: --enable-proposed-api ms-python.debugpy
2024-11-26 21:55:32.430 [error] [ms-python.python]: issue/reporter is a proposed menu identifier. It requires 'package.json#enabledApiProposals: ["contribIssueReporter"]' and is only available when running out of dev or with the following command line switch: --enable-proposed-api ms-python.python
2024-11-26 21:55:32.431 [error] [ms-python.python]: editor/content is a proposed menu identifier. It requires 'package.json#enabledApiProposals: ["contribEditorContentMenu"]' and is only available when running out of dev or with the following command line switch: --enable-proposed-api ms-python.python
2024-11-26 21:55:32.590 [info] [perf] Render performance baseline is 37ms
