2024-11-26 21:50:16.711 [info] Added views:outline in workbench.view.explorer
2024-11-26 21:50:16.711 [info] Added views:workbench.view.search in workbench.view.search
2024-11-26 21:50:16.711 [info] Added views:workbench.scm in workbench.view.scm
2024-11-26 21:50:16.711 [info] Added views:workbench.panel.markers.view in workbench.panel.markers
2024-11-26 21:50:16.711 [info] Added views:workbench.panel.output in workbench.panel.output
2024-11-26 21:50:16.711 [info] Added views:terminal in terminal
2024-11-26 21:50:16.711 [info] Added views:timeline in workbench.view.explorer
2024-11-26 21:50:16.711 [info] Added views:workbench.explorer.emptyView in workbench.view.explorer
2024-11-26 21:50:17.215 [info] Added views:dockerContainers,dockerImages,dockerRegistries,dockerNetworks,dockerVolumes,vscode-docker.views.dockerContexts,vscode-docker.views.help in workbench.view.extension.dockerView
2024-11-26 21:50:17.216 [info] Added views:sqltoolsViewConnectionExplorer,sqltoolsViewBookmarksExplorer,sqltoolsViewHistoryExplorer in workbench.view.extension.sqltoolsActivityBarContainer
2024-11-26 21:50:17.217 [info] Added views:sqltoolsViewConsoleMessages in workbench.view.extension.sqltoolsPanelContainer
2024-11-26 21:50:17.516 [info] Added views:workbench.debug.welcome in workbench.view.debug
2024-11-26 21:50:17.573 [info] Added views:workbench.panel.repl.view in workbench.panel.repl
2024-11-26 21:50:17.808 [info] Added views:~remote.forwardedPorts in ~remote.forwardedPortsContainer
2024-11-26 21:50:24.877 [info] Added views:workbench.views.extensions.installed,workbench.views.extensions.popular,extensions.recommendedList in workbench.view.extensions
2024-11-26 21:50:24.881 [info] Removed views:workbench.views.extensions.popular from workbench.view.extensions
2024-11-26 21:50:29.795 [info] Removed views:workbench.panel.repl.view from workbench.panel.repl
2024-11-26 21:50:30.145 [info] Added views:workbench.panel.repl.view in workbench.panel.repl
2024-11-26 21:52:04.012 [info] Removed views:extensions.recommendedList,workbench.views.extensions.installed from workbench.view.extensions
2024-11-26 21:52:04.030 [info] Added views:workbench.views.extensions.marketplace in workbench.view.extensions
2024-11-26 21:55:29.619 [info] Added views:outline in workbench.view.explorer
2024-11-26 21:55:29.619 [info] Added views:workbench.view.search in workbench.view.search
2024-11-26 21:55:29.619 [info] Added views:workbench.scm in workbench.view.scm
2024-11-26 21:55:29.619 [info] Added views:workbench.panel.markers.view in workbench.panel.markers
2024-11-26 21:55:29.619 [info] Added views:workbench.panel.output in workbench.panel.output
2024-11-26 21:55:29.619 [info] Added views:terminal in terminal
2024-11-26 21:55:29.619 [info] Added views:timeline in workbench.view.explorer
2024-11-26 21:55:29.620 [info] Added views:workbench.explorer.fileView in workbench.view.explorer
2024-11-26 21:55:30.049 [info] Added views:dockerContainers,dockerImages,dockerRegistries,dockerNetworks,dockerVolumes,vscode-docker.views.dockerContexts,vscode-docker.views.help in workbench.view.extension.dockerView
2024-11-26 21:55:30.181 [info] Added views:workbench.debug.variablesView,workbench.debug.watchExpressionsView,workbench.debug.callStackView,workbench.debug.breakPointsView in workbench.view.debug
2024-11-26 21:55:30.329 [info] Added views:~remote.forwardedPorts in ~remote.forwardedPortsContainer
2024-11-26 21:55:30.332 [info] Added views:workbench.panel.repl.view in workbench.panel.repl
2024-11-26 21:55:30.333 [info] Removed views:workbench.debug.breakPointsView,workbench.debug.callStackView,workbench.debug.watchExpressionsView,workbench.debug.variablesView from workbench.view.debug
2024-11-26 21:55:30.333 [info] Added views:workbench.debug.welcome in workbench.view.debug
2024-11-26 21:55:32.453 [info] Added views:sqltoolsViewConnectionExplorer,sqltoolsViewBookmarksExplorer,sqltoolsViewHistoryExplorer in workbench.view.extension.sqltoolsActivityBarContainer
2024-11-26 21:55:32.453 [info] Added views:sqltoolsViewConsoleMessages in workbench.view.extension.sqltoolsPanelContainer
