[2022-08-30 21:11:56.366] [renderer1] [debug] Webview(cc62f4b6-12c2-498d-9550-f96558e5c5e5): will update content
[2022-08-30 21:11:56.372] [renderer1] [debug] [Registering Log Channel] File does not exist. Waiting for 1s to retry. file:///home/matt/.config/Code%20-%20OSS/logs/20220830T211154/ptyhost.log
[2022-08-30 21:11:56.383] [renderer1] [debug] [Registering Log Channel] File does not exist. Waiting for 1s to retry. file:///home/matt/.config/Code%20-%20OSS/logs/20220830T211154/userDataSync.log
[2022-08-30 21:11:56.387] [renderer1] [debug] [Registering Log Channel] File does not exist. Waiting for 1s to retry. file:///home/matt/.config/Code%20-%20OSS/logs/20220830T211154/sharedprocess.log
[2022-08-30 21:11:56.498] [renderer1] [debug] Error while reading the extension cache file: /home/matt/.config/Code - OSS/CachedExtensions/builtin Unable to read file '/home/matt/.config/Code - OSS/CachedExtensions/builtin' (Error: Unable to resolve nonexistent file '/home/matt/.config/Code - OSS/CachedExtensions/builtin')
[2022-08-30 21:11:56.499] [renderer1] [debug] Error while reading the extension cache file: /home/matt/.config/Code - OSS/CachedExtensions/user Unable to read file '/home/matt/.config/Code - OSS/CachedExtensions/user' (Error: Unable to resolve nonexistent file '/home/matt/.config/Code - OSS/CachedExtensions/user')
[2022-08-30 21:11:56.501] [renderer1] [debug] Webview(cc62f4b6-12c2-498d-9550-f96558e5c5e5): webview ready
[2022-08-30 21:11:56.793] [renderer1] [debug] loadLocalResource - begin. requestUri=file:///usr/lib/code/out/vs/workbench/contrib/welcomeGettingStarted/common/media/light.png
[2022-08-30 21:11:56.794] [renderer1] [debug] loadLocalResource - found resource to load. requestUri=file:///usr/lib/code/out/vs/workbench/contrib/welcomeGettingStarted/common/media/light.png, resourceToLoad=file:///usr/lib/code/out/vs/workbench/contrib/welcomeGettingStarted/common/media/light.png
[2022-08-30 21:11:56.795] [renderer1] [debug] loadLocalResource - begin. requestUri=file:///usr/lib/code/out/vs/workbench/contrib/welcomeGettingStarted/common/media/dark.png
[2022-08-30 21:11:56.795] [renderer1] [debug] loadLocalResource - found resource to load. requestUri=file:///usr/lib/code/out/vs/workbench/contrib/welcomeGettingStarted/common/media/dark.png, resourceToLoad=file:///usr/lib/code/out/vs/workbench/contrib/welcomeGettingStarted/common/media/dark.png
[2022-08-30 21:11:56.797] [renderer1] [debug] loadLocalResource - begin. requestUri=file:///usr/lib/code/out/vs/workbench/contrib/welcomeGettingStarted/common/media/dark-hc.png
[2022-08-30 21:11:56.797] [renderer1] [debug] loadLocalResource - found resource to load. requestUri=file:///usr/lib/code/out/vs/workbench/contrib/welcomeGettingStarted/common/media/dark-hc.png, resourceToLoad=file:///usr/lib/code/out/vs/workbench/contrib/welcomeGettingStarted/common/media/dark-hc.png
[2022-08-30 21:11:56.797] [renderer1] [debug] loadLocalResource - begin. requestUri=file:///usr/lib/code/out/vs/workbench/contrib/welcomeGettingStarted/common/media/light-hc.png
[2022-08-30 21:11:56.798] [renderer1] [debug] loadLocalResource - found resource to load. requestUri=file:///usr/lib/code/out/vs/workbench/contrib/welcomeGettingStarted/common/media/light-hc.png, resourceToLoad=file:///usr/lib/code/out/vs/workbench/contrib/welcomeGettingStarted/common/media/light-hc.png
[2022-08-30 21:11:56.800] [renderer1] [debug] ComputeTargetPlatform: linux-x64
[2022-08-30 21:11:57.242] [renderer1] [debug] Webview(cc62f4b6-12c2-498d-9550-f96558e5c5e5): will update content
[2022-08-30 21:11:57.298] [renderer1] [debug] loadLocalResource - begin. requestUri=file:///usr/lib/code/out/vs/workbench/contrib/welcomeGettingStarted/common/media/light.png
[2022-08-30 21:11:57.298] [renderer1] [debug] loadLocalResource - found resource to load. requestUri=file:///usr/lib/code/out/vs/workbench/contrib/welcomeGettingStarted/common/media/light.png, resourceToLoad=file:///usr/lib/code/out/vs/workbench/contrib/welcomeGettingStarted/common/media/light.png
[2022-08-30 21:11:57.300] [renderer1] [debug] loadLocalResource - begin. requestUri=file:///usr/lib/code/out/vs/workbench/contrib/welcomeGettingStarted/common/media/dark.png
[2022-08-30 21:11:57.301] [renderer1] [debug] loadLocalResource - found resource to load. requestUri=file:///usr/lib/code/out/vs/workbench/contrib/welcomeGettingStarted/common/media/dark.png, resourceToLoad=file:///usr/lib/code/out/vs/workbench/contrib/welcomeGettingStarted/common/media/dark.png
[2022-08-30 21:11:57.301] [renderer1] [debug] loadLocalResource - begin. requestUri=file:///usr/lib/code/out/vs/workbench/contrib/welcomeGettingStarted/common/media/dark-hc.png
[2022-08-30 21:11:57.301] [renderer1] [debug] loadLocalResource - found resource to load. requestUri=file:///usr/lib/code/out/vs/workbench/contrib/welcomeGettingStarted/common/media/dark-hc.png, resourceToLoad=file:///usr/lib/code/out/vs/workbench/contrib/welcomeGettingStarted/common/media/dark-hc.png
[2022-08-30 21:11:57.302] [renderer1] [debug] loadLocalResource - begin. requestUri=file:///usr/lib/code/out/vs/workbench/contrib/welcomeGettingStarted/common/media/light-hc.png
[2022-08-30 21:11:57.302] [renderer1] [debug] loadLocalResource - found resource to load. requestUri=file:///usr/lib/code/out/vs/workbench/contrib/welcomeGettingStarted/common/media/light-hc.png, resourceToLoad=file:///usr/lib/code/out/vs/workbench/contrib/welcomeGettingStarted/common/media/light-hc.png
