[1732658132738] INFO  (ext): SQLTools is starting
[1732658132741] INFO  (ext): initializing language client...
[1732658132743] INFO  (ext): Registering client for languages [{"scheme":"sqltools"},{"language":"sql","scheme":"untitled"},{"language":"sql","scheme":"file"},{"language":"sql","scheme":"sqltools"}]
    ns: "lc"
[1732658132752] INFO  (ext): loading plugins...
[1732658132752] INFO  (ext): registering Formatter Plugin.
    plugin: {
      "name": "Formatter Plugin"
    }
[1732658132752] INFO  (ext): registering Connection Manager Plugin.
    plugin: {
      "name": "Connection Manager Plugin"
    }
[1732658132753] INFO  (ext): registering CodeLens Plugin.
    plugin: {
      "name": "CodeLens Plugin",
      "registeredLanguages": []
    }
[1732658132754] INFO  (ext): registering Dependency Manager Plugin.
    plugin: {
      "name": "Dependency Manager Plugin",
      "installingDrivers": []
    }
[1732658132757] INFO  (ext): Connection explorer changed. Will be updated.
    ns: "conn-man:explorer"
[1732658132757] INFO  (ext): registering History Manager Plugin.
    plugin: {
      "name": "History Manager Plugin"
    }
[1732658132758] INFO  (ext): registering Bookmarks Manager Plugin.
    plugin: {
      "name": "Bookmarks Manager Plugin"
    }
[1732658132760] INFO  (ext): registering Authentication Provider Plugin.
    plugin: {
      "name": "Authentication Provider Plugin",
      "isRegistered": false
    }
[1732658132760] INFO  (ext): registering Object Drop-in Provider (plugin).
    plugin: {
      "type": "plugin",
      "name": "Object Drop-in Provider",
      "isRegistered": false
    }
[1732658132762] INFO  (ext): SQLTools activation completed. 24.225563 ms
[1732658132763] INFO  (ext): Formatter Plugin registered!
[1732658132763] INFO  (ext): CodeLens Plugin registered!
[1732658132763] INFO  (ext): Dependency Manager Plugin registered!
[1732658132763] INFO  (ext): Connection Manager Plugin registered!
[1732658132763] INFO  (ext): History Manager Plugin registered!
[1732658132763] INFO  (ext): Bookmarks Manager Plugin registered!
[1732658132763] INFO  (ext): Authentication Provider Plugin registered!
[1732658132763] INFO  (ext): Object Drop-in Provider (plugin) registered!
[1732658133035] INFO  (ls): SQLTools Server started!
===============================
Using node runtime?: no
ExecPath: /usr/lib/electron32/electron 
===============================
[1732658133048] INFO  (ext): LanguageClient ready
    ns: "lc"
[1732658133044] INFO  (ls): Initialized with node version:v20.18.0
[1732658133665] INFO  (ext): Connection explorer changed. Will be updated.
    ns: "conn-man:explorer"
[1732658133771] INFO  (ext): EXECUTING COMMAND => sqltools.refreshTree
[1732658133771] INFO  (ext): Connection explorer changed. Will be updated.
    ns: "conn-man:explorer"
[1732658134758] INFO  (ext): Connection explorer changed. Will be updated.
    ns: "conn-man:explorer"
