[1712172730931] INFO  (ext): SQLTools is starting
[1712172730932] INFO  (ext): initializing language client...
[1712172730936] INFO  (ext): Registering client for languages [{"scheme":"sqltools"},{"language":"sql","scheme":"untitled"},{"language":"sql","scheme":"file"},{"language":"sql","scheme":"sqltools"}]
    ns: "lc"
[1712172730938] INFO  (ext): loading plugins...
[1712172730938] INFO  (ext): registering Formatter Plugin.
    plugin: {
      "name": "Formatter Plugin"
    }
[1712172730939] INFO  (ext): registering Connection Manager Plugin.
    plugin: {
      "name": "Connection Manager Plugin"
    }
[1712172730939] INFO  (ext): registering CodeLens Plugin.
    plugin: {
      "name": "CodeLens Plugin",
      "registeredLanguages": []
    }
[1712172730940] INFO  (ext): registering Dependency Manager Plugin.
    plugin: {
      "name": "Dependency Manager Plugin",
      "installingDrivers": []
    }
[1712172730942] INFO  (ext): Connection explorer changed. Will be updated.
    ns: "conn-man:explorer"
[1712172730942] INFO  (ext): registering History Manager Plugin.
    plugin: {
      "name": "History Manager Plugin"
    }
[1712172730943] INFO  (ext): registering Bookmarks Manager Plugin.
    plugin: {
      "name": "Bookmarks Manager Plugin"
    }
[1712172730944] INFO  (ext): registering Authentication Provider Plugin.
    plugin: {
      "name": "Authentication Provider Plugin",
      "isRegistered": false
    }
[1712172730944] INFO  (ext): registering Object Drop-in Provider (plugin).
    plugin: {
      "type": "plugin",
      "name": "Object Drop-in Provider",
      "isRegistered": false
    }
[1712172730945] INFO  (ext): SQLTools activation completed. 13.431051 ms
[1712172730957] INFO  (ext): Formatter Plugin registered!
[1712172730957] INFO  (ext): CodeLens Plugin registered!
[1712172730957] INFO  (ext): Dependency Manager Plugin registered!
[1712172730957] INFO  (ext): Connection Manager Plugin registered!
[1712172730958] INFO  (ext): History Manager Plugin registered!
[1712172730958] INFO  (ext): Bookmarks Manager Plugin registered!
[1712172730958] INFO  (ext): Authentication Provider Plugin registered!
[1712172730958] INFO  (ext): Object Drop-in Provider (plugin) registered!
[1712172731289] INFO  (ls): SQLTools Server started!
===============================
Using node runtime?: no
ExecPath: /usr/lib/electron27/electron 
===============================
[1712172731295] INFO  (ext): LanguageClient ready
    ns: "lc"
[1712172731294] INFO  (ls): Initialized with node version:v18.17.1
[1712172731958] INFO  (ext): EXECUTING COMMAND => sqltools.refreshTree
[1712172731958] INFO  (ext): Connection explorer changed. Will be updated.
    ns: "conn-man:explorer"
[1712172732943] INFO  (ext): Connection explorer changed. Will be updated.
    ns: "conn-man:explorer"
