[1745433487554] INFO  (ext): SQLTools is starting
[1745433487555] INFO  (ext): initializing language client...
[1745433487556] INFO  (ext): Registering client for languages [{"scheme":"sqltools"},{"language":"sql","scheme":"untitled"},{"language":"sql","scheme":"file"},{"language":"sql","scheme":"sqltools"}]
    ns: "lc"
[1745433487561] INFO  (ext): loading plugins...
[1745433487561] INFO  (ext): registering Formatter Plugin.
    plugin: {
      "name": "Formatter Plugin"
    }
[1745433487561] INFO  (ext): registering Connection Manager Plugin.
    plugin: {
      "name": "Connection Manager Plugin"
    }
[1745433487562] INFO  (ext): registering CodeLens Plugin.
    plugin: {
      "name": "CodeLens Plugin",
      "registeredLanguages": []
    }
[1745433487562] INFO  (ext): registering Dependency Manager Plugin.
    plugin: {
      "name": "Dependency Manager Plugin",
      "installingDrivers": []
    }
[1745433487564] INFO  (ext): Connection explorer changed. Will be updated.
    ns: "conn-man:explorer"
[1745433487565] INFO  (ext): registering History Manager Plugin.
    plugin: {
      "name": "History Manager Plugin"
    }
[1745433487565] INFO  (ext): registering Bookmarks Manager Plugin.
    plugin: {
      "name": "Bookmarks Manager Plugin"
    }
[1745433487566] INFO  (ext): registering Authentication Provider Plugin.
    plugin: {
      "name": "Authentication Provider Plugin",
      "isRegistered": false
    }
[1745433487566] INFO  (ext): registering Object Drop-in Provider (plugin).
    plugin: {
      "type": "plugin",
      "name": "Object Drop-in Provider",
      "isRegistered": false
    }
[1745433487567] INFO  (ext): SQLTools activation completed. 13.291765 ms
[1745433487567] INFO  (ext): Formatter Plugin registered!
[1745433487567] INFO  (ext): CodeLens Plugin registered!
[1745433487567] INFO  (ext): Dependency Manager Plugin registered!
[1745433487567] INFO  (ext): Connection Manager Plugin registered!
[1745433487567] INFO  (ext): History Manager Plugin registered!
[1745433487567] INFO  (ext): Bookmarks Manager Plugin registered!
[1745433487568] INFO  (ext): Authentication Provider Plugin registered!
[1745433487568] INFO  (ext): Object Drop-in Provider (plugin) registered!
[1745433487655] INFO  (ext): Connection explorer changed. Will be updated.
    ns: "conn-man:explorer"
[1745433487712] INFO  (ls): SQLTools Server started!
===============================
Using node runtime?: no
ExecPath: /usr/lib/electron34/electron 
===============================
[1745433487752] INFO  (ext): LanguageClient ready
    ns: "lc"
[1745433487751] INFO  (ls): Initialized with node version:v20.19.0
[1745433488568] INFO  (ext): EXECUTING COMMAND => sqltools.refreshTree
[1745433488568] INFO  (ext): Connection explorer changed. Will be updated.
    ns: "conn-man:explorer"
[1745433489565] INFO  (ext): Connection explorer changed. Will be updated.
    ns: "conn-man:explorer"
