    OpenRGB v0.8
    Commit:  from 
    Launched: 20230206_211136
====================================================================================================

1002  |Info:    ------------------------------------------------------
1002  |Info:    |               Start device detection               |
1002  |Info:    ------------------------------------------------------
1002  |Info:    Initializing HID interfaces: Success
1009  |Info:    ------------------------------------------------------
1009  |Info:    |             Detecting I2C interfaces               |
1009  |Info:    ------------------------------------------------------
1013  |Info:    Registering I2C interface: /dev/i2c-3 Device 10DE:1F08 Subsystem: 10DE:12FB
1014  |Info:    Registering I2C interface: /dev/i2c-1 Device 10DE:1F08 Subsystem: 10DE:12FB
1014  |Info:    Registering I2C interface: /dev/i2c-6 Device 10DE:1F08 Subsystem: 10DE:12FB
1014  |Info:    Registering I2C interface: /dev/i2c-4 Device 10DE:1F08 Subsystem: 10DE:12FB
1014  |Info:    Registering I2C interface: /dev/i2c-2 Device 10DE:1F08 Subsystem: 10DE:12FB
1014  |Info:    Registering I2C interface: /dev/i2c-0 Device 10DE:1ADB Subsystem: 10DE:12FB
1014  |Info:    Registering I2C interface: /dev/i2c-7 Device 10DE:1F08 Subsystem: 10DE:12FB
1014  |Info:    Registering I2C interface: /dev/i2c-5 Device 10DE:1F08 Subsystem: 10DE:12FB
1014  |Info:    ------------------------------------------------------
1014  |Info:    |               Detecting I2C devices                |
1014  |Info:    ------------------------------------------------------
1015  |Info:    ------------------------------------------------------
1015  |Info:    |               Detecting I2C PCI devices            |
1015  |Info:    ------------------------------------------------------
1016  |Info:    ------------------------------------------------------
1016  |Info:    |               Detecting HID devices                |
1016  |Info:    ------------------------------------------------------
1016  |Info:    ------------------------------------------------------
1016  |Info:    |              Detecting other devices               |
1016  |Info:    ------------------------------------------------------
1025  |Info:    ------------------------------------------------------
1025  |Info:    |                Detection completed                 |
1025  |Info:    ------------------------------------------------------
