    OpenRGB v0.8
    Commit:  from 
    Launched: 20230206_212007
====================================================================================================

1003  |Info:    ------------------------------------------------------
1003  |Info:    |               Start device detection               |
1003  |Info:    ------------------------------------------------------
1003  |Info:    Initializing HID interfaces: Success
1012  |Info:    ------------------------------------------------------
1012  |Info:    |             Detecting I2C interfaces               |
1012  |Info:    ------------------------------------------------------
1012  |Info:    Registering I2C interface: /dev/i2c-3 Device 1022:790B Subsystem: 1458:5001
1013  |Info:    Registering I2C interface: /dev/i2c-10 Device 10DE:1F08 Subsystem: 10DE:12FB
1013  |Info:    Registering I2C interface: /dev/i2c-1 Device 1022:790B Subsystem: 1458:5001
1013  |Info:    Registering I2C interface: /dev/i2c-8 Device 10DE:1F08 Subsystem: 10DE:12FB
1014  |Info:    Registering I2C interface: /dev/i2c-6 Device 10DE:1F08 Subsystem: 10DE:12FB
1014  |Info:    Registering I2C interface: /dev/i2c-4 Device 10DE:1F08 Subsystem: 10DE:12FB
1014  |Info:    Registering I2C interface: /dev/i2c-2 Device 1022:790B Subsystem: 1458:5001
1014  |Info:    Registering I2C interface: /dev/i2c-0 Device 10DE:1ADB Subsystem: 10DE:12FB
1015  |Info:    Registering I2C interface: /dev/i2c-9 Device 10DE:1F08 Subsystem: 10DE:12FB
1015  |Info:    Registering I2C interface: /dev/i2c-7 Device 10DE:1F08 Subsystem: 10DE:12FB
1015  |Info:    Registering I2C interface: /dev/i2c-5 Device 10DE:1F08 Subsystem: 10DE:12FB
1015  |Info:    ------------------------------------------------------
1015  |Info:    |               Detecting I2C devices                |
1016  |Info:    ------------------------------------------------------
1036  |Info:    [B450 I AORUS PRO WIFI-CF] Registering RGB controller
1802  |Info:    ------------------------------------------------------
1802  |Info:    |               Detecting I2C PCI devices            |
1802  |Info:    ------------------------------------------------------
1803  |Info:    ------------------------------------------------------
1803  |Info:    |               Detecting HID devices                |
1803  |Info:    ------------------------------------------------------
1803  |Info:    ------------------------------------------------------
1803  |Info:    |              Detecting other devices               |
1803  |Info:    ------------------------------------------------------
1810  |Info:    ------------------------------------------------------
1810  |Info:    |                Detection completed                 |
1810  |Info:    ------------------------------------------------------
