    OpenRGB v0.8
    Commit:  from 
    Launched: 20230206_210837
====================================================================================================

1002  |Info:    ------------------------------------------------------
1002  |Info:    |               Start device detection               |
1002  |Info:    ------------------------------------------------------
1002  |Info:    Initializing HID interfaces: Success
1005  |Info:    ------------------------------------------------------
1005  |Info:    |             Detecting I2C interfaces               |
1005  |Info:    ------------------------------------------------------
1006  |Info:    Registering I2C interface: /dev/i2c-3 Device 10DE:1F08 Subsystem: 10DE:12FB
1006  |Info:    Registering I2C interface: /dev/i2c-1 Device 10DE:1F08 Subsystem: 10DE:12FB
1006  |Info:    Registering I2C interface: /dev/i2c-6 Device 10DE:1F08 Subsystem: 10DE:12FB
1006  |Info:    Registering I2C interface: /dev/i2c-4 Device 10DE:1F08 Subsystem: 10DE:12FB
1006  |Info:    Registering I2C interface: /dev/i2c-2 Device 10DE:1F08 Subsystem: 10DE:12FB
1007  |Info:    Registering I2C interface: /dev/i2c-0 Device 10DE:1ADB Subsystem: 10DE:12FB
1007  |Info:    Registering I2C interface: /dev/i2c-7 Device 10DE:1F08 Subsystem: 10DE:12FB
1007  |Info:    Registering I2C interface: /dev/i2c-5 Device 10DE:1F08 Subsystem: 10DE:12FB
1007  |Info:    ------------------------------------------------------
1007  |Info:    |               Detecting I2C devices                |
1007  |Info:    ------------------------------------------------------
1007  |Info:    ------------------------------------------------------
1007  |Info:    |               Detecting I2C PCI devices            |
1007  |Info:    ------------------------------------------------------
1008  |Info:    ------------------------------------------------------
1008  |Info:    |               Detecting HID devices                |
1008  |Info:    ------------------------------------------------------
1008  |Info:    ------------------------------------------------------
1008  |Info:    |              Detecting other devices               |
1008  |Info:    ------------------------------------------------------
1020  |Info:    ------------------------------------------------------
1020  |Info:    |                Detection completed                 |
1020  |Info:    ------------------------------------------------------
14764 |Info:    ------------------------------------------------------
14765 |Info:    |               Start device detection               |
14765 |Info:    ------------------------------------------------------
14765 |Info:    Initializing HID interfaces: Success
14775 |Info:    ------------------------------------------------------
14775 |Info:    |             Detecting I2C interfaces               |
14775 |Info:    ------------------------------------------------------
14776 |Info:    Registering I2C interface: /dev/i2c-3 Device 10DE:1F08 Subsystem: 10DE:12FB
14776 |Info:    Registering I2C interface: /dev/i2c-1 Device 10DE:1F08 Subsystem: 10DE:12FB
14776 |Info:    Registering I2C interface: /dev/i2c-6 Device 10DE:1F08 Subsystem: 10DE:12FB
14777 |Info:    Registering I2C interface: /dev/i2c-4 Device 10DE:1F08 Subsystem: 10DE:12FB
14777 |Info:    Registering I2C interface: /dev/i2c-2 Device 10DE:1F08 Subsystem: 10DE:12FB
14777 |Info:    Registering I2C interface: /dev/i2c-0 Device 10DE:1ADB Subsystem: 10DE:12FB
14778 |Info:    Registering I2C interface: /dev/i2c-7 Device 10DE:1F08 Subsystem: 10DE:12FB
14778 |Info:    Registering I2C interface: /dev/i2c-5 Device 10DE:1F08 Subsystem: 10DE:12FB
14778 |Info:    ------------------------------------------------------
14778 |Info:    |               Detecting I2C devices                |
14778 |Info:    ------------------------------------------------------
14778 |Info:    ------------------------------------------------------
14778 |Info:    |               Detecting I2C PCI devices            |
14778 |Info:    ------------------------------------------------------
14781 |Info:    ------------------------------------------------------
14781 |Info:    |               Detecting HID devices                |
14781 |Info:    ------------------------------------------------------
14781 |Info:    ------------------------------------------------------
14781 |Info:    |              Detecting other devices               |
14781 |Info:    ------------------------------------------------------
14784 |Info:    ------------------------------------------------------
14784 |Info:    |                Detection completed                 |
14784 |Info:    ------------------------------------------------------
15429 |Info:    ------------------------------------------------------
15429 |Info:    |               Start device detection               |
15429 |Info:    ------------------------------------------------------
15429 |Info:    Initializing HID interfaces: Success
15439 |Info:    ------------------------------------------------------
15439 |Info:    |             Detecting I2C interfaces               |
15439 |Info:    ------------------------------------------------------
15440 |Info:    Registering I2C interface: /dev/i2c-3 Device 10DE:1F08 Subsystem: 10DE:12FB
15440 |Info:    Registering I2C interface: /dev/i2c-1 Device 10DE:1F08 Subsystem: 10DE:12FB
15440 |Info:    Registering I2C interface: /dev/i2c-6 Device 10DE:1F08 Subsystem: 10DE:12FB
15441 |Info:    Registering I2C interface: /dev/i2c-4 Device 10DE:1F08 Subsystem: 10DE:12FB
15441 |Info:    Registering I2C interface: /dev/i2c-2 Device 10DE:1F08 Subsystem: 10DE:12FB
15441 |Info:    Registering I2C interface: /dev/i2c-0 Device 10DE:1ADB Subsystem: 10DE:12FB
15441 |Info:    Registering I2C interface: /dev/i2c-7 Device 10DE:1F08 Subsystem: 10DE:12FB
15441 |Info:    Registering I2C interface: /dev/i2c-5 Device 10DE:1F08 Subsystem: 10DE:12FB
15441 |Info:    ------------------------------------------------------
15441 |Info:    |               Detecting I2C devices                |
15441 |Info:    ------------------------------------------------------
15442 |Info:    ------------------------------------------------------
15442 |Info:    |               Detecting I2C PCI devices            |
15442 |Info:    ------------------------------------------------------
15445 |Info:    ------------------------------------------------------
15445 |Info:    |               Detecting HID devices                |
15445 |Info:    ------------------------------------------------------
15445 |Info:    ------------------------------------------------------
15445 |Info:    |              Detecting other devices               |
15445 |Info:    ------------------------------------------------------
15447 |Info:    ------------------------------------------------------
15447 |Info:    |                Detection completed                 |
15447 |Info:    ------------------------------------------------------
15834 |Info:    ------------------------------------------------------
15834 |Info:    |               Start device detection               |
15834 |Info:    ------------------------------------------------------
15834 |Info:    Initializing HID interfaces: Success
15838 |Info:    ------------------------------------------------------
15838 |Info:    |             Detecting I2C interfaces               |
15838 |Info:    ------------------------------------------------------
15838 |Info:    Registering I2C interface: /dev/i2c-3 Device 10DE:1F08 Subsystem: 10DE:12FB
15838 |Info:    Registering I2C interface: /dev/i2c-1 Device 10DE:1F08 Subsystem: 10DE:12FB
15838 |Info:    Registering I2C interface: /dev/i2c-6 Device 10DE:1F08 Subsystem: 10DE:12FB
15839 |Info:    Registering I2C interface: /dev/i2c-4 Device 10DE:1F08 Subsystem: 10DE:12FB
15839 |Info:    Registering I2C interface: /dev/i2c-2 Device 10DE:1F08 Subsystem: 10DE:12FB
15839 |Info:    Registering I2C interface: /dev/i2c-0 Device 10DE:1ADB Subsystem: 10DE:12FB
15839 |Info:    Registering I2C interface: /dev/i2c-7 Device 10DE:1F08 Subsystem: 10DE:12FB
15839 |Info:    Registering I2C interface: /dev/i2c-5 Device 10DE:1F08 Subsystem: 10DE:12FB
15839 |Info:    ------------------------------------------------------
15839 |Info:    |               Detecting I2C devices                |
15839 |Info:    ------------------------------------------------------
15840 |Info:    ------------------------------------------------------
15840 |Info:    |               Detecting I2C PCI devices            |
15840 |Info:    ------------------------------------------------------
15841 |Info:    ------------------------------------------------------
15841 |Info:    |               Detecting HID devices                |
15841 |Info:    ------------------------------------------------------
15841 |Info:    ------------------------------------------------------
15841 |Info:    |              Detecting other devices               |
15841 |Info:    ------------------------------------------------------
15842 |Info:    ------------------------------------------------------
15842 |Info:    |                Detection completed                 |
15842 |Info:    ------------------------------------------------------
16294 |Info:    ------------------------------------------------------
16294 |Info:    |               Start device detection               |
16294 |Info:    ------------------------------------------------------
16294 |Info:    Initializing HID interfaces: Success
16298 |Info:    ------------------------------------------------------
16298 |Info:    |             Detecting I2C interfaces               |
16298 |Info:    ------------------------------------------------------
16298 |Info:    Registering I2C interface: /dev/i2c-3 Device 10DE:1F08 Subsystem: 10DE:12FB
16298 |Info:    Registering I2C interface: /dev/i2c-1 Device 10DE:1F08 Subsystem: 10DE:12FB
16298 |Info:    Registering I2C interface: /dev/i2c-6 Device 10DE:1F08 Subsystem: 10DE:12FB
16298 |Info:    Registering I2C interface: /dev/i2c-4 Device 10DE:1F08 Subsystem: 10DE:12FB
16340 |Info:    Registering I2C interface: /dev/i2c-2 Device 10DE:1F08 Subsystem: 10DE:12FB
16340 |Info:    Registering I2C interface: /dev/i2c-0 Device 10DE:1ADB Subsystem: 10DE:12FB
16340 |Info:    Registering I2C interface: /dev/i2c-7 Device 10DE:1F08 Subsystem: 10DE:12FB
16340 |Info:    Registering I2C interface: /dev/i2c-5 Device 10DE:1F08 Subsystem: 10DE:12FB
16340 |Info:    ------------------------------------------------------
16340 |Info:    |               Detecting I2C devices                |
16340 |Info:    ------------------------------------------------------
16340 |Info:    ------------------------------------------------------
16340 |Info:    |               Detecting I2C PCI devices            |
16340 |Info:    ------------------------------------------------------
16342 |Info:    ------------------------------------------------------
16342 |Info:    |               Detecting HID devices                |
16342 |Info:    ------------------------------------------------------
16342 |Info:    ------------------------------------------------------
16342 |Info:    |              Detecting other devices               |
16342 |Info:    ------------------------------------------------------
16343 |Info:    ------------------------------------------------------
16343 |Info:    |                Detection completed                 |
16343 |Info:    ------------------------------------------------------
17592 |Info:    ------------------------------------------------------
17592 |Info:    |               Start device detection               |
17592 |Info:    ------------------------------------------------------
17592 |Info:    Initializing HID interfaces: Success
17596 |Info:    ------------------------------------------------------
17596 |Info:    |             Detecting I2C interfaces               |
17596 |Info:    ------------------------------------------------------
17596 |Info:    Registering I2C interface: /dev/i2c-3 Device 10DE:1F08 Subsystem: 10DE:12FB
17596 |Info:    Registering I2C interface: /dev/i2c-1 Device 10DE:1F08 Subsystem: 10DE:12FB
17596 |Info:    Registering I2C interface: /dev/i2c-6 Device 10DE:1F08 Subsystem: 10DE:12FB
17597 |Info:    Registering I2C interface: /dev/i2c-4 Device 10DE:1F08 Subsystem: 10DE:12FB
17597 |Info:    Registering I2C interface: /dev/i2c-2 Device 10DE:1F08 Subsystem: 10DE:12FB
17597 |Info:    Registering I2C interface: /dev/i2c-0 Device 10DE:1ADB Subsystem: 10DE:12FB
17597 |Info:    Registering I2C interface: /dev/i2c-7 Device 10DE:1F08 Subsystem: 10DE:12FB
17597 |Info:    Registering I2C interface: /dev/i2c-5 Device 10DE:1F08 Subsystem: 10DE:12FB
17597 |Info:    ------------------------------------------------------
17597 |Info:    |               Detecting I2C devices                |
17597 |Info:    ------------------------------------------------------
17597 |Info:    ------------------------------------------------------
17597 |Info:    |               Detecting I2C PCI devices            |
17597 |Info:    ------------------------------------------------------
17599 |Info:    ------------------------------------------------------
17599 |Info:    |               Detecting HID devices                |
17599 |Info:    ------------------------------------------------------
17599 |Info:    ------------------------------------------------------
17599 |Info:    |              Detecting other devices               |
17599 |Info:    ------------------------------------------------------
17599 |Info:    ------------------------------------------------------
17599 |Info:    |                Detection completed                 |
17599 |Info:    ------------------------------------------------------
17768 |Info:    ------------------------------------------------------
17768 |Info:    |               Start device detection               |
17768 |Info:    ------------------------------------------------------
17768 |Info:    Initializing HID interfaces: Success
17777 |Info:    ------------------------------------------------------
17777 |Info:    |             Detecting I2C interfaces               |
17777 |Info:    ------------------------------------------------------
17777 |Info:    Registering I2C interface: /dev/i2c-3 Device 10DE:1F08 Subsystem: 10DE:12FB
17777 |Info:    Registering I2C interface: /dev/i2c-1 Device 10DE:1F08 Subsystem: 10DE:12FB
17777 |Info:    Registering I2C interface: /dev/i2c-6 Device 10DE:1F08 Subsystem: 10DE:12FB
17778 |Info:    Registering I2C interface: /dev/i2c-4 Device 10DE:1F08 Subsystem: 10DE:12FB
17778 |Info:    Registering I2C interface: /dev/i2c-2 Device 10DE:1F08 Subsystem: 10DE:12FB
17778 |Info:    Registering I2C interface: /dev/i2c-0 Device 10DE:1ADB Subsystem: 10DE:12FB
17778 |Info:    Registering I2C interface: /dev/i2c-7 Device 10DE:1F08 Subsystem: 10DE:12FB
17779 |Info:    Registering I2C interface: /dev/i2c-5 Device 10DE:1F08 Subsystem: 10DE:12FB
17779 |Info:    ------------------------------------------------------
17779 |Info:    |               Detecting I2C devices                |
17779 |Info:    ------------------------------------------------------
17779 |Info:    ------------------------------------------------------
17779 |Info:    |               Detecting I2C PCI devices            |
17779 |Info:    ------------------------------------------------------
17781 |Info:    ------------------------------------------------------
17781 |Info:    |               Detecting HID devices                |
17781 |Info:    ------------------------------------------------------
17782 |Info:    ------------------------------------------------------
17782 |Info:    |              Detecting other devices               |
17782 |Info:    ------------------------------------------------------
17783 |Info:    ------------------------------------------------------
17783 |Info:    |                Detection completed                 |
17783 |Info:    ------------------------------------------------------
17946 |Info:    ------------------------------------------------------
17946 |Info:    |               Start device detection               |
17946 |Info:    ------------------------------------------------------
17947 |Info:    Initializing HID interfaces: Success
17956 |Info:    ------------------------------------------------------
17956 |Info:    |             Detecting I2C interfaces               |
17956 |Info:    ------------------------------------------------------
17957 |Info:    Registering I2C interface: /dev/i2c-3 Device 10DE:1F08 Subsystem: 10DE:12FB
17957 |Info:    Registering I2C interface: /dev/i2c-1 Device 10DE:1F08 Subsystem: 10DE:12FB
17957 |Info:    Registering I2C interface: /dev/i2c-6 Device 10DE:1F08 Subsystem: 10DE:12FB
17958 |Info:    Registering I2C interface: /dev/i2c-4 Device 10DE:1F08 Subsystem: 10DE:12FB
17958 |Info:    Registering I2C interface: /dev/i2c-2 Device 10DE:1F08 Subsystem: 10DE:12FB
17958 |Info:    Registering I2C interface: /dev/i2c-0 Device 10DE:1ADB Subsystem: 10DE:12FB
17959 |Info:    Registering I2C interface: /dev/i2c-7 Device 10DE:1F08 Subsystem: 10DE:12FB
17959 |Info:    Registering I2C interface: /dev/i2c-5 Device 10DE:1F08 Subsystem: 10DE:12FB
17959 |Info:    ------------------------------------------------------
17959 |Info:    |               Detecting I2C devices                |
17959 |Info:    ------------------------------------------------------
17959 |Info:    ------------------------------------------------------
17959 |Info:    |               Detecting I2C PCI devices            |
17959 |Info:    ------------------------------------------------------
17963 |Info:    ------------------------------------------------------
17963 |Info:    |               Detecting HID devices                |
17963 |Info:    ------------------------------------------------------
17963 |Info:    ------------------------------------------------------
17963 |Info:    |              Detecting other devices               |
17963 |Info:    ------------------------------------------------------
17966 |Info:    ------------------------------------------------------
17966 |Info:    |                Detection completed                 |
17966 |Info:    ------------------------------------------------------
