    OpenRGB v0.8
    Commit:  from 
    Launched: 20230206_211523
====================================================================================================

1010  |Info:    ------------------------------------------------------
1010  |Info:    |               Start device detection               |
1010  |Info:    ------------------------------------------------------
1010  |Info:    Initializing HID interfaces: Success
1016  |Info:    ------------------------------------------------------
1016  |Info:    |             Detecting I2C interfaces               |
1016  |Info:    ------------------------------------------------------
1017  |Info:    Registering I2C interface: /dev/i2c-3 Device 1022:790B Subsystem: 1458:5001
1017  |Info:    Registering I2C interface: /dev/i2c-10 Device 10DE:1F08 Subsystem: 10DE:12FB
1017  |Info:    Registering I2C interface: /dev/i2c-1 Device 1022:790B Subsystem: 1458:5001
1017  |Info:    Registering I2C interface: /dev/i2c-8 Device 10DE:1F08 Subsystem: 10DE:12FB
1017  |Info:    Registering I2C interface: /dev/i2c-6 Device 10DE:1F08 Subsystem: 10DE:12FB
1017  |Info:    Registering I2C interface: /dev/i2c-4 Device 10DE:1F08 Subsystem: 10DE:12FB
1018  |Info:    Registering I2C interface: /dev/i2c-2 Device 1022:790B Subsystem: 1458:5001
1018  |Info:    Registering I2C interface: /dev/i2c-0 Device 10DE:1ADB Subsystem: 10DE:12FB
1018  |Info:    Registering I2C interface: /dev/i2c-9 Device 10DE:1F08 Subsystem: 10DE:12FB
1018  |Info:    Registering I2C interface: /dev/i2c-7 Device 10DE:1F08 Subsystem: 10DE:12FB
1018  |Info:    Registering I2C interface: /dev/i2c-5 Device 10DE:1F08 Subsystem: 10DE:12FB
1018  |Info:    ------------------------------------------------------
1018  |Info:    |               Detecting I2C devices                |
1018  |Info:    ------------------------------------------------------
1030  |Info:    [B450 I AORUS PRO WIFI-CF] Registering RGB controller
1799  |Info:    ------------------------------------------------------
1799  |Info:    |               Detecting I2C PCI devices            |
1799  |Info:    ------------------------------------------------------
1801  |Info:    ------------------------------------------------------
1801  |Info:    |               Detecting HID devices                |
1801  |Info:    ------------------------------------------------------
1801  |Info:    ------------------------------------------------------
1801  |Info:    |              Detecting other devices               |
1801  |Info:    ------------------------------------------------------
1817  |Info:    ------------------------------------------------------
1817  |Info:    |                Detection completed                 |
1817  |Info:    ------------------------------------------------------
