    OpenRGB v0.8
    Commit:  from 
    Launched: 20230206_210323
====================================================================================================

1003  |Info:    Saving detector settings
1004  |Info:    ------------------------------------------------------
1004  |Info:    |               Start device detection               |
1004  |Info:    ------------------------------------------------------
1004  |Info:    Initializing HID interfaces: Success
1009  |Info:    ------------------------------------------------------
1009  |Info:    |             Detecting I2C interfaces               |
1009  |Info:    ------------------------------------------------------
1009  |Info:    Registering I2C interface: /dev/i2c-3 Device 10DE:1F08 Subsystem: 10DE:12FB
1009  |Info:    Registering I2C interface: /dev/i2c-6 Device 10DE:1F08 Subsystem: 10DE:12FB
1010  |Info:    Registering I2C interface: /dev/i2c-2 Device 10DE:1F08 Subsystem: 10DE:12FB
1010  |Info:    Registering I2C interface: /dev/i2c-7 Device 10DE:1F08 Subsystem: 10DE:12FB
1010  |Info:    Registering I2C interface: /dev/i2c-5 Device 10DE:1F08 Subsystem: 10DE:12FB
1010  |Info:    ------------------------------------------------------
1010  |Info:    |               Detecting I2C devices                |
1010  |Info:    ------------------------------------------------------
1011  |Info:    ------------------------------------------------------
1011  |Info:    |               Detecting I2C PCI devices            |
1011  |Info:    ------------------------------------------------------
1012  |Info:    ------------------------------------------------------
1012  |Info:    |               Detecting HID devices                |
1012  |Info:    ------------------------------------------------------
1012  |Info:    ------------------------------------------------------
1012  |Info:    |              Detecting other devices               |
1012  |Info:    ------------------------------------------------------
1022  |Info:    ------------------------------------------------------
1022  |Info:    |                Detection completed                 |
1022  |Info:    ------------------------------------------------------
1022  |Dialog:  <h2>WARNING:</h2><p>One or more I2C/SMBus interfaces failed to initialize.</p><p>RGB DRAM modules and some motherboards' onboard RGB lighting will not be available without I2C/SMBus.</p><p>On Linux, this is usually because the i2c-dev module is not loaded.  You must load the i2c-dev module along with the correct i2c driver for your motherboard.  This is usually i2c-piix4 for AMD systems and i2c-i801 for Intel systems.</p><p>See <a href='https://help.openrgb.org/'>help.openrgb.org</a> for additional troubleshooting steps if you keep seeing this message.<br></p>
4328  |Info:    ------------------------------------------------------
4328  |Info:    |               Start device detection               |
4328  |Info:    ------------------------------------------------------
4328  |Info:    Initializing HID interfaces: Success
4333  |Info:    ------------------------------------------------------
4333  |Info:    |             Detecting I2C interfaces               |
4333  |Info:    ------------------------------------------------------
4334  |Info:    Registering I2C interface: /dev/i2c-3 Device 10DE:1F08 Subsystem: 10DE:12FB
4334  |Info:    Registering I2C interface: /dev/i2c-6 Device 10DE:1F08 Subsystem: 10DE:12FB
4334  |Info:    Registering I2C interface: /dev/i2c-2 Device 10DE:1F08 Subsystem: 10DE:12FB
4334  |Info:    Registering I2C interface: /dev/i2c-7 Device 10DE:1F08 Subsystem: 10DE:12FB
4334  |Info:    Registering I2C interface: /dev/i2c-5 Device 10DE:1F08 Subsystem: 10DE:12FB
4334  |Info:    ------------------------------------------------------
4334  |Info:    |               Detecting I2C devices                |
4334  |Info:    ------------------------------------------------------
4334  |Info:    ------------------------------------------------------
4334  |Info:    |               Detecting I2C PCI devices            |
4334  |Info:    ------------------------------------------------------
4336  |Info:    ------------------------------------------------------
4336  |Info:    |               Detecting HID devices                |
4336  |Info:    ------------------------------------------------------
4336  |Info:    ------------------------------------------------------
4336  |Info:    |              Detecting other devices               |
4336  |Info:    ------------------------------------------------------
4337  |Info:    ------------------------------------------------------
4337  |Info:    |                Detection completed                 |
4337  |Info:    ------------------------------------------------------
4337  |Dialog:  <h2>WARNING:</h2><p>One or more I2C/SMBus interfaces failed to initialize.</p><p>RGB DRAM modules and some motherboards' onboard RGB lighting will not be available without I2C/SMBus.</p><p>On Linux, this is usually because the i2c-dev module is not loaded.  You must load the i2c-dev module along with the correct i2c driver for your motherboard.  This is usually i2c-piix4 for AMD systems and i2c-i801 for Intel systems.</p><p>See <a href='https://help.openrgb.org/'>help.openrgb.org</a> for additional troubleshooting steps if you keep seeing this message.<br></p>
301431|Info:    ------------------------------------------------------
301431|Info:    |               Start device detection               |
301431|Info:    ------------------------------------------------------
301431|Info:    Initializing HID interfaces: Success
301440|Info:    ------------------------------------------------------
301440|Info:    |             Detecting I2C interfaces               |
301440|Info:    ------------------------------------------------------
301440|Info:    Registering I2C interface: /dev/i2c-3 Device 10DE:1F08 Subsystem: 10DE:12FB
301440|Info:    Registering I2C interface: /dev/i2c-1 Device 10DE:1F08 Subsystem: 10DE:12FB
301440|Info:    Registering I2C interface: /dev/i2c-6 Device 10DE:1F08 Subsystem: 10DE:12FB
301441|Info:    Registering I2C interface: /dev/i2c-4 Device 10DE:1F08 Subsystem: 10DE:12FB
301441|Info:    Registering I2C interface: /dev/i2c-2 Device 10DE:1F08 Subsystem: 10DE:12FB
301441|Info:    Registering I2C interface: /dev/i2c-0 Device 10DE:1ADB Subsystem: 10DE:12FB
301442|Info:    Registering I2C interface: /dev/i2c-7 Device 10DE:1F08 Subsystem: 10DE:12FB
301442|Info:    Registering I2C interface: /dev/i2c-5 Device 10DE:1F08 Subsystem: 10DE:12FB
301442|Info:    ------------------------------------------------------
301442|Info:    |               Detecting I2C devices                |
301442|Info:    ------------------------------------------------------
301442|Info:    ------------------------------------------------------
301442|Info:    |               Detecting I2C PCI devices            |
301442|Info:    ------------------------------------------------------
301444|Info:    ------------------------------------------------------
301444|Info:    |               Detecting HID devices                |
301444|Info:    ------------------------------------------------------
301444|Info:    ------------------------------------------------------
301444|Info:    |              Detecting other devices               |
301444|Info:    ------------------------------------------------------
301445|Info:    ------------------------------------------------------
301445|Info:    |                Detection completed                 |
301445|Info:    ------------------------------------------------------
306341|Info:    ------------------------------------------------------
306341|Info:    |               Start device detection               |
306341|Info:    ------------------------------------------------------
306342|Info:    Initializing HID interfaces: Success
306350|Info:    ------------------------------------------------------
306350|Info:    |             Detecting I2C interfaces               |
306350|Info:    ------------------------------------------------------
306351|Info:    Registering I2C interface: /dev/i2c-3 Device 10DE:1F08 Subsystem: 10DE:12FB
306351|Info:    Registering I2C interface: /dev/i2c-1 Device 10DE:1F08 Subsystem: 10DE:12FB
306351|Info:    Registering I2C interface: /dev/i2c-6 Device 10DE:1F08 Subsystem: 10DE:12FB
306352|Info:    Registering I2C interface: /dev/i2c-4 Device 10DE:1F08 Subsystem: 10DE:12FB
306352|Info:    Registering I2C interface: /dev/i2c-2 Device 10DE:1F08 Subsystem: 10DE:12FB
306352|Info:    Registering I2C interface: /dev/i2c-0 Device 10DE:1ADB Subsystem: 10DE:12FB
306352|Info:    Registering I2C interface: /dev/i2c-7 Device 10DE:1F08 Subsystem: 10DE:12FB
306352|Info:    Registering I2C interface: /dev/i2c-5 Device 10DE:1F08 Subsystem: 10DE:12FB
306352|Info:    ------------------------------------------------------
306352|Info:    |               Detecting I2C devices                |
306352|Info:    ------------------------------------------------------
306352|Info:    ------------------------------------------------------
306352|Info:    |               Detecting I2C PCI devices            |
306352|Info:    ------------------------------------------------------
306354|Info:    ------------------------------------------------------
306354|Info:    |               Detecting HID devices                |
306354|Info:    ------------------------------------------------------
306354|Info:    ------------------------------------------------------
306354|Info:    |              Detecting other devices               |
306354|Info:    ------------------------------------------------------
306355|Info:    ------------------------------------------------------
306355|Info:    |                Detection completed                 |
306355|Info:    ------------------------------------------------------
307136|Info:    ------------------------------------------------------
307136|Info:    |               Start device detection               |
307136|Info:    ------------------------------------------------------
307137|Info:    Initializing HID interfaces: Success
307146|Info:    ------------------------------------------------------
307146|Info:    |             Detecting I2C interfaces               |
307146|Info:    ------------------------------------------------------
307146|Info:    Registering I2C interface: /dev/i2c-3 Device 10DE:1F08 Subsystem: 10DE:12FB
307147|Info:    Registering I2C interface: /dev/i2c-1 Device 10DE:1F08 Subsystem: 10DE:12FB
307147|Info:    Registering I2C interface: /dev/i2c-6 Device 10DE:1F08 Subsystem: 10DE:12FB
307147|Info:    Registering I2C interface: /dev/i2c-4 Device 10DE:1F08 Subsystem: 10DE:12FB
307147|Info:    Registering I2C interface: /dev/i2c-2 Device 10DE:1F08 Subsystem: 10DE:12FB
307148|Info:    Registering I2C interface: /dev/i2c-0 Device 10DE:1ADB Subsystem: 10DE:12FB
307148|Info:    Registering I2C interface: /dev/i2c-7 Device 10DE:1F08 Subsystem: 10DE:12FB
307149|Info:    Registering I2C interface: /dev/i2c-5 Device 10DE:1F08 Subsystem: 10DE:12FB
307149|Info:    ------------------------------------------------------
307149|Info:    |               Detecting I2C devices                |
307149|Info:    ------------------------------------------------------
307149|Info:    ------------------------------------------------------
307149|Info:    |               Detecting I2C PCI devices            |
307149|Info:    ------------------------------------------------------
307152|Info:    ------------------------------------------------------
307152|Info:    |               Detecting HID devices                |
307152|Info:    ------------------------------------------------------
307152|Info:    ------------------------------------------------------
307152|Info:    |              Detecting other devices               |
307152|Info:    ------------------------------------------------------
307154|Info:    ------------------------------------------------------
307154|Info:    |                Detection completed                 |
307154|Info:    ------------------------------------------------------
