[1746298101998] INFO  (ext): SQLTools is starting
[1746298102000] INFO  (ext): initializing language client...
[1746298102001] INFO  (ext): Registering client for languages [{"scheme":"sqltools"},{"language":"sql","scheme":"untitled"},{"language":"sql","scheme":"file"},{"language":"sql","scheme":"sqltools"}]
    ns: "lc"
[1746298102006] INFO  (ext): loading plugins...
[1746298102006] INFO  (ext): registering Formatter Plugin.
    plugin: {
      "name": "Formatter Plugin"
    }
[1746298102007] INFO  (ext): registering Connection Manager Plugin.
    plugin: {
      "name": "Connection Manager Plugin"
    }
[1746298102007] INFO  (ext): registering CodeLens Plugin.
    plugin: {
      "name": "CodeLens Plugin",
      "registeredLanguages": []
    }
[1746298102008] INFO  (ext): registering Dependency Manager Plugin.
    plugin: {
      "name": "Dependency Manager Plugin",
      "installingDrivers": []
    }
[1746298102011] INFO  (ext): Connection explorer changed. Will be updated.
    ns: "conn-man:explorer"
[1746298102011] INFO  (ext): registering History Manager Plugin.
    plugin: {
      "name": "History Manager Plugin"
    }
[1746298102012] INFO  (ext): registering Bookmarks Manager Plugin.
    plugin: {
      "name": "Bookmarks Manager Plugin"
    }
[1746298102012] INFO  (ext): registering Authentication Provider Plugin.
    plugin: {
      "name": "Authentication Provider Plugin",
      "isRegistered": false
    }
[1746298102013] INFO  (ext): registering Object Drop-in Provider (plugin).
    plugin: {
      "type": "plugin",
      "name": "Object Drop-in Provider",
      "isRegistered": false
    }
[1746298102014] INFO  (ext): SQLTools activation completed. 15.017167 ms
[1746298102014] INFO  (ext): Formatter Plugin registered!
[1746298102014] INFO  (ext): CodeLens Plugin registered!
[1746298102014] INFO  (ext): Dependency Manager Plugin registered!
[1746298102014] INFO  (ext): Connection Manager Plugin registered!
[1746298102014] INFO  (ext): History Manager Plugin registered!
[1746298102014] INFO  (ext): Bookmarks Manager Plugin registered!
[1746298102014] INFO  (ext): Authentication Provider Plugin registered!
[1746298102014] INFO  (ext): Object Drop-in Provider (plugin) registered!
[1746298102096] INFO  (ext): Connection explorer changed. Will be updated.
    ns: "conn-man:explorer"
[1746298102166] INFO  (ls): SQLTools Server started!
===============================
Using node runtime?: no
ExecPath: /usr/lib/electron34/electron 
===============================
[1746298102208] INFO  (ext): LanguageClient ready
    ns: "lc"
[1746298102206] INFO  (ls): Initialized with node version:v20.19.0
[1746298103015] INFO  (ext): EXECUTING COMMAND => sqltools.refreshTree
[1746298103015] INFO  (ext): Connection explorer changed. Will be updated.
    ns: "conn-man:explorer"
[1746298104011] INFO  (ext): Connection explorer changed. Will be updated.
    ns: "conn-man:explorer"
[1746298267824] INFO  (ext): Connection explorer changed. Will be updated.
    ns: "conn-man:explorer"
