[1732657817664] INFO  (ext): SQLTools is starting
[1732657817667] INFO  (ext): initializing language client...
[1732657817670] INFO  (ext): Registering client for languages [{"scheme":"sqltools"},{"language":"sql","scheme":"untitled"},{"language":"sql","scheme":"file"},{"language":"sql","scheme":"sqltools"}]
    ns: "lc"
[1732657817678] INFO  (ext): loading plugins...
[1732657817679] INFO  (ext): registering Formatter Plugin.
    plugin: {
      "name": "Formatter Plugin"
    }
[1732657817679] INFO  (ext): registering Connection Manager Plugin.
    plugin: {
      "name": "Connection Manager Plugin"
    }
[1732657817680] INFO  (ext): registering CodeLens Plugin.
    plugin: {
      "name": "CodeLens Plugin",
      "registeredLanguages": []
    }
[1732657817681] INFO  (ext): registering Dependency Manager Plugin.
    plugin: {
      "name": "Dependency Manager Plugin",
      "installingDrivers": []
    }
[1732657817686] INFO  (ext): Connection explorer changed. Will be updated.
    ns: "conn-man:explorer"
[1732657817686] INFO  (ext): registering History Manager Plugin.
    plugin: {
      "name": "History Manager Plugin"
    }
[1732657817687] INFO  (ext): registering Bookmarks Manager Plugin.
    plugin: {
      "name": "Bookmarks Manager Plugin"
    }
[1732657817690] INFO  (ext): registering Authentication Provider Plugin.
    plugin: {
      "name": "Authentication Provider Plugin",
      "isRegistered": false
    }
[1732657817691] INFO  (ext): registering Object Drop-in Provider (plugin).
    plugin: {
      "type": "plugin",
      "name": "Object Drop-in Provider",
      "isRegistered": false
    }
[1732657817693] INFO  (ext): SQLTools activation completed. 27.736596 ms
[1732657817710] INFO  (ext): Formatter Plugin registered!
[1732657817711] INFO  (ext): CodeLens Plugin registered!
[1732657817711] INFO  (ext): Dependency Manager Plugin registered!
[1732657817711] INFO  (ext): Connection Manager Plugin registered!
[1732657817711] INFO  (ext): History Manager Plugin registered!
[1732657817711] INFO  (ext): Bookmarks Manager Plugin registered!
[1732657817711] INFO  (ext): Authentication Provider Plugin registered!
[1732657817711] INFO  (ext): Object Drop-in Provider (plugin) registered!
[1732657817999] INFO  (ls): SQLTools Server started!
===============================
Using node runtime?: no
ExecPath: /usr/lib/electron32/electron 
===============================
[1732657818016] INFO  (ext): LanguageClient ready
    ns: "lc"
[1732657818012] INFO  (ls): Initialized with node version:v20.18.0
[1732657818713] INFO  (ext): EXECUTING COMMAND => sqltools.refreshTree
[1732657818713] INFO  (ext): Connection explorer changed. Will be updated.
    ns: "conn-man:explorer"
[1732657819687] INFO  (ext): Connection explorer changed. Will be updated.
    ns: "conn-man:explorer"
