[1732657830231] INFO  (ext): SQLTools is starting
[1732657830233] INFO  (ext): initializing language client...
[1732657830235] INFO  (ext): Registering client for languages [{"scheme":"sqltools"},{"language":"sql","scheme":"untitled"},{"language":"sql","scheme":"file"},{"language":"sql","scheme":"sqltools"}]
    ns: "lc"
[1732657830242] INFO  (ext): loading plugins...
[1732657830243] INFO  (ext): registering Formatter Plugin.
    plugin: {
      "name": "Formatter Plugin"
    }
[1732657830243] INFO  (ext): registering Connection Manager Plugin.
    plugin: {
      "name": "Connection Manager Plugin"
    }
[1732657830243] INFO  (ext): registering CodeLens Plugin.
    plugin: {
      "name": "CodeLens Plugin",
      "registeredLanguages": []
    }
[1732657830245] INFO  (ext): registering Dependency Manager Plugin.
    plugin: {
      "name": "Dependency Manager Plugin",
      "installingDrivers": []
    }
[1732657830247] INFO  (ext): Connection explorer changed. Will be updated.
    ns: "conn-man:explorer"
[1732657830247] INFO  (ext): registering History Manager Plugin.
    plugin: {
      "name": "History Manager Plugin"
    }
[1732657830248] INFO  (ext): registering Bookmarks Manager Plugin.
    plugin: {
      "name": "Bookmarks Manager Plugin"
    }
[1732657830249] INFO  (ext): registering Authentication Provider Plugin.
    plugin: {
      "name": "Authentication Provider Plugin",
      "isRegistered": false
    }
[1732657830249] INFO  (ext): registering Object Drop-in Provider (plugin).
    plugin: {
      "type": "plugin",
      "name": "Object Drop-in Provider",
      "isRegistered": false
    }
[1732657830251] INFO  (ext): SQLTools activation completed. 19.101752 ms
[1732657830264] INFO  (ext): Formatter Plugin registered!
[1732657830264] INFO  (ext): CodeLens Plugin registered!
[1732657830265] INFO  (ext): Dependency Manager Plugin registered!
[1732657830265] INFO  (ext): Connection Manager Plugin registered!
[1732657830265] INFO  (ext): History Manager Plugin registered!
[1732657830266] INFO  (ext): Bookmarks Manager Plugin registered!
[1732657830266] INFO  (ext): Authentication Provider Plugin registered!
[1732657830266] INFO  (ext): Object Drop-in Provider (plugin) registered!
[1732657830510] INFO  (ls): SQLTools Server started!
===============================
Using node runtime?: no
ExecPath: /usr/lib/electron32/electron 
===============================
[1732657830564] INFO  (ext): LanguageClient ready
    ns: "lc"
[1732657830562] INFO  (ls): Initialized with node version:v20.18.0
[1732657831267] INFO  (ext): EXECUTING COMMAND => sqltools.refreshTree
[1732657831267] INFO  (ext): Connection explorer changed. Will be updated.
    ns: "conn-man:explorer"
[1732657832248] INFO  (ext): Connection explorer changed. Will be updated.
    ns: "conn-man:explorer"
